#
# There is insufficient memory for the Java Runtime Environment to continue.
# Native memory allocation (mmap) failed to map 130023424 bytes for G1 virtual space
# Possible reasons:
#   The system is out of physical RAM or swap space
#   The process is running with CompressedOops enabled, and the Java Heap may be blocking the growth of the native heap
# Possible solutions:
#   Reduce memory load on the system
#   Increase physical memory or swap space
#   Check if swap backing store is full
#   Decrease Java heap size (-Xmx/-Xms)
#   Decrease number of Java threads
#   Decrease Java thread stack sizes (-Xss)
#   Set larger code cache with -XX:ReservedCodeCacheSize=
#   JVM is running with Unscaled Compressed Oops mode in which the Java heap is
#     placed in the first 4GB address space. The Java Heap base address is the
#     maximum limit for the native heap growth. Please use -XX:HeapBaseMinAddress
#     to set the Java Heap base and to place the Java Heap above 4GB virtual address.
# This output file may be truncated or incomplete.
#
#  Out of Memory Error (os_windows.cpp:3600), pid=1928, tid=21032
#
# JRE version:  (21.0.2+13) (build )
# Java VM: Java HotSpot(TM) 64-Bit Server VM (21.0.2+13-LTS-58, mixed mode, sharing, tiered, compressed oops, compressed class ptrs, g1 gc, windows-amd64)
# No core dump will be written. Minidumps are not enabled by default on client versions of Windows
#

---------------  S U M M A R Y ------------

Command Line: -Dfile.encoding=UTF-8 --module-path=E:\Engineering\4th Semister\Lab\OOP LAB\LAB PROJECT\Project Source code\HotelManagementSystem\build\classes hotelmanagementsystem.dashboard

Host: 12th Gen Intel(R) Core(TM) i5-1240P, 16 cores, 7G,  Windows 11 , 64 bit Build 22621 (10.0.22621.3672)
Time: Fri Jun  7 23:39:00 2024 Bangladesh Standard Time elapsed time: 0.014048 seconds (0d 0h 0m 0s)

---------------  T H R E A D  ---------------

Current thread (0x00000200c8097680):  JavaThread "Unknown thread" [_thread_in_vm, id=21032, stack(0x00000045cd600000,0x00000045cd700000) (1024K)]

Stack: [0x00000045cd600000,0x00000045cd700000]
Native frames: (J=compiled Java code, j=interpreted, Vv=VM code, C=native code)
V  [jvm.dll+0x6cade9]
V  [jvm.dll+0x8569c1]
V  [jvm.dll+0x858d2e]
V  [jvm.dll+0x859413]
V  [jvm.dll+0x280e56]
V  [jvm.dll+0x6c74d5]
V  [jvm.dll+0x6bbeca]
V  [jvm.dll+0x355bca]
V  [jvm.dll+0x35d816]
V  [jvm.dll+0x3ae67e]
V  [jvm.dll+0x3ae928]
V  [jvm.dll+0x3295dc]
V  [jvm.dll+0x32a16b]
V  [jvm.dll+0x81efa9]
V  [jvm.dll+0x3bba01]
V  [jvm.dll+0x807928]
V  [jvm.dll+0x44f50e]
V  [jvm.dll+0x450e11]
C  [jli.dll+0x52a3]
C  [ucrtbase.dll+0x29333]
C  [KERNEL32.DLL+0x1257d]
C  [ntdll.dll+0x5aa48]


---------------  P R O C E S S  ---------------

Threads class SMR info:
_java_thread_list=0x00007ffc4c9bbb88, length=0, elements={
}

Java Threads: ( => current thread )
Total: 0

Other Threads:
  0x00000200c83b9810 WorkerThread "GC Thread#0"                     [id=18864, stack(0x00000045cd700000,0x00000045cd800000) (1024K)]
  0x00000200c83ca840 ConcurrentGCThread "G1 Main Marker"            [id=19588, stack(0x00000045cd800000,0x00000045cd900000) (1024K)]
  0x00000200c83cb340 WorkerThread "G1 Conc#0"                       [id=7680, stack(0x00000045cd900000,0x00000045cda00000) (1024K)]

[error occurred during error reporting (printing all threads), id 0xc0000005, EXCEPTION_ACCESS_VIOLATION (0xc0000005) at pc=0x00007ffc4c12c6a7]
VM state: not at safepoint (not fully initialized)

VM Mutex/Monitor currently owned by a thread:  ([mutex/lock_event])
[0x00007ffc4ca2ce68] Heap_lock - owner thread: 0x00000200c8097680

Heap address: 0x0000000084800000, size: 1976 MB, Compressed Oops mode: 32-bit

CDS archive(s) mapped at: [0x0000000000000000-0x0000000000000000-0x0000000000000000), size 0, SharedBaseAddress: 0x0000000800000000, ArchiveRelocationMode: 1.
Narrow klass base: 0x0000000000000000, Narrow klass shift: 0, Narrow klass range: 0x0

GC Precious Log:
 CardTable entry size: 512
 Card Set container configuration: InlinePtr #cards 5 size 8 Array Of Cards #cards 12 size 40 Howl #buckets 4 coarsen threshold 1843 Howl Bitmap #cards 512 size 80 coarsen threshold 460 Card regions per heap region 1 cards per card region 2048

Heap:
 garbage-first heap   total 0K, used 0K [0x0000000084800000, 0x0000000100000000)
  region size 1024K, 0 young (0K), 0 survivors (0K)

[error occurred during error reporting (printing heap information), id 0xc0000005, EXCEPTION_ACCESS_VIOLATION (0xc0000005) at pc=0x00007ffc4c5139f9]
GC Heap History (0 events):
No events

Dll operation events (1 events):
Event: 0.009 Loaded shared library C:\Program Files\Java\jdk-21\bin\java.dll

Deoptimization events (0 events):
No events

Classes loaded (0 events):
No events

Classes unloaded (0 events):
No events

Classes redefined (0 events):
No events

Internal exceptions (0 events):
No events

ZGC Phase Switch (0 events):
No events

VM Operations (0 events):
No events

Events (0 events):
No events


Dynamic libraries:
0x00007ff6d1a80000 - 0x00007ff6d1a90000 	C:\Program Files\Java\jdk-21\bin\java.exe
0x00007ffcaf890000 - 0x00007ffcafaa7000 	C:\Windows\SYSTEM32\ntdll.dll
0x00007ffcad5d0000 - 0x00007ffcad694000 	C:\Windows\System32\KERNEL32.DLL
0x00007ffcace90000 - 0x00007ffcad23c000 	C:\Windows\System32\KERNELBASE.dll
0x00007ffcad240000 - 0x00007ffcad351000 	C:\Windows\System32\ucrtbase.dll
0x00007ffca24a0000 - 0x00007ffca24bb000 	C:\Program Files\Java\jdk-21\bin\VCRUNTIME140.dll
0x00007ffca3820000 - 0x00007ffca3839000 	C:\Program Files\Java\jdk-21\bin\jli.dll
0x00007ffcaecb0000 - 0x00007ffcaed62000 	C:\Windows\System32\ADVAPI32.dll
0x00007ffcaebb0000 - 0x00007ffcaec57000 	C:\Windows\System32\msvcrt.dll
0x00007ffcadd70000 - 0x00007ffcade18000 	C:\Windows\System32\sechost.dll
0x00007ffcad5a0000 - 0x00007ffcad5c8000 	C:\Windows\System32\bcrypt.dll
0x00007ffcaea40000 - 0x00007ffcaeb55000 	C:\Windows\System32\RPCRT4.dll
0x00007ffcadb80000 - 0x00007ffcadd2e000 	C:\Windows\System32\USER32.dll
0x00007ffcad4d0000 - 0x00007ffcad4f6000 	C:\Windows\System32\win32u.dll
0x00007ffc85060000 - 0x00007ffc852f3000 	C:\Windows\WinSxS\amd64_microsoft.windows.common-controls_6595b64144ccf1df_6.0.22621.3672_none_2713b9d173822955\COMCTL32.dll
0x00007ffcaeb60000 - 0x00007ffcaeb89000 	C:\Windows\System32\GDI32.dll
0x00007ffcacbc0000 - 0x00007ffcaccd9000 	C:\Windows\System32\gdi32full.dll
0x00007ffcad500000 - 0x00007ffcad59a000 	C:\Windows\System32\msvcp_win.dll
0x00007ffc9fdc0000 - 0x00007ffc9fdca000 	C:\Windows\SYSTEM32\VERSION.dll
0x00007ffcadd30000 - 0x00007ffcadd61000 	C:\Windows\System32\IMM32.DLL
0x00007ffca9070000 - 0x00007ffca907c000 	C:\Program Files\Java\jdk-21\bin\vcruntime140_1.dll
0x00007ffc7d660000 - 0x00007ffc7d6ee000 	C:\Program Files\Java\jdk-21\bin\msvcp140.dll
0x00007ffc4bdf0000 - 0x00007ffc4cb07000 	C:\Program Files\Java\jdk-21\bin\server\jvm.dll
0x00007ffcae9c0000 - 0x00007ffcaea31000 	C:\Windows\System32\WS2_32.dll
0x00007ffcaba50000 - 0x00007ffcaba9d000 	C:\Windows\SYSTEM32\POWRPROF.dll
0x00007ffca2c80000 - 0x00007ffca2cb4000 	C:\Windows\SYSTEM32\WINMM.dll
0x00007ffcaba30000 - 0x00007ffcaba43000 	C:\Windows\SYSTEM32\UMPDC.dll
0x00007ffcabce0000 - 0x00007ffcabcf8000 	C:\Windows\SYSTEM32\kernel.appcore.dll
0x00007ffca8fc0000 - 0x00007ffca8fca000 	C:\Program Files\Java\jdk-21\bin\jimage.dll
0x00007ffca9f60000 - 0x00007ffcaa192000 	C:\Windows\SYSTEM32\DBGHELP.DLL
0x00007ffcaeeb0000 - 0x00007ffcaf238000 	C:\Windows\System32\combase.dll
0x00007ffcaf2d0000 - 0x00007ffcaf3a7000 	C:\Windows\System32\OLEAUT32.dll
0x00007ffc9fd80000 - 0x00007ffc9fdb2000 	C:\Windows\SYSTEM32\dbgcore.DLL
0x00007ffcacda0000 - 0x00007ffcace1b000 	C:\Windows\System32\bcryptPrimitives.dll
0x00007ffca2480000 - 0x00007ffca249f000 	C:\Program Files\Java\jdk-21\bin\java.dll

dbghelp: loaded successfully - version: 4.0.5 - missing functions: none
symbol engine: initialized successfully - sym options: 0x614 - pdb path: .;C:\Program Files\Java\jdk-21\bin;C:\Windows\SYSTEM32;C:\Windows\WinSxS\amd64_microsoft.windows.common-controls_6595b64144ccf1df_6.0.22621.3672_none_2713b9d173822955;C:\Program Files\Java\jdk-21\bin\server

VM Arguments:
jvm_args: -Dfile.encoding=UTF-8 --module-path=E:\Engineering\4th Semister\Lab\OOP LAB\LAB PROJECT\Project Source code\HotelManagementSystem\build\classes 
java_command: hotelmanagementsystem.dashboard
java_class_path (initial): E:\Engineering\4th Semister\Lab\OOP LAB\LAB PROJECT\Project Source code\HotelManagementSystem\src\mysql-connector-java-8.0.28.jar;E:\Engineering\4th Semister\Lab\OOP LAB\LAB PROJECT\Project Source code\HotelManagementSystem\build\classes
Launcher Type: SUN_STANDARD

[Global flags]
     intx CICompilerCount                          = 12                                        {product} {ergonomic}
     uint ConcGCThreads                            = 3                                         {product} {ergonomic}
     uint G1ConcRefinementThreads                  = 13                                        {product} {ergonomic}
   size_t G1HeapRegionSize                         = 1048576                                   {product} {ergonomic}
    uintx GCDrainStackTargetSize                   = 64                                        {product} {ergonomic}
   size_t InitialHeapSize                          = 130023424                                 {product} {ergonomic}
   size_t MarkStackSize                            = 4194304                                   {product} {ergonomic}
   size_t MaxHeapSize                              = 2071986176                                {product} {ergonomic}
   size_t MinHeapDeltaBytes                        = 1048576                                   {product} {ergonomic}
   size_t MinHeapSize                              = 8388608                                   {product} {ergonomic}
    uintx NonNMethodCodeHeapSize                   = 7602480                                {pd product} {ergonomic}
    uintx NonProfiledCodeHeapSize                  = 122027880                              {pd product} {ergonomic}
    uintx ProfiledCodeHeapSize                     = 122027880                              {pd product} {ergonomic}
    uintx ReservedCodeCacheSize                    = 251658240                              {pd product} {ergonomic}
     bool SegmentedCodeCache                       = true                                      {product} {ergonomic}
   size_t SoftMaxHeapSize                          = 2071986176                             {manageable} {ergonomic}
     bool UseCompressedOops                        = true                           {product lp64_product} {ergonomic}
     bool UseG1GC                                  = true                                      {product} {ergonomic}
     bool UseLargePagesIndividualAllocation        = false                                  {pd product} {ergonomic}

Logging:
Log output configuration:
 #0: stdout all=warning uptime,level,tags foldmultilines=false
 #1: stderr all=off uptime,level,tags foldmultilines=false

Environment Variables:
JAVA_HOME=C:\Program Files\Java\jdk-21
PATH=C:\Program Files\Common Files\Oracle\Java\javapath;C:\Windows\system32;C:\Windows;C:\Windows\System32\Wbem;C:\Windows\System32\WindowsPowerShell\v1.0\;C:\Windows\System32\OpenSSH\;C:\Program Files (x86)\NVIDIA Corporation\PhysX\Common;C:\Program Files\NVIDIA Corporation\NVIDIA NvDLISR;C:\Program Files\dotnet\;C:\Program Files\Java\jdk-21\bin;C:\Program Files\Git\cmd;C:\Program Files\MySQL\MySQL Shell 8.0\bin\;C:\Users\Acer\AppData\Local\Microsoft\WindowsApps;;C:\Program Files\JetBrains\IntelliJ IDEA 2024.1.1\bin;
USERNAME=Acer
OS=Windows_NT
PROCESSOR_IDENTIFIER=Intel64 Family 6 Model 154 Stepping 3, GenuineIntel
TMP=C:\Users\Acer\AppData\Local\Temp
TEMP=C:\Users\Acer\AppData\Local\Temp




Periodic native trim disabled

---------------  S Y S T E M  ---------------

OS:
 Windows 11 , 64 bit Build 22621 (10.0.22621.3672)
OS uptime: 3 days 5:16 hours
Hyper-V role detected

CPU: total 16 (initial active 16) (8 cores per cpu, 2 threads per core) family 6 model 154 stepping 3 microcode 0x423, cx8, cmov, fxsr, ht, mmx, 3dnowpref, sse, sse2, sse3, ssse3, sse4.1, sse4.2, popcnt, lzcnt, tsc, tscinvbit, avx, avx2, aes, erms, clmul, bmi1, bmi2, adx, sha, fma, vzeroupper, clflush, clflushopt, clwb, hv, serialize, rdtscp, rdpid, fsrm, f16c, cet_ibt, cet_ss
Processor Information for processor 0
  Max Mhz: 1700, Current Mhz: 1700, Mhz Limit: 1700
Processor Information for processor 1
  Max Mhz: 1700, Current Mhz: 1700, Mhz Limit: 1700
Processor Information for processor 2
  Max Mhz: 1700, Current Mhz: 1700, Mhz Limit: 1700
Processor Information for processor 3
  Max Mhz: 1700, Current Mhz: 1700, Mhz Limit: 1700
Processor Information for processor 4
  Max Mhz: 1700, Current Mhz: 1700, Mhz Limit: 1700
Processor Information for processor 5
  Max Mhz: 1700, Current Mhz: 1700, Mhz Limit: 1700
Processor Information for processor 6
  Max Mhz: 1700, Current Mhz: 1700, Mhz Limit: 1700
Processor Information for processor 7
  Max Mhz: 1700, Current Mhz: 1700, Mhz Limit: 1700
Processor Information for processor 8
  Max Mhz: 1700, Current Mhz: 1200, Mhz Limit: 1190
Processor Information for processor 9
  Max Mhz: 1700, Current Mhz: 1200, Mhz Limit: 1190
Processor Information for processor 10
  Max Mhz: 1700, Current Mhz: 1200, Mhz Limit: 1190
Processor Information for processor 11
  Max Mhz: 1700, Current Mhz: 1200, Mhz Limit: 1190
Processor Information for processor 12
  Max Mhz: 1700, Current Mhz: 1200, Mhz Limit: 1190
Processor Information for processor 13
  Max Mhz: 1700, Current Mhz: 1200, Mhz Limit: 1190
Processor Information for processor 14
  Max Mhz: 1700, Current Mhz: 1200, Mhz Limit: 1190
Processor Information for processor 15
  Max Mhz: 1700, Current Mhz: 1200, Mhz Limit: 1190

Memory: 4k page, system-wide physical 7896M (465M free)
TotalPageFile size 27101M (AvailPageFile size 94M)
current process WorkingSet (physical memory assigned to process): 11M, peak: 11M
current process commit charge ("private bytes"): 70M, peak: 194M

vm_info: Java HotSpot(TM) 64-Bit Server VM (21.0.2+13-LTS-58) for windows-amd64 JRE (21.0.2+13-LTS-58), built on 2024-01-05T18:32:24Z by "mach5one" with MS VC++ 17.1 (VS2022)

END.
