#
# There is insufficient memory for the Java Runtime Environment to continue.
# Native memory allocation (malloc) failed to allocate 32744 bytes for Chunk::new
# Possible reasons:
#   The system is out of physical RAM or swap space
#   The process is running with CompressedOops enabled, and the Java Heap may be blocking the growth of the native heap
# Possible solutions:
#   Reduce memory load on the system
#   Increase physical memory or swap space
#   Check if swap backing store is full
#   Decrease Java heap size (-Xmx/-Xms)
#   Decrease number of Java threads
#   Decrease Java thread stack sizes (-Xss)
#   Set larger code cache with -XX:ReservedCodeCacheSize=
#   JVM is running with Unscaled Compressed Oops mode in which the Java heap is
#     placed in the first 4GB address space. The Java Heap base address is the
#     maximum limit for the native heap growth. Please use -XX:HeapBaseMinAddress
#     to set the Java Heap base and to place the Java Heap above 4GB virtual address.
# This output file may be truncated or incomplete.
#
#  Out of Memory Error (arena.cpp:168), pid=17328, tid=13984
#
# JRE version: Java(TM) SE Runtime Environment (21.0.2+13) (build 21.0.2+13-LTS-58)
# Java VM: Java HotSpot(TM) 64-Bit Server VM (21.0.2+13-LTS-58, mixed mode, sharing, tiered, compressed oops, compressed class ptrs, g1 gc, windows-amd64)
# No core dump will be written. Minidumps are not enabled by default on client versions of Windows
#

---------------  S U M M A R Y ------------

Command Line: -Dfile.encoding=UTF-8 --module-path=E:\Engineering\4th Semister\Lab\OOP LAB\LAB PROJECT\Project Source code\HotelManagementSystem\build\classes hotelmanagementsystem.start

Host: 12th Gen Intel(R) Core(TM) i5-1240P, 16 cores, 7G,  Windows 11 , 64 bit Build 22621 (10.0.22621.3672)
Time: Fri Jun  7 23:33:50 2024 Bangladesh Standard Time elapsed time: 1404.657313 seconds (0d 0h 23m 24s)

---------------  T H R E A D  ---------------

Current thread (0x000001398bab42a0):  JavaThread "AWT-EventQueue-0"        [_thread_in_vm, id=13984, stack(0x0000000a97000000,0x0000000a97100000) (1024K)]

Stack: [0x0000000a97000000,0x0000000a97100000]
Native frames: (J=compiled Java code, j=interpreted, Vv=VM code, C=native code)
V  [jvm.dll+0x6cade9]
V  [jvm.dll+0x8569c1]
V  [jvm.dll+0x858d2e]
V  [jvm.dll+0x859413]
V  [jvm.dll+0x280e56]
V  [jvm.dll+0xc3f3d]
V  [jvm.dll+0xc4473]
V  [jvm.dll+0x84c588]
V  [jvm.dll+0x84bc01]
V  [jvm.dll+0x480824]
C  0x000001393782ce0b

The last pc belongs to native method entry point (kind = native) (printed below).
Java frames: (J=compiled Java code, j=interpreted, Vv=VM code)
j  java.security.AccessController.getStackAccessControlContext()Ljava/security/AccessControlContext;+0 java.base@21.0.2
j  java.security.AccessController.getContext()Ljava/security/AccessControlContext;+0 java.base@21.0.2
j  java.awt.AWTEvent.<init>(Ljava/lang/Object;I)V+11 java.desktop@21.0.2
j  java.awt.event.InvocationEvent.<init>(Ljava/lang/Object;ILjava/lang/Runnable;Ljava/lang/Object;Ljava/lang/Runnable;Z)V+3 java.desktop@21.0.2
j  java.awt.event.InvocationEvent.<init>(Ljava/lang/Object;Ljava/lang/Runnable;Ljava/lang/Object;Z)V+10 java.desktop@21.0.2
j  sun.awt.PeerEvent.<init>(Ljava/lang/Object;Ljava/lang/Runnable;Ljava/lang/Object;ZJ)V+6 java.desktop@21.0.2
j  sun.awt.PeerEvent.<init>(Ljava/lang/Object;Ljava/lang/Runnable;J)V+6 java.desktop@21.0.2
j  sun.awt.SunToolkit.executeOnEventHandlerThread(Ljava/lang/Object;Ljava/lang/Runnable;)V+7 java.desktop@21.0.2
j  sun.awt.windows.WWindowPeer.displayChanged()V+10 java.desktop@21.0.2
j  sun.awt.SunDisplayChanger.notifyListeners()V+108 java.desktop@21.0.2
j  sun.awt.Win32GraphicsDevice.displayChanged()V+39 java.desktop@21.0.2
j  sun.awt.Win32GraphicsEnvironment.displayChanged()V+198 java.desktop@21.0.2
j  sun.awt.windows.WToolkit.lambda$displayChanged$4()V+15 java.desktop@21.0.2
j  sun.awt.windows.WToolkit$$Lambda+0x00000139470f3fc8.run()V+0 java.desktop@21.0.2
j  java.awt.event.InvocationEvent.dispatch()V+47 java.desktop@21.0.2
j  java.awt.EventQueue.dispatchEventImpl(Ljava/awt/AWTEvent;Ljava/lang/Object;)V+21 java.desktop@21.0.2
j  java.awt.EventQueue$4.run()Ljava/lang/Void;+32 java.desktop@21.0.2
j  java.awt.EventQueue$4.run()Ljava/lang/Object;+1 java.desktop@21.0.2
J 885 c1 java.security.AccessController.executePrivileged(Ljava/security/PrivilegedAction;Ljava/security/AccessControlContext;Ljava/lang/Class;)Ljava/lang/Object; java.base@21.0.2 (65 bytes) @ 0x000001393051164c [0x00000139305114e0+0x000000000000016c]
j  java.security.AccessController.doPrivileged(Ljava/security/PrivilegedAction;Ljava/security/AccessControlContext;)Ljava/lang/Object;+13 java.base@21.0.2
j  java.security.ProtectionDomain$JavaSecurityAccessImpl.doIntersectionPrivilege(Ljava/security/PrivilegedAction;Ljava/security/AccessControlContext;Ljava/security/AccessControlContext;)Ljava/lang/Object;+18 java.base@21.0.2
j  java.awt.EventQueue.dispatchEvent(Ljava/awt/AWTEvent;)V+46 java.desktop@21.0.2
j  java.awt.EventDispatchThread.pumpOneEventForFilters(I)V+81 java.desktop@21.0.2
j  java.awt.EventDispatchThread.pumpEventsForFilter(ILjava/awt/Conditional;Ljava/awt/EventFilter;)V+35 java.desktop@21.0.2
j  java.awt.EventDispatchThread.pumpEventsForHierarchy(ILjava/awt/Conditional;Ljava/awt/Component;)V+11 java.desktop@21.0.2
j  java.awt.EventDispatchThread.pumpEvents(ILjava/awt/Conditional;)V+4 java.desktop@21.0.2
j  java.awt.EventDispatchThread.pumpEvents(Ljava/awt/Conditional;)V+3 java.desktop@21.0.2
j  java.awt.EventDispatchThread.run()V+9 java.desktop@21.0.2
v  ~StubRoutines::call_stub 0x000001393782100d
native method entry point (kind = native)  [0x000001393782c9e0, 0x000001393782d508]  2856 bytes
[MachCode]
  0x000001393782c9e0: 488b 4b08 | 0fb7 492e | 584c 8d74 | ccf8 6800 | 0000 0068 | 0000 0000 | 5055 488b | ec41 5568 
  0x000001393782ca00: 0000 0000 | 4c8b 6b08 | 4d8d 6d38 | 5348 8b53 | 0848 8b52 | 0848 8b52 | 1848 8b52 | 7048 8b12 
  0x000001393782ca20: 5248 8b53 | 1048 85d2 | 0f84 0700 | 0000 4881 | c208 0100 | 0052 488b | 5308 488b | 5208 488b 
  0x000001393782ca40: 5210 5249 | 8bc6 482b | c548 c1e8 | 0350 6800 | 0000 0068 | 0000 0000 | 4889 2424 | 41c6 8779 
  0x000001393782ca60: 0400 0001 | 488b 4310 | 4885 c074 | 208b 88cc | 0000 0083 | c102 8988 | cc00 0000 | 2388 e000 
  0x000001393782ca80: 0000 0f84 | cb09 0000 | e9cf 0000 | 0048 8b43 | 1848 85c0 | 0f85 b000 | 0000 e805 | 0000 00e9 
  0x000001393782caa0: 9900 0000 | 488b d348 | 8d44 2408 | 4c89 6dc0 | 498b cfc5 | f877 4989 | afa8 0300 | 0049 8987 
  0x000001393782cac0: 9803 0000 | 4883 ec20 | 40f6 c40f | 0f84 1900 | 0000 4883 | ec08 48b8 | 5044 1c4c | fc7f 0000 
  0x000001393782cae0: ffd0 4883 | c408 e90c | 0000 0048 | b850 441c | 4cfc 7f00 | 00ff d048 | 83c4 2049 | c787 9803 
  0x000001393782cb00: 0000 0000 | 0000 49c7 | 87a8 0300 | 0000 0000 | 0049 c787 | a003 0000 | 0000 0000 | c5f8 7749 
  0x000001393782cb20: 837f 0800 | 0f84 0500 | 0000 e9d1 | 43ff ff4c | 8b6d c04c | 8b75 c84e | 8d74 f500 | c348 8b43 
  0x000001393782cb40: 1848 85c0 | 0f84 1200 | 0000 8b48 | 0883 c102 | 8948 0823 | 481c 0f84 | f708 0000 | 493b a7e8 
  0x000001393782cb60: 0400 000f | 8748 0000 | 0089 8424 | 00f0 ffff | 8984 2400 | e0ff ff89 | 8424 00d0 | ffff 8984 
  0x000001393782cb80: 2400 c0ff | ff89 8424 | 00b0 ffff | 8984 2400 | a0ff ff89 | 8424 0090 | ffff 8984 | 2400 80ff 
  0x000001393782cba0: ff49 3ba7 | e004 0000 | 7607 4989 | a7e8 0400 | 0041 c687 | 7904 0000 | 0049 baf9 | 45a1 4cfc 
  0x000001393782cbc0: 7f00 0041 | 803a 000f | 843e 0000 | 0048 8b55 | e849 8bcf | 4883 ec20 | 40f6 c40f | 0f84 1900 
  0x000001393782cbe0: 0000 4883 | ec08 48b8 | 4009 524c | fc7f 0000 | ffd0 4883 | c408 e90c | 0000 0048 | b840 0952 
  0x000001393782cc00: 4cfc 7f00 | 00ff d048 | 83c4 2048 | 8b5d e84c | 8b5b 0845 | 0fb7 5b2e | 41c1 e303 | 492b e348 
  0x000001393782cc20: 83ec 2048 | 83e4 f04c | 8b5b 604d | 85db 0f85 | ab00 0000 | e805 0000 | 00e9 9900 | 0000 488b 
  0x000001393782cc40: d348 8d44 | 2408 4c89 | 6dc0 498b | cfc5 f877 | 4989 afa8 | 0300 0049 | 8987 9803 | 0000 4883 
  0x000001393782cc60: ec20 40f6 | c40f 0f84 | 1900 0000 | 4883 ec08 | 48b8 106b | 1c4c fc7f | 0000 ffd0 | 4883 c408 
  0x000001393782cc80: e90c 0000 | 0048 b810 | 6b1c 4cfc | 7f00 00ff | d048 83c4 | 2049 c787 | 9803 0000 | 0000 0000 
  0x000001393782cca0: 49c7 87a8 | 0300 0000 | 0000 0049 | c787 a003 | 0000 0000 | 0000 c5f8 | 7749 837f | 0800 0f84 
  0x000001393782ccc0: 0500 0000 | e937 42ff | ff4c 8b6d | c04c 8b75 | c84e 8d74 | f500 c348 | 8b5d e84c | 8b5b 6041 
  0x000001393782cce0: ffd3 488b | 5de8 4889 | 4518 448b | 5b28 41f6 | c308 0f84 | 1b00 0000 | 4c8b 5b08 | 4d8b 5b08 
  0x000001393782cd00: 4d8b 5b18 | 4d8b 5b70 | 4d8b 1b4c | 895d 1048 | 8d55 1048 | 8b43 5849 | ba80 5e52 | 4cfc 7f00 
  0x000001393782cd20: 0049 3bc2 | 0f85 ab00 | 0000 e805 | 0000 00e9 | 9900 0000 | 488b d348 | 8d44 2408 | 4c89 6dc0 
  0x000001393782cd40: 498b cfc5 | f877 4989 | afa8 0300 | 0049 8987 | 9803 0000 | 4883 ec20 | 40f6 c40f | 0f84 1900 
  0x000001393782cd60: 0000 4883 | ec08 48b8 | 106b 1c4c | fc7f 0000 | ffd0 4883 | c408 e90c | 0000 0048 | b810 6b1c 
  0x000001393782cd80: 4cfc 7f00 | 00ff d048 | 83c4 2049 | c787 9803 | 0000 0000 | 0000 49c7 | 87a8 0300 | 0000 0000 
  0x000001393782cda0: 0049 c787 | a003 0000 | 0000 0000 | c5f8 7749 | 837f 0800 | 0f84 0500 | 0000 e941 | 41ff ff4c 
  0x000001393782cdc0: 8b6d c04c | 8b75 c84e | 8d74 f500 | c348 8b5d | e848 8b43 | 5849 8d8f | b803 0000 | c5f8 7749 
  0x000001393782cde0: 89af a803 | 0000 49ba | dccd 8237 | 3901 0000 | 4d89 97a0 | 0300 0049 | 89a7 9803 | 0000 41c7 
  0x000001393782ce00: 874c 0400 | 0004 0000 | 00ff d0c5 | f877 4883 | ec10 c5fb | 1104 2448 | 83ec 1048 | 8904 2448 
  0x000001393782ce20: c744 2408 | 0000 0000 | 41c7 874c | 0400 0005 | 0000 00f0 | 8344 24c0 | 0049 3baf | 5004 0000 
  0x000001393782ce40: 0f87 0e00 | 0000 4183 | bf48 0400 | 0000 0f84 | 2000 0000 | 498b cf4c | 8be4 4883 | ec20 4883 
  0x000001393782ce60: e4f0 48b8 | d0c3 1d4c | fc7f 0000 | ffd0 498b | e44d 33e4 | 41c7 874c | 0400 0008 | 0000 0049 
  0x000001393782ce80: c787 9803 | 0000 0000 | 0000 49c7 | 87a8 0300 | 0000 0000 | 0049 c787 | a003 0000 | 0000 0000 
  0x000001393782cea0: c5f8 774d | 8b9f 2804 | 0000 41c7 | 8300 0100 | 0000 0000 | 0049 bb9a | a382 3739 | 0100 004c 
  0x000001393782cec0: 3b5d 180f | 8524 0200 | 0048 8b04 | 2448 83c4 | 1048 85c0 | 0f84 fe01 | 0000 a803 | 0f85 0800 
  0x000001393782cee0: 0000 488b | 00e9 ee01 | 0000 a801 | 0f85 0900 | 0000 488b | 40fe e9dd | 0100 0048 | 8b40 ff41 
  0x000001393782cf00: 807f 4000 | 0f84 ce01 | 0000 4883 | f800 0f84 | c401 0000 | 4d8b 5f28 | 4983 fb00 | 0f84 1400 
  0x000001393782cf20: 0000 4983 | eb08 4d89 | 5f28 4d03 | 5f38 4989 | 03e9 a201 | 0000 4881 | ecd0 0000 | 0048 8904 
  0x000001393782cf40: 2448 894c | 2408 4889 | 5424 1048 | 8974 2418 | 4889 7c24 | 204c 8944 | 2428 4c89 | 4c24 304c 
  0x000001393782cf60: 8954 2438 | 4c89 5c24 | 40c5 fb11 | 4424 50c5 | fb11 4c24 | 58c5 fb11 | 5424 60c5 | fb11 5c24 
  0x000001393782cf80: 68c5 fb11 | 6424 70c5 | fb11 6c24 | 78c5 fb11 | b424 8000 | 0000 c5fb | 11bc 2488 | 0000 00c5 
  0x000001393782cfa0: 7b11 8424 | 9000 0000 | c57b 118c | 2498 0000 | 00c5 7b11 | 9424 a000 | 0000 c57b | 119c 24a8 
  0x000001393782cfc0: 0000 00c5 | 7b11 a424 | b000 0000 | c57b 11ac | 24b8 0000 | 00c5 7b11 | b424 c000 | 0000 c57b 
  0x000001393782cfe0: 11bc 24c8 | 0000 0049 | 8bd7 488b | c848 83ec | 2040 f6c4 | 0f0f 8419 | 0000 0048 | 83ec 0848 
  0x000001393782d000: b890 2611 | 4cfc 7f00 | 00ff d048 | 83c4 08e9 | 0c00 0000 | 48b8 9026 | 114c fc7f | 0000 ffd0 
  0x000001393782d020: 4883 c420 | c57b 10bc | 24c8 0000 | 00c5 7b10 | b424 c000 | 0000 c57b | 10ac 24b8 | 0000 00c5 
  0x000001393782d040: 7b10 a424 | b000 0000 | c57b 109c | 24a8 0000 | 00c5 7b10 | 9424 a000 | 0000 c57b | 108c 2498 
  0x000001393782d060: 0000 00c5 | 7b10 8424 | 9000 0000 | c5fb 10bc | 2488 0000 | 00c5 fb10 | b424 8000 | 0000 c5fb 
  0x000001393782d080: 106c 2478 | c5fb 1064 | 2470 c5fb | 105c 2468 | c5fb 1054 | 2460 c5fb | 104c 2458 | c5fb 1044 
  0x000001393782d0a0: 2450 4c8b | 5c24 404c | 8b54 2438 | 4c8b 4c24 | 304c 8b44 | 2428 488b | 7c24 2048 | 8b74 2418 
  0x000001393782d0c0: 488b 5424 | 1048 8b4c | 2408 488b | 0424 4881 | c4d0 0000 | 00c5 f877 | 4889 4510 | 4883 ec10 
  0x000001393782d0e0: 4889 0424 | 48c7 4424 | 0800 0000 | 0041 83bf | c804 0000 | 020f 85bf | 0000 0048 | 81ec 8000 
  0x000001393782d100: 0000 4889 | 4424 7848 | 894c 2470 | 4889 5424 | 6848 895c | 2460 4889 | 6c24 5048 | 8974 2448 
  0x000001393782d120: 4889 7c24 | 404c 8944 | 2438 4c89 | 4c24 304c | 8954 2428 | 4c89 5c24 | 204c 8964 | 2418 4c89 
  0x000001393782d140: 6c24 104c | 8974 2408 | 4c89 3c24 | 4c8b e448 | 83ec 2048 | 83e4 f048 | b870 4152 | 4cfc 7f00 
  0x000001393782d160: 00ff d049 | 8be4 4c8b | 3c24 4c8b | 7424 084c | 8b6c 2410 | 4c8b 6424 | 184c 8b5c | 2420 4c8b 
  0x000001393782d180: 5424 284c | 8b4c 2430 | 4c8b 4424 | 3848 8b7c | 2440 488b | 7424 4848 | 8b6c 2450 | 488b 5c24 
  0x000001393782d1a0: 6048 8b54 | 2468 488b | 4c24 7048 | 8b44 2478 | 4881 c480 | 0000 004d | 33e4 488b | 5de8 4c8b 
  0x000001393782d1c0: 6b08 4d8d | 6d38 4983 | 7f08 000f | 84bb 0000 | 00e8 0500 | 0000 e996 | 0000 0048 | 8d44 2408 
  0x000001393782d1e0: 4c89 6dc0 | 498b cfc5 | f877 4989 | afa8 0300 | 0049 8987 | 9803 0000 | 4883 ec20 | 40f6 c40f 
  0x000001393782d200: 0f84 1900 | 0000 4883 | ec08 48b8 | a088 1c4c | fc7f 0000 | ffd0 4883 | c408 e90c | 0000 0048 
  0x000001393782d220: b8a0 881c | 4cfc 7f00 | 00ff d048 | 83c4 2049 | c787 9803 | 0000 0000 | 0000 49c7 | 87a8 0300 
  0x000001393782d240: 0000 0000 | 0049 c787 | a003 0000 | 0000 0000 | c5f8 7749 | 837f 0800 | 0f84 0500 | 0000 e99d 
  0x000001393782d260: 3cff ff4c | 8b6d c04c | 8b75 c84e | 8d74 f500 | c348 b900 | 4879 4cfc | 7f00 0048 | 83e4 f048 
  0x000001393782d280: b840 2441 | 4cfc 7f00 | 00ff d0f4 | 448b 5b28 | 41f6 c320 | 0f84 4401 | 0000 488d | 55a8 4c8b 
  0x000001393782d2a0: 5a08 4d85 | db0f 85bb | 0000 00e8 | 0500 0000 | e996 0000 | 0048 8d44 | 2408 4c89 | 6dc0 498b 
  0x000001393782d2c0: cfc5 f877 | 4989 afa8 | 0300 0049 | 8987 9803 | 0000 4883 | ec20 40f6 | c40f 0f84 | 1900 0000 
  0x000001393782d2e0: 4883 ec08 | 48b8 d087 | 1c4c fc7f | 0000 ffd0 | 4883 c408 | e90c 0000 | 0048 b8d0 | 871c 4cfc 
  0x000001393782d300: 7f00 00ff | d048 83c4 | 2049 c787 | 9803 0000 | 0000 0000 | 49c7 87a8 | 0300 0000 | 0000 0049 
  0x000001393782d320: c787 a003 | 0000 0000 | 0000 c5f8 | 7749 837f | 0800 0f84 | 0500 0000 | e9c3 3bff | ff4c 8b6d 
  0x000001393782d340: c04c 8b75 | c84e 8d74 | f500 c348 | b900 4879 | 4cfc 7f00 | 0048 83e4 | f048 b840 | 2441 4cfc 
  0x000001393782d360: 7f00 00ff | d0f4 4c89 | 6dc0 488d | 024c 8b4a | 0848 c742 | 0800 0000 | 004c 8b00 | 4d85 c00f 
  0x000001393782d380: 840b 0000 | 00f0 4d0f | b101 0f85 | 0c00 0000 | 49ff 8f50 | 0500 00e9 | 3e00 0000 | 4c89 4a08 
  0x000001393782d3a0: 488b ca48 | 83ec 2040 | f6c4 0f0f | 8419 0000 | 0048 83ec | 0848 b800 | 5b1c 4cfc | 7f00 00ff 
  0x000001393782d3c0: d048 83c4 | 08e9 0c00 | 0000 48b8 | 005b 1c4c | fc7f 0000 | ffd0 4883 | c420 4c8b | 6dc0 49ba 
  0x000001393782d3e0: f945 a14c | fc7f 0000 | 4180 3a00 | 0f84 3e00 | 0000 488b | 55e8 498b | cf48 83ec | 2040 f6c4 
  0x000001393782d400: 0f0f 8419 | 0000 0048 | 83ec 0848 | b840 0952 | 4cfc 7f00 | 00ff d048 | 83c4 08e9 | 0c00 0000 
  0x000001393782d420: 48b8 4009 | 524c fc7f | 0000 ffd0 | 4883 c420 | 488b 0424 | 4883 c410 | c5fb 1004 | 2448 83c4 
  0x000001393782d440: 104c 8b5d | 1841 ffd3 | 4c8b 5df8 | c95f 498b | e3ff e7ba | 0000 0000 | e805 0000 | 00e9 9600 
  0x000001393782d460: 0000 488d | 4424 084c | 896d c049 | 8bcf c5f8 | 7749 89af | a803 0000 | 4989 8798 | 0300 0048 
  0x000001393782d480: 83ec 2040 | f6c4 0f0f | 8419 0000 | 0048 83ec | 0848 b8d0 | 4e1c 4cfc | 7f00 00ff | d048 83c4 
  0x000001393782d4a0: 08e9 0c00 | 0000 48b8 | d04e 1c4c | fc7f 0000 | ffd0 4883 | c420 49c7 | 8798 0300 | 0000 0000 
  0x000001393782d4c0: 0049 c787 | a803 0000 | 0000 0000 | 49c7 87a0 | 0300 0000 | 0000 00c5 | f877 4983 | 7f08 000f 
  0x000001393782d4e0: 8405 0000 | 00e9 163a | ffff 4c8b | 6dc0 4c8b | 75c8 4e8d | 74f5 00c3 | 488b 5de8 | e95b f6ff 
  0x000001393782d500: ff0f 1f80 | 0000 0000 
[/MachCode]

Compiled method (c1) 1404700  885       3       java.security.AccessController::executePrivileged (65 bytes)
 total in heap  [0x0000013930511310,0x0000013930511908] = 1528
 relocation     [0x0000013930511470,0x00000139305114d8] = 104
 main code      [0x00000139305114e0,0x0000013930511790] = 688
 stub code      [0x0000013930511790,0x00000139305117e8] = 88
 metadata       [0x00000139305117e8,0x00000139305117f8] = 16
 scopes data    [0x00000139305117f8,0x0000013930511870] = 120
 scopes pcs     [0x0000013930511870,0x00000139305118f0] = 128
 dependencies   [0x00000139305118f0,0x00000139305118f8] = 8
 nul chk table  [0x00000139305118f8,0x0000013930511908] = 16

[Constant Pool (empty)]

[MachCode]
[Verified Entry Point]
  # {method} {0x00000139464788d0} 'executePrivileged' '(Ljava/security/PrivilegedAction;Ljava/security/AccessControlContext;Ljava/lang/Class;)Ljava/lang/Object;' in 'java/security/AccessController'
  # parm0:    rdx:rdx   = 'java/security/PrivilegedAction'
  # parm1:    r8:r8     = 'java/security/AccessControlContext'
  # parm2:    r9:r9     = 'java/lang/Class'
  #           [sp+0x50]  (sp of caller)
  0x00000139305114e0: 8984 2400 | 80ff ff55 | 4883 ec40 | 4181 7f20 | 0100 0000 

  0x00000139305114f4: ;   {runtime_call StubRoutines (final stubs)}
  0x00000139305114f4: 7405 e865 | 3834 074c | 8944 2430 

  0x0000013930511500: ;   {metadata(method data for {method} {0x00000139464788d0} 'executePrivileged' '(Ljava/security/PrivilegedAction;Ljava/security/AccessControlContext;Ljava/lang/Class;)Ljava/lang/Object;' in 'java/security/AccessController')}
  0x0000013930511500: 48be a8d3 | 0487 3901 | 0000 8bbe | cc00 0000 | 83c7 0289 | becc 0000 | 0081 e7fe | 0700 0085 
  0x0000013930511520: ff0f 84c7 | 0100 004d 

  0x0000013930511528: ;   {metadata(method data for {method} {0x00000139464788d0} 'executePrivileged' '(Ljava/security/PrivilegedAction;Ljava/security/AccessControlContext;Ljava/lang/Class;)Ljava/lang/Object;' in 'java/security/AccessController')}
  0x0000013930511528: 85c0 48be | a8d3 0487 | 3901 0000 | 48bf 1001 | 0000 0000 | 0000 740a | 48bf 2001 | 0000 0000 
  0x0000013930511548: 0000 488b | 1c3e 488d | 5b01 4889 | 1c3e 4c89 | 4c24 2848 | 8954 2420 | 0f84 2600 

  0x0000013930511564: ;   {metadata(method data for {method} {0x00000139464788d0} 'executePrivileged' '(Ljava/security/PrivilegedAction;Ljava/security/AccessControlContext;Ljava/lang/Class;)Ljava/lang/Object;' in 'java/security/AccessController')}
  0x0000013930511564: 0000 48be | a8d3 0487 | 3901 0000 | 4883 8630 | 0100 0001 | 498b d00f 

  0x000001393051157c: ;   {static_call}
  0x000001393051157c: 1f40 00e8 

  0x0000013930511580: ; ImmutableOopMap {[32]=Oop [40]=Oop [48]=Oop }
                      ;*invokestatic ensureMaterializedForStackWalk {reexecute=0 rethrow=0 return_oop=0}
                      ; - java.security.AccessController::executePrivileged@5 (line 774)
  0x0000013930511580: 2002 0000 

  0x0000013930511584: ;   {other}
  0x0000013930511584: 0f1f 8400 | 7402 0000 

  0x000001393051158c: ;   {metadata(method data for {method} {0x00000139464788d0} 'executePrivileged' '(Ljava/security/PrivilegedAction;Ljava/security/AccessControlContext;Ljava/lang/Class;)Ljava/lang/Object;' in 'java/security/AccessController')}
  0x000001393051158c: 48ba a8d3 | 0487 3901 | 0000 ff82 | 4001 0000 | 488b 5424 | 2048 3b02 

  0x00000139305115a4: ;   {metadata(method data for {method} {0x00000139464788d0} 'executePrivileged' '(Ljava/security/PrivilegedAction;Ljava/security/AccessControlContext;Ljava/lang/Class;)Ljava/lang/Object;' in 'java/security/AccessController')}
  0x00000139305115a4: 488b f248 | bfa8 d304 | 8739 0100 | 008b 7608 | 49ba 0000 | 0046 3901 | 0000 4903 | f248 3bb7 
  0x00000139305115c4: b001 0000 | 750d 4883 | 87b8 0100 | 0001 e960 | 0000 0048 | 3bb7 c001 | 0000 750d | 4883 87c8 
  0x00000139305115e4: 0100 0001 | e94a 0000 | 0048 83bf | b001 0000 | 0075 1748 | 89b7 b001 | 0000 48c7 | 87b8 0100 
  0x0000013930511604: 0001 0000 | 00e9 2900 | 0000 4883 | bfc0 0100 | 0000 7517 | 4889 b7c0 | 0100 0048 | c787 c801 
  0x0000013930511624: 0000 0100 | 0000 e908 | 0000 0048 | 8387 a001 | 0000 0166 | 0f1f 4400 | 0048 b870 | 9688 8b39 
  0x0000013930511644: ;   {virtual_call}
  0x0000013930511644: 0100 00e8 

  0x0000013930511648: ; ImmutableOopMap {[40]=Oop [48]=Oop }
                      ;*invokeinterface run {reexecute=0 rethrow=0 return_oop=0}
                      ; - java.security.AccessController::executePrivileged@29 (line 778)
  0x0000013930511648: 44e7 4207 

  0x000001393051164c: ;   {other}
  0x000001393051164c: 0f1f 8400 | 3c03 0001 

  0x0000013930511654: ;   {metadata(method data for {method} {0x00000139464788d0} 'executePrivileged' '(Ljava/security/PrivilegedAction;Ljava/security/AccessControlContext;Ljava/lang/Class;)Ljava/lang/Object;' in 'java/security/AccessController')}
  0x0000013930511654: 48be a8d3 | 0487 3901 | 0000 ff86 | d801 0000 | 4c8b 4c24 

  0x0000013930511668: ;   {metadata(method data for {method} {0x00000139464788d0} 'executePrivileged' '(Ljava/security/PrivilegedAction;Ljava/security/AccessControlContext;Ljava/lang/Class;)Ljava/lang/Object;' in 'java/security/AccessController')}
  0x0000013930511668: 2848 bea8 | d304 8739 | 0100 0048 | 8386 3802 

  0x0000013930511678: ;   {metadata(method data for {method} {0x000001394603d400} 'reachabilityFence' '(Ljava/lang/Object;)V' in 'java/lang/ref/Reference')}
  0x0000013930511678: 0000 0148 | be40 d804 | 8739 0100 | 008b becc | 0000 0083 | c702 89be | cc00 0000 | 81e7 feff 
  0x0000013930511698: 1f00 85ff | 0f84 7200 

  0x00000139305116a0: ;   {metadata(method data for {method} {0x00000139464788d0} 'executePrivileged' '(Ljava/security/PrivilegedAction;Ljava/security/AccessControlContext;Ljava/lang/Class;)Ljava/lang/Object;' in 'java/security/AccessController')}
  0x00000139305116a0: 0000 48be | a8d3 0487 | 3901 0000 | 4883 8648 | 0200 0001 

  0x00000139305116b4: ;   {metadata(method data for {method} {0x000001394603d400} 'reachabilityFence' '(Ljava/lang/Object;)V' in 'java/lang/ref/Reference')}
  0x00000139305116b4: 48be 40d8 | 0487 3901 | 0000 8bbe | cc00 0000 | 83c7 0289 | becc 0000 | 0081 e7fe | ff1f 0085 
  0x00000139305116d4: ff0f 845a | 0000 0048 | 83c4 405d 

  0x00000139305116e0: ;   {poll_return}
  0x00000139305116e0: 493b a750 | 0400 000f | 8766 0000 

  0x00000139305116ec: ;   {metadata({method} {0x00000139464788d0} 'executePrivileged' '(Ljava/security/PrivilegedAction;Ljava/security/AccessControlContext;Ljava/lang/Class;)Ljava/lang/Object;' in 'java/security/AccessController')}
  0x00000139305116ec: 00c3 49ba | c888 4746 | 3901 0000 | 4c89 5424 | 0848 c704 | 24ff ffff 

  0x0000013930511704: ;   {runtime_call counter_overflow Runtime1 stub}
  0x0000013930511704: ffe8 7675 

  0x0000013930511708: ; ImmutableOopMap {rdx=Oop r8=Oop r9=Oop [48]=Oop }
                      ;*synchronization entry
                      ; - java.security.AccessController::executePrivileged@-1 (line 773)
  0x0000013930511708: 4207 e918 

  0x000001393051170c: ;   {runtime_call throw_null_pointer_exception Runtime1 stub}
  0x000001393051170c: feff ffe8 

  0x0000013930511710: ; ImmutableOopMap {rdx=Oop [40]=Oop [48]=Oop }
                      ;*invokeinterface run {reexecute=0 rethrow=0 return_oop=0}
                      ; - java.security.AccessController::executePrivileged@29 (line 778)
  0x0000013930511710: 6c08 4207 

  0x0000013930511714: ;   {metadata({method} {0x000001394603d400} 'reachabilityFence' '(Ljava/lang/Object;)V' in 'java/lang/ref/Reference')}
  0x0000013930511714: 49ba f8d3 | 0346 3901 | 0000 4c89 | 5424 0848 | c704 24ff 

  0x0000013930511728: ;   {runtime_call counter_overflow Runtime1 stub}
  0x0000013930511728: ffff ffe8 

  0x000001393051172c: ; ImmutableOopMap {rax=Oop r9=Oop }
                      ;*synchronization entry
                      ; - java.lang.ref.Reference::reachabilityFence@-1 (line 628)
                      ; - java.security.AccessController::executePrivileged@56 (line 783)
  0x000001393051172c: 5075 4207 | e96d ffff 

  0x0000013930511734: ;   {metadata({method} {0x000001394603d400} 'reachabilityFence' '(Ljava/lang/Object;)V' in 'java/lang/ref/Reference')}
  0x0000013930511734: ff49 baf8 | d303 4639 | 0100 004c | 8954 2408 | 48c7 0424 | ffff ffff 

  0x000001393051174c: ;   {runtime_call counter_overflow Runtime1 stub}
  0x000001393051174c: e82f 7542 

  0x0000013930511750: ; ImmutableOopMap {rax=Oop }
                      ;*synchronization entry
                      ; - java.lang.ref.Reference::reachabilityFence@-1 (line 628)
                      ; - java.security.AccessController::executePrivileged@60 (line 784)
                      ;   {internal_word}
  0x0000013930511750: 07eb 8849 | bae0 1651 | 3039 0100 | 004d 8997 | 6804 0000 

  0x0000013930511764: ;   {runtime_call SafepointBlob}
  0x0000013930511764: e997 3f36 | 0749 8b87 | 0005 0000 | 49c7 8700 | 0500 0000 | 0000 0049 | c787 0805 | 0000 0000 
  0x0000013930511784: 0000 4883 

  0x0000013930511788: ;   {runtime_call unwind_exception Runtime1 stub}
  0x0000013930511788: c440 5de9 | 70eb 4107 
[Stub Code]
  0x0000013930511790: ;   {no_reloc}
  0x0000013930511790: 0f1f 4400 

  0x0000013930511794: ;   {static_stub}
  0x0000013930511794: 0048 bb00 | 0000 0000 

  0x000001393051179c: ;   {runtime_call}
  0x000001393051179c: 0000 00e9 | fbff ffff 

  0x00000139305117a4: ;   {static_stub}
  0x00000139305117a4: 48bb f086 | 4746 3901 

  0x00000139305117ac: ;   {runtime_call I2C/C2I adapters}
  0x00000139305117ac: 0000 e9b0 

  0x00000139305117b0: ;   {runtime_call handle_exception_from_callee Runtime1 stub}
  0x00000139305117b0: 1c36 07e8 | 483d 4207 

  0x00000139305117b8: ;   {external_word}
  0x00000139305117b8: 48b9 0048 | 794c fc7f | 0000 4883 

  0x00000139305117c4: ;   {runtime_call}
  0x00000139305117c4: e4f0 48b8 | 4024 414c | fc7f 0000 

  0x00000139305117d0: ;   {section_word}
  0x00000139305117d0: ffd0 f449 | bad3 1751 | 3039 0100 

  0x00000139305117dc: ;   {runtime_call DeoptimizationBlob}
  0x00000139305117dc: 0041 52e9 | bc31 3607 | f4f4 f4f4 
[/MachCode]


---------------  P R O C E S S  ---------------

Threads class SMR info:
_java_thread_list=0x000001398b814a00, length=15, elements={
0x000001394528e3b0, 0x000001394528f0d0, 0x0000013945291d90, 0x00000139452950d0,
0x00000139452961a0, 0x0000013945299610, 0x000001394529f030, 0x00000139452a4ee0,
0x00000139454b5bf0, 0x00000139456bdf70, 0x00000139457a04d0, 0x00000139457a7a20,
0x00000139457acf70, 0x000001398bab42a0, 0x0000013925bec360
}

Java Threads: ( => current thread )
  0x000001394528e3b0 JavaThread "Reference Handler"          daemon [_thread_blocked, id=6080, stack(0x0000000a95e00000,0x0000000a95f00000) (1024K)]
  0x000001394528f0d0 JavaThread "Finalizer"                  daemon [_thread_blocked, id=19748, stack(0x0000000a95f00000,0x0000000a96000000) (1024K)]
  0x0000013945291d90 JavaThread "Signal Dispatcher"          daemon [_thread_blocked, id=15332, stack(0x0000000a96000000,0x0000000a96100000) (1024K)]
  0x00000139452950d0 JavaThread "Attach Listener"            daemon [_thread_blocked, id=13284, stack(0x0000000a96100000,0x0000000a96200000) (1024K)]
  0x00000139452961a0 JavaThread "Service Thread"             daemon [_thread_blocked, id=1784, stack(0x0000000a96200000,0x0000000a96300000) (1024K)]
  0x0000013945299610 JavaThread "Monitor Deflation Thread"   daemon [_thread_blocked, id=14956, stack(0x0000000a96300000,0x0000000a96400000) (1024K)]
  0x000001394529f030 JavaThread "C2 CompilerThread0"         daemon [_thread_blocked, id=18616, stack(0x0000000a96400000,0x0000000a96500000) (1024K)]
  0x00000139452a4ee0 JavaThread "C1 CompilerThread0"         daemon [_thread_blocked, id=7680, stack(0x0000000a96500000,0x0000000a96600000) (1024K)]
  0x00000139454b5bf0 JavaThread "Common-Cleaner"             daemon [_thread_blocked, id=19672, stack(0x0000000a96600000,0x0000000a96700000) (1024K)]
  0x00000139456bdf70 JavaThread "Notification Thread"        daemon [_thread_blocked, id=6400, stack(0x0000000a96c00000,0x0000000a96d00000) (1024K)]
  0x00000139457a04d0 JavaThread "Java2D Disposer"            daemon [_thread_blocked, id=3888, stack(0x0000000a96d00000,0x0000000a96e00000) (1024K)]
  0x00000139457a7a20 JavaThread "AWT-Shutdown"                      [_thread_blocked, id=8636, stack(0x0000000a96e00000,0x0000000a96f00000) (1024K)]
  0x00000139457acf70 JavaThread "AWT-Windows"                daemon [_thread_in_native, id=15104, stack(0x0000000a96f00000,0x0000000a97000000) (1024K)]
=>0x000001398bab42a0 JavaThread "AWT-EventQueue-0"                  [_thread_in_vm, id=13984, stack(0x0000000a97000000,0x0000000a97100000) (1024K)]
  0x0000013925bec360 JavaThread "DestroyJavaVM"                     [_thread_blocked, id=14352, stack(0x0000000a95600000,0x0000000a95700000) (1024K)]
Total: 15

Other Threads:
  0x00000139452702d0 VMThread "VM Thread"                           [id=2292, stack(0x0000000a95d00000,0x0000000a95e00000) (1024K)]
  0x0000013945256970 WatcherThread "VM Periodic Task Thread"        [id=9124, stack(0x0000000a95c00000,0x0000000a95d00000) (1024K)]
  0x0000013927fbbe30 WorkerThread "GC Thread#0"                     [id=15212, stack(0x0000000a95700000,0x0000000a95800000) (1024K)]
  0x0000013927fcc830 ConcurrentGCThread "G1 Main Marker"            [id=2716, stack(0x0000000a95800000,0x0000000a95900000) (1024K)]
  0x0000013927fcd3f0 WorkerThread "G1 Conc#0"                       [id=15620, stack(0x0000000a95900000,0x0000000a95a00000) (1024K)]
  0x000001392802e9f0 ConcurrentGCThread "G1 Refine#0"               [id=12964, stack(0x0000000a95a00000,0x0000000a95b00000) (1024K)]
  0x000001394512a290 ConcurrentGCThread "G1 Service"                [id=7632, stack(0x0000000a95b00000,0x0000000a95c00000) (1024K)]
Total: 7

Threads with active compile tasks:
Total: 0

VM state: not at safepoint (normal execution)

VM Mutex/Monitor currently owned by a thread: None

Heap address: 0x0000000084800000, size: 1976 MB, Compressed Oops mode: 32-bit

CDS archive(s) mapped at: [0x0000013946000000-0x0000013946c90000-0x0000013946c90000), size 13172736, SharedBaseAddress: 0x0000013946000000, ArchiveRelocationMode: 1.
Compressed class space mapped at: 0x0000013947000000-0x0000013987000000, reserved size: 1073741824
Narrow klass base: 0x0000013946000000, Narrow klass shift: 0, Narrow klass range: 0x100000000

GC Precious Log:
 CardTable entry size: 512
 Card Set container configuration: InlinePtr #cards 5 size 8 Array Of Cards #cards 12 size 40 Howl #buckets 4 coarsen threshold 1843 Howl Bitmap #cards 512 size 80 coarsen threshold 460 Card regions per heap region 1 cards per card region 2048
 CPUs: 16 total, 16 available
 Memory: 7896M
 Large Page Support: Disabled
 NUMA Support: Disabled
 Compressed Oops: Enabled (32-bit)
 Heap Region Size: 1M
 Heap Min Capacity: 8M
 Heap Initial Capacity: 124M
 Heap Max Capacity: 1976M
 Pre-touch: Disabled
 Parallel Workers: 13
 Concurrent Workers: 3
 Concurrent Refinement Workers: 13
 Periodic GC: Disabled

Heap:
 garbage-first heap   total 126976K, used 10240K [0x0000000084800000, 0x0000000100000000)
  region size 1024K, 9 young (9216K), 0 survivors (0K)
 Metaspace       used 6653K, committed 6912K, reserved 1114112K
  class space    used 697K, committed 832K, reserved 1048576K

Heap Regions: E=young(eden), S=young(survivor), O=old, HS=humongous(starts), HC=humongous(continues), CS=collection set, F=free, TAMS=top-at-mark-start, PB=parsable bottom
|   0|0x0000000084800000, 0x0000000084900000, 0x0000000084900000|100%|HS|  |TAMS 0x0000000084800000| PB 0x0000000084800000| Complete 
|   1|0x0000000084900000, 0x0000000084a00000, 0x0000000084a00000|100%|HC|  |TAMS 0x0000000084900000| PB 0x0000000084900000| Complete 
|   2|0x0000000084a00000, 0x0000000084a00000, 0x0000000084b00000|  0%| F|  |TAMS 0x0000000084a00000| PB 0x0000000084a00000| Untracked 
|   3|0x0000000084b00000, 0x0000000084b00000, 0x0000000084c00000|  0%| F|  |TAMS 0x0000000084b00000| PB 0x0000000084b00000| Untracked 
|   4|0x0000000084c00000, 0x0000000084c00000, 0x0000000084d00000|  0%| F|  |TAMS 0x0000000084c00000| PB 0x0000000084c00000| Untracked 
|   5|0x0000000084d00000, 0x0000000084d00000, 0x0000000084e00000|  0%| F|  |TAMS 0x0000000084d00000| PB 0x0000000084d00000| Untracked 
|   6|0x0000000084e00000, 0x0000000084e00000, 0x0000000084f00000|  0%| F|  |TAMS 0x0000000084e00000| PB 0x0000000084e00000| Untracked 
|   7|0x0000000084f00000, 0x0000000084f00000, 0x0000000085000000|  0%| F|  |TAMS 0x0000000084f00000| PB 0x0000000084f00000| Untracked 
|   8|0x0000000085000000, 0x0000000085000000, 0x0000000085100000|  0%| F|  |TAMS 0x0000000085000000| PB 0x0000000085000000| Untracked 
|   9|0x0000000085100000, 0x0000000085100000, 0x0000000085200000|  0%| F|  |TAMS 0x0000000085100000| PB 0x0000000085100000| Untracked 
|  10|0x0000000085200000, 0x0000000085200000, 0x0000000085300000|  0%| F|  |TAMS 0x0000000085200000| PB 0x0000000085200000| Untracked 
|  11|0x0000000085300000, 0x0000000085300000, 0x0000000085400000|  0%| F|  |TAMS 0x0000000085300000| PB 0x0000000085300000| Untracked 
|  12|0x0000000085400000, 0x0000000085400000, 0x0000000085500000|  0%| F|  |TAMS 0x0000000085400000| PB 0x0000000085400000| Untracked 
|  13|0x0000000085500000, 0x0000000085500000, 0x0000000085600000|  0%| F|  |TAMS 0x0000000085500000| PB 0x0000000085500000| Untracked 
|  14|0x0000000085600000, 0x0000000085600000, 0x0000000085700000|  0%| F|  |TAMS 0x0000000085600000| PB 0x0000000085600000| Untracked 
|  15|0x0000000085700000, 0x0000000085700000, 0x0000000085800000|  0%| F|  |TAMS 0x0000000085700000| PB 0x0000000085700000| Untracked 
|  16|0x0000000085800000, 0x0000000085800000, 0x0000000085900000|  0%| F|  |TAMS 0x0000000085800000| PB 0x0000000085800000| Untracked 
|  17|0x0000000085900000, 0x0000000085900000, 0x0000000085a00000|  0%| F|  |TAMS 0x0000000085900000| PB 0x0000000085900000| Untracked 
|  18|0x0000000085a00000, 0x0000000085a00000, 0x0000000085b00000|  0%| F|  |TAMS 0x0000000085a00000| PB 0x0000000085a00000| Untracked 
|  19|0x0000000085b00000, 0x0000000085b00000, 0x0000000085c00000|  0%| F|  |TAMS 0x0000000085b00000| PB 0x0000000085b00000| Untracked 
|  20|0x0000000085c00000, 0x0000000085c00000, 0x0000000085d00000|  0%| F|  |TAMS 0x0000000085c00000| PB 0x0000000085c00000| Untracked 
|  21|0x0000000085d00000, 0x0000000085d00000, 0x0000000085e00000|  0%| F|  |TAMS 0x0000000085d00000| PB 0x0000000085d00000| Untracked 
|  22|0x0000000085e00000, 0x0000000085e00000, 0x0000000085f00000|  0%| F|  |TAMS 0x0000000085e00000| PB 0x0000000085e00000| Untracked 
|  23|0x0000000085f00000, 0x0000000085f00000, 0x0000000086000000|  0%| F|  |TAMS 0x0000000085f00000| PB 0x0000000085f00000| Untracked 
|  24|0x0000000086000000, 0x0000000086000000, 0x0000000086100000|  0%| F|  |TAMS 0x0000000086000000| PB 0x0000000086000000| Untracked 
|  25|0x0000000086100000, 0x0000000086100000, 0x0000000086200000|  0%| F|  |TAMS 0x0000000086100000| PB 0x0000000086100000| Untracked 
|  26|0x0000000086200000, 0x0000000086200000, 0x0000000086300000|  0%| F|  |TAMS 0x0000000086200000| PB 0x0000000086200000| Untracked 
|  27|0x0000000086300000, 0x0000000086300000, 0x0000000086400000|  0%| F|  |TAMS 0x0000000086300000| PB 0x0000000086300000| Untracked 
|  28|0x0000000086400000, 0x0000000086400000, 0x0000000086500000|  0%| F|  |TAMS 0x0000000086400000| PB 0x0000000086400000| Untracked 
|  29|0x0000000086500000, 0x0000000086500000, 0x0000000086600000|  0%| F|  |TAMS 0x0000000086500000| PB 0x0000000086500000| Untracked 
|  30|0x0000000086600000, 0x0000000086600000, 0x0000000086700000|  0%| F|  |TAMS 0x0000000086600000| PB 0x0000000086600000| Untracked 
|  31|0x0000000086700000, 0x0000000086700000, 0x0000000086800000|  0%| F|  |TAMS 0x0000000086700000| PB 0x0000000086700000| Untracked 
|  32|0x0000000086800000, 0x0000000086800000, 0x0000000086900000|  0%| F|  |TAMS 0x0000000086800000| PB 0x0000000086800000| Untracked 
|  33|0x0000000086900000, 0x0000000086900000, 0x0000000086a00000|  0%| F|  |TAMS 0x0000000086900000| PB 0x0000000086900000| Untracked 
|  34|0x0000000086a00000, 0x0000000086a00000, 0x0000000086b00000|  0%| F|  |TAMS 0x0000000086a00000| PB 0x0000000086a00000| Untracked 
|  35|0x0000000086b00000, 0x0000000086b00000, 0x0000000086c00000|  0%| F|  |TAMS 0x0000000086b00000| PB 0x0000000086b00000| Untracked 
|  36|0x0000000086c00000, 0x0000000086c00000, 0x0000000086d00000|  0%| F|  |TAMS 0x0000000086c00000| PB 0x0000000086c00000| Untracked 
|  37|0x0000000086d00000, 0x0000000086d00000, 0x0000000086e00000|  0%| F|  |TAMS 0x0000000086d00000| PB 0x0000000086d00000| Untracked 
|  38|0x0000000086e00000, 0x0000000086e00000, 0x0000000086f00000|  0%| F|  |TAMS 0x0000000086e00000| PB 0x0000000086e00000| Untracked 
|  39|0x0000000086f00000, 0x0000000086f00000, 0x0000000087000000|  0%| F|  |TAMS 0x0000000086f00000| PB 0x0000000086f00000| Untracked 
|  40|0x0000000087000000, 0x0000000087000000, 0x0000000087100000|  0%| F|  |TAMS 0x0000000087000000| PB 0x0000000087000000| Untracked 
|  41|0x0000000087100000, 0x0000000087100000, 0x0000000087200000|  0%| F|  |TAMS 0x0000000087100000| PB 0x0000000087100000| Untracked 
|  42|0x0000000087200000, 0x0000000087200000, 0x0000000087300000|  0%| F|  |TAMS 0x0000000087200000| PB 0x0000000087200000| Untracked 
|  43|0x0000000087300000, 0x0000000087300000, 0x0000000087400000|  0%| F|  |TAMS 0x0000000087300000| PB 0x0000000087300000| Untracked 
|  44|0x0000000087400000, 0x0000000087400000, 0x0000000087500000|  0%| F|  |TAMS 0x0000000087400000| PB 0x0000000087400000| Untracked 
|  45|0x0000000087500000, 0x0000000087500000, 0x0000000087600000|  0%| F|  |TAMS 0x0000000087500000| PB 0x0000000087500000| Untracked 
|  46|0x0000000087600000, 0x0000000087600000, 0x0000000087700000|  0%| F|  |TAMS 0x0000000087600000| PB 0x0000000087600000| Untracked 
|  47|0x0000000087700000, 0x0000000087700000, 0x0000000087800000|  0%| F|  |TAMS 0x0000000087700000| PB 0x0000000087700000| Untracked 
|  48|0x0000000087800000, 0x0000000087800000, 0x0000000087900000|  0%| F|  |TAMS 0x0000000087800000| PB 0x0000000087800000| Untracked 
|  49|0x0000000087900000, 0x0000000087900000, 0x0000000087a00000|  0%| F|  |TAMS 0x0000000087900000| PB 0x0000000087900000| Untracked 
|  50|0x0000000087a00000, 0x0000000087a00000, 0x0000000087b00000|  0%| F|  |TAMS 0x0000000087a00000| PB 0x0000000087a00000| Untracked 
|  51|0x0000000087b00000, 0x0000000087b00000, 0x0000000087c00000|  0%| F|  |TAMS 0x0000000087b00000| PB 0x0000000087b00000| Untracked 
|  52|0x0000000087c00000, 0x0000000087c00000, 0x0000000087d00000|  0%| F|  |TAMS 0x0000000087c00000| PB 0x0000000087c00000| Untracked 
|  53|0x0000000087d00000, 0x0000000087d00000, 0x0000000087e00000|  0%| F|  |TAMS 0x0000000087d00000| PB 0x0000000087d00000| Untracked 
|  54|0x0000000087e00000, 0x0000000087e00000, 0x0000000087f00000|  0%| F|  |TAMS 0x0000000087e00000| PB 0x0000000087e00000| Untracked 
|  55|0x0000000087f00000, 0x0000000087f00000, 0x0000000088000000|  0%| F|  |TAMS 0x0000000087f00000| PB 0x0000000087f00000| Untracked 
|  56|0x0000000088000000, 0x0000000088000000, 0x0000000088100000|  0%| F|  |TAMS 0x0000000088000000| PB 0x0000000088000000| Untracked 
|  57|0x0000000088100000, 0x0000000088100000, 0x0000000088200000|  0%| F|  |TAMS 0x0000000088100000| PB 0x0000000088100000| Untracked 
|  58|0x0000000088200000, 0x0000000088200000, 0x0000000088300000|  0%| F|  |TAMS 0x0000000088200000| PB 0x0000000088200000| Untracked 
|  59|0x0000000088300000, 0x0000000088300000, 0x0000000088400000|  0%| F|  |TAMS 0x0000000088300000| PB 0x0000000088300000| Untracked 
|  60|0x0000000088400000, 0x0000000088400000, 0x0000000088500000|  0%| F|  |TAMS 0x0000000088400000| PB 0x0000000088400000| Untracked 
|  61|0x0000000088500000, 0x0000000088500000, 0x0000000088600000|  0%| F|  |TAMS 0x0000000088500000| PB 0x0000000088500000| Untracked 
|  62|0x0000000088600000, 0x0000000088600000, 0x0000000088700000|  0%| F|  |TAMS 0x0000000088600000| PB 0x0000000088600000| Untracked 
|  63|0x0000000088700000, 0x0000000088700000, 0x0000000088800000|  0%| F|  |TAMS 0x0000000088700000| PB 0x0000000088700000| Untracked 
|  64|0x0000000088800000, 0x0000000088800000, 0x0000000088900000|  0%| F|  |TAMS 0x0000000088800000| PB 0x0000000088800000| Untracked 
|  65|0x0000000088900000, 0x0000000088900000, 0x0000000088a00000|  0%| F|  |TAMS 0x0000000088900000| PB 0x0000000088900000| Untracked 
|  66|0x0000000088a00000, 0x0000000088a00000, 0x0000000088b00000|  0%| F|  |TAMS 0x0000000088a00000| PB 0x0000000088a00000| Untracked 
|  67|0x0000000088b00000, 0x0000000088b00000, 0x0000000088c00000|  0%| F|  |TAMS 0x0000000088b00000| PB 0x0000000088b00000| Untracked 
|  68|0x0000000088c00000, 0x0000000088c00000, 0x0000000088d00000|  0%| F|  |TAMS 0x0000000088c00000| PB 0x0000000088c00000| Untracked 
|  69|0x0000000088d00000, 0x0000000088d00000, 0x0000000088e00000|  0%| F|  |TAMS 0x0000000088d00000| PB 0x0000000088d00000| Untracked 
|  70|0x0000000088e00000, 0x0000000088e00000, 0x0000000088f00000|  0%| F|  |TAMS 0x0000000088e00000| PB 0x0000000088e00000| Untracked 
|  71|0x0000000088f00000, 0x0000000088f00000, 0x0000000089000000|  0%| F|  |TAMS 0x0000000088f00000| PB 0x0000000088f00000| Untracked 
|  72|0x0000000089000000, 0x0000000089000000, 0x0000000089100000|  0%| F|  |TAMS 0x0000000089000000| PB 0x0000000089000000| Untracked 
|  73|0x0000000089100000, 0x0000000089100000, 0x0000000089200000|  0%| F|  |TAMS 0x0000000089100000| PB 0x0000000089100000| Untracked 
|  74|0x0000000089200000, 0x0000000089200000, 0x0000000089300000|  0%| F|  |TAMS 0x0000000089200000| PB 0x0000000089200000| Untracked 
|  75|0x0000000089300000, 0x0000000089300000, 0x0000000089400000|  0%| F|  |TAMS 0x0000000089300000| PB 0x0000000089300000| Untracked 
|  76|0x0000000089400000, 0x0000000089400000, 0x0000000089500000|  0%| F|  |TAMS 0x0000000089400000| PB 0x0000000089400000| Untracked 
|  77|0x0000000089500000, 0x0000000089500000, 0x0000000089600000|  0%| F|  |TAMS 0x0000000089500000| PB 0x0000000089500000| Untracked 
|  78|0x0000000089600000, 0x0000000089600000, 0x0000000089700000|  0%| F|  |TAMS 0x0000000089600000| PB 0x0000000089600000| Untracked 
|  79|0x0000000089700000, 0x0000000089700000, 0x0000000089800000|  0%| F|  |TAMS 0x0000000089700000| PB 0x0000000089700000| Untracked 
|  80|0x0000000089800000, 0x0000000089800000, 0x0000000089900000|  0%| F|  |TAMS 0x0000000089800000| PB 0x0000000089800000| Untracked 
|  81|0x0000000089900000, 0x0000000089900000, 0x0000000089a00000|  0%| F|  |TAMS 0x0000000089900000| PB 0x0000000089900000| Untracked 
|  82|0x0000000089a00000, 0x0000000089a00000, 0x0000000089b00000|  0%| F|  |TAMS 0x0000000089a00000| PB 0x0000000089a00000| Untracked 
|  83|0x0000000089b00000, 0x0000000089b00000, 0x0000000089c00000|  0%| F|  |TAMS 0x0000000089b00000| PB 0x0000000089b00000| Untracked 
|  84|0x0000000089c00000, 0x0000000089c00000, 0x0000000089d00000|  0%| F|  |TAMS 0x0000000089c00000| PB 0x0000000089c00000| Untracked 
|  85|0x0000000089d00000, 0x0000000089d00000, 0x0000000089e00000|  0%| F|  |TAMS 0x0000000089d00000| PB 0x0000000089d00000| Untracked 
|  86|0x0000000089e00000, 0x0000000089e00000, 0x0000000089f00000|  0%| F|  |TAMS 0x0000000089e00000| PB 0x0000000089e00000| Untracked 
|  87|0x0000000089f00000, 0x0000000089f00000, 0x000000008a000000|  0%| F|  |TAMS 0x0000000089f00000| PB 0x0000000089f00000| Untracked 
|  88|0x000000008a000000, 0x000000008a000000, 0x000000008a100000|  0%| F|  |TAMS 0x000000008a000000| PB 0x000000008a000000| Untracked 
|  89|0x000000008a100000, 0x000000008a100000, 0x000000008a200000|  0%| F|  |TAMS 0x000000008a100000| PB 0x000000008a100000| Untracked 
|  90|0x000000008a200000, 0x000000008a200000, 0x000000008a300000|  0%| F|  |TAMS 0x000000008a200000| PB 0x000000008a200000| Untracked 
|  91|0x000000008a300000, 0x000000008a300000, 0x000000008a400000|  0%| F|  |TAMS 0x000000008a300000| PB 0x000000008a300000| Untracked 
|  92|0x000000008a400000, 0x000000008a400000, 0x000000008a500000|  0%| F|  |TAMS 0x000000008a400000| PB 0x000000008a400000| Untracked 
|  93|0x000000008a500000, 0x000000008a500000, 0x000000008a600000|  0%| F|  |TAMS 0x000000008a500000| PB 0x000000008a500000| Untracked 
|  94|0x000000008a600000, 0x000000008a600000, 0x000000008a700000|  0%| F|  |TAMS 0x000000008a600000| PB 0x000000008a600000| Untracked 
|  95|0x000000008a700000, 0x000000008a700000, 0x000000008a800000|  0%| F|  |TAMS 0x000000008a700000| PB 0x000000008a700000| Untracked 
|  96|0x000000008a800000, 0x000000008a800000, 0x000000008a900000|  0%| F|  |TAMS 0x000000008a800000| PB 0x000000008a800000| Untracked 
|  97|0x000000008a900000, 0x000000008a900000, 0x000000008aa00000|  0%| F|  |TAMS 0x000000008a900000| PB 0x000000008a900000| Untracked 
|  98|0x000000008aa00000, 0x000000008aa00000, 0x000000008ab00000|  0%| F|  |TAMS 0x000000008aa00000| PB 0x000000008aa00000| Untracked 
|  99|0x000000008ab00000, 0x000000008ab00000, 0x000000008ac00000|  0%| F|  |TAMS 0x000000008ab00000| PB 0x000000008ab00000| Untracked 
| 100|0x000000008ac00000, 0x000000008ac00000, 0x000000008ad00000|  0%| F|  |TAMS 0x000000008ac00000| PB 0x000000008ac00000| Untracked 
| 101|0x000000008ad00000, 0x000000008ad00000, 0x000000008ae00000|  0%| F|  |TAMS 0x000000008ad00000| PB 0x000000008ad00000| Untracked 
| 102|0x000000008ae00000, 0x000000008ae00000, 0x000000008af00000|  0%| F|  |TAMS 0x000000008ae00000| PB 0x000000008ae00000| Untracked 
| 103|0x000000008af00000, 0x000000008af00000, 0x000000008b000000|  0%| F|  |TAMS 0x000000008af00000| PB 0x000000008af00000| Untracked 
| 104|0x000000008b000000, 0x000000008b000000, 0x000000008b100000|  0%| F|  |TAMS 0x000000008b000000| PB 0x000000008b000000| Untracked 
| 105|0x000000008b100000, 0x000000008b100000, 0x000000008b200000|  0%| F|  |TAMS 0x000000008b100000| PB 0x000000008b100000| Untracked 
| 106|0x000000008b200000, 0x000000008b200000, 0x000000008b300000|  0%| F|  |TAMS 0x000000008b200000| PB 0x000000008b200000| Untracked 
| 107|0x000000008b300000, 0x000000008b300000, 0x000000008b400000|  0%| F|  |TAMS 0x000000008b300000| PB 0x000000008b300000| Untracked 
| 108|0x000000008b400000, 0x000000008b400000, 0x000000008b500000|  0%| F|  |TAMS 0x000000008b400000| PB 0x000000008b400000| Untracked 
| 109|0x000000008b500000, 0x000000008b500000, 0x000000008b600000|  0%| F|  |TAMS 0x000000008b500000| PB 0x000000008b500000| Untracked 
| 110|0x000000008b600000, 0x000000008b600000, 0x000000008b700000|  0%| F|  |TAMS 0x000000008b600000| PB 0x000000008b600000| Untracked 
| 111|0x000000008b700000, 0x000000008b700000, 0x000000008b800000|  0%| F|  |TAMS 0x000000008b700000| PB 0x000000008b700000| Untracked 
| 112|0x000000008b800000, 0x000000008b800000, 0x000000008b900000|  0%| F|  |TAMS 0x000000008b800000| PB 0x000000008b800000| Untracked 
| 113|0x000000008b900000, 0x000000008b900000, 0x000000008ba00000|  0%| F|  |TAMS 0x000000008b900000| PB 0x000000008b900000| Untracked 
| 114|0x000000008ba00000, 0x000000008ba00000, 0x000000008bb00000|  0%| F|  |TAMS 0x000000008ba00000| PB 0x000000008ba00000| Untracked 
| 115|0x000000008bb00000, 0x000000008bbec2d8, 0x000000008bc00000| 92%| E|  |TAMS 0x000000008bb00000| PB 0x000000008bb00000| Complete 
| 116|0x000000008bc00000, 0x000000008bd00000, 0x000000008bd00000|100%| E|CS|TAMS 0x000000008bc00000| PB 0x000000008bc00000| Complete 
| 117|0x000000008bd00000, 0x000000008be00000, 0x000000008be00000|100%| E|CS|TAMS 0x000000008bd00000| PB 0x000000008bd00000| Complete 
| 118|0x000000008be00000, 0x000000008bf00000, 0x000000008bf00000|100%| E|CS|TAMS 0x000000008be00000| PB 0x000000008be00000| Complete 
| 119|0x000000008bf00000, 0x000000008c000000, 0x000000008c000000|100%| E|CS|TAMS 0x000000008bf00000| PB 0x000000008bf00000| Complete 
| 120|0x000000008c000000, 0x000000008c100000, 0x000000008c100000|100%| E|CS|TAMS 0x000000008c000000| PB 0x000000008c000000| Complete 
| 121|0x000000008c100000, 0x000000008c200000, 0x000000008c200000|100%| E|CS|TAMS 0x000000008c100000| PB 0x000000008c100000| Complete 
| 122|0x000000008c200000, 0x000000008c300000, 0x000000008c300000|100%| E|CS|TAMS 0x000000008c200000| PB 0x000000008c200000| Complete 
| 123|0x000000008c300000, 0x000000008c400000, 0x000000008c400000|100%| E|CS|TAMS 0x000000008c300000| PB 0x000000008c300000| Complete 

Card table byte_map: [0x0000013940050000,0x0000013940430000] _byte_map_base: 0x000001393fc2c000

Marking Bits: (CMBitMap*) 0x0000013927fbc850
 Bits: [0x0000013940430000, 0x0000013942310000)

Polling page: 0x0000013925ea0000

Metaspace:

Usage:
  Non-class:      5.82 MB used.
      Class:    697.97 KB used.
       Both:      6.50 MB used.

Virtual space:
  Non-class space:       64.00 MB reserved,       5.94 MB (  9%) committed,  1 nodes.
      Class space:        1.00 GB reserved,     832.00 KB ( <1%) committed,  1 nodes.
             Both:        1.06 GB reserved,       6.75 MB ( <1%) committed. 

Chunk freelists:
   Non-Class:  10.11 MB
       Class:  15.23 MB
        Both:  25.35 MB

MaxMetaspaceSize: unlimited
CompressedClassSpaceSize: 1.00 GB
Initial GC threshold: 21.00 MB
Current GC threshold: 21.00 MB
CDS: on
 - commit_granule_bytes: 65536.
 - commit_granule_words: 8192.
 - virtual_space_node_default_size: 8388608.
 - enlarge_chunks_in_place: 1.
 - use_allocation_guard: 0.


Internal statistics:

num_allocs_failed_limit: 0.
num_arena_births: 146.
num_arena_deaths: 0.
num_vsnodes_births: 2.
num_vsnodes_deaths: 0.
num_space_committed: 108.
num_space_uncommitted: 0.
num_chunks_returned_to_freelist: 0.
num_chunks_taken_from_freelist: 178.
num_chunk_merges: 0.
num_chunk_splits: 106.
num_chunks_enlarged: 41.
num_inconsistent_stats: 0.

CodeHeap 'non-profiled nmethods': size=119168Kb used=258Kb max_used=258Kb free=118909Kb
 bounds [0x0000013937f70000, 0x00000139381e0000, 0x000001393f3d0000]
CodeHeap 'profiled nmethods': size=119104Kb used=1300Kb max_used=1300Kb free=117803Kb
 bounds [0x00000139303d0000, 0x0000013930640000, 0x0000013937820000]
CodeHeap 'non-nmethods': size=7488Kb used=1513Kb max_used=3215Kb free=5974Kb
 bounds [0x0000013937820000, 0x0000013937b50000, 0x0000013937f70000]
 total_blobs=1479 nmethods=890 adapters=494
 compilation: enabled
              stopped_count=0, restarted_count=0
 full_count=0

Compilation events (20 events):
Event: 0.987 Thread 0x00000139452a4ee0  881       3       java.util.concurrent.locks.AbstractQueuedSynchronizer::signalNext (34 bytes)
Event: 0.988 Thread 0x00000139452a4ee0 nmethod 881 0x000001393050fb10 code [0x000001393050fd00, 0x00000139305101b0]
Event: 0.988 Thread 0x00000139452a4ee0  882       3       java.util.concurrent.locks.AbstractQueuedSynchronizer::release (19 bytes)
Event: 0.989 Thread 0x00000139452a4ee0 nmethod 882 0x0000013930510310 code [0x0000013930510520, 0x0000013930510b60]
Event: 0.989 Thread 0x00000139452a4ee0  883       3       java.util.concurrent.locks.ReentrantLock$Sync::tryRelease (51 bytes)
Event: 0.989 Thread 0x00000139452a4ee0 nmethod 883 0x0000013930510d10 code [0x0000013930510ee0, 0x0000013930511208]
Event: 1.724 Thread 0x00000139452a4ee0  885       3       java.security.AccessController::executePrivileged (65 bytes)
Event: 1.724 Thread 0x00000139452a4ee0 nmethod 885 0x0000013930511310 code [0x00000139305114e0, 0x00000139305117e8]
Event: 1.724 Thread 0x00000139452a4ee0  884       3       java.security.AccessControlContext::optimize (319 bytes)
Event: 1.726 Thread 0x00000139452a4ee0 nmethod 884 0x0000013930511990 code [0x0000013930511d40, 0x00000139305133b0]
Event: 1.771 Thread 0x00000139452a4ee0  886       3       java.util.concurrent.locks.ReentrantLock::lock (8 bytes)
Event: 1.771 Thread 0x00000139452a4ee0 nmethod 886 0x0000013930513a90 code [0x0000013930513c60, 0x0000013930513f18]
Event: 1.771 Thread 0x00000139452a4ee0  887       3       java.util.concurrent.locks.ReentrantLock$Sync::lock (13 bytes)
Event: 1.771 Thread 0x00000139452a4ee0 nmethod 887 0x0000013930514010 code [0x00000139305141c0, 0x0000013930514410]
Event: 1.771 Thread 0x00000139452a4ee0  888       3       java.util.concurrent.locks.ReentrantLock$NonfairSync::initialTryLock (58 bytes)
Event: 1.772 Thread 0x00000139452a4ee0 nmethod 888 0x0000013930514510 code [0x0000013930514700, 0x0000013930514af0]
Event: 1.772 Thread 0x00000139452a4ee0  889       3       java.util.concurrent.locks.ReentrantLock::unlock (10 bytes)
Event: 1.772 Thread 0x00000139452a4ee0 nmethod 889 0x0000013930514c10 code [0x0000013930514de0, 0x00000139305150c0]
Event: 1403.343 Thread 0x000001394529f030  890       4       java.util.Arrays::binarySearch0 (95 bytes)
Event: 1403.396 Thread 0x000001394529f030 nmethod 890 0x0000013937fb0410 code [0x0000013937fb05a0, 0x0000013937fb07c0]

GC Heap History (0 events):
No events

Dll operation events (9 events):
Event: 0.004 Loaded shared library C:\Program Files\Java\jdk-21\bin\java.dll
Event: 0.027 Loaded shared library C:\Program Files\Java\jdk-21\bin\jsvml.dll
Event: 0.046 Loaded shared library C:\Program Files\Java\jdk-21\bin\net.dll
Event: 0.047 Loaded shared library C:\Program Files\Java\jdk-21\bin\nio.dll
Event: 0.051 Loaded shared library C:\Program Files\Java\jdk-21\bin\zip.dll
Event: 0.097 Loaded shared library C:\Program Files\Java\jdk-21\bin\jimage.dll
Event: 0.116 Loaded shared library C:\Program Files\Java\jdk-21\bin\awt.dll
Event: 0.266 Loaded shared library C:\Program Files\Java\jdk-21\bin\freetype.dll
Event: 0.267 Loaded shared library C:\Program Files\Java\jdk-21\bin\fontmanager.dll

Deoptimization events (20 events):
Event: 0.221 Thread 0x0000013925bec360 Uncommon trap: trap_request=0xffffffc6 fr.pc=0x0000013937f8d124 relative=0x0000000000000ba4
Event: 0.221 Thread 0x0000013925bec360 Uncommon trap: reason=bimorphic_or_optimized_type_check action=maybe_recompile pc=0x0000013937f8d124 method=java.util.HashMap.putVal(ILjava/lang/Object;Ljava/lang/Object;ZZ)Ljava/lang/Object; @ 56 c2
Event: 0.221 Thread 0x0000013925bec360 DEOPT PACKING pc=0x0000013937f8d124 sp=0x0000000a956fec20
Event: 0.221 Thread 0x0000013925bec360 DEOPT UNPACKING pc=0x00000139378746a2 sp=0x0000000a956feba8 mode 2
Event: 0.221 Thread 0x0000013925bec360 Uncommon trap: trap_request=0xffffffc6 fr.pc=0x0000013937f8d124 relative=0x0000000000000ba4
Event: 0.221 Thread 0x0000013925bec360 Uncommon trap: reason=bimorphic_or_optimized_type_check action=maybe_recompile pc=0x0000013937f8d124 method=java.util.HashMap.putVal(ILjava/lang/Object;Ljava/lang/Object;ZZ)Ljava/lang/Object; @ 56 c2
Event: 0.221 Thread 0x0000013925bec360 DEOPT PACKING pc=0x0000013937f8d124 sp=0x0000000a956fec20
Event: 0.221 Thread 0x0000013925bec360 DEOPT UNPACKING pc=0x00000139378746a2 sp=0x0000000a956feba8 mode 2
Event: 0.221 Thread 0x0000013925bec360 Uncommon trap: trap_request=0xffffffc6 fr.pc=0x0000013937f8d124 relative=0x0000000000000ba4
Event: 0.221 Thread 0x0000013925bec360 Uncommon trap: reason=bimorphic_or_optimized_type_check action=maybe_recompile pc=0x0000013937f8d124 method=java.util.HashMap.putVal(ILjava/lang/Object;Ljava/lang/Object;ZZ)Ljava/lang/Object; @ 56 c2
Event: 0.221 Thread 0x0000013925bec360 DEOPT PACKING pc=0x0000013937f8d124 sp=0x0000000a956fec20
Event: 0.221 Thread 0x0000013925bec360 DEOPT UNPACKING pc=0x00000139378746a2 sp=0x0000000a956feba8 mode 2
Event: 0.274 Thread 0x0000013925bec360 Uncommon trap: trap_request=0xffffff45 fr.pc=0x0000013937f7e10c relative=0x000000000000006c
Event: 0.274 Thread 0x0000013925bec360 Uncommon trap: reason=unstable_if action=reinterpret pc=0x0000013937f7e10c method=java.lang.String.isLatin1()Z @ 10 c2
Event: 0.274 Thread 0x0000013925bec360 DEOPT PACKING pc=0x0000013937f7e10c sp=0x0000000a956fdd70
Event: 0.274 Thread 0x0000013925bec360 DEOPT UNPACKING pc=0x00000139378746a2 sp=0x0000000a956fdd00 mode 2
Event: 0.320 Thread 0x000001398bab42a0 Uncommon trap: trap_request=0xffffff3d fr.pc=0x0000013937fa63b4 relative=0x0000000000000b94
Event: 0.320 Thread 0x000001398bab42a0 Uncommon trap: reason=unstable_fused_if action=reinterpret pc=0x0000013937fa63b4 method=java.util.HashMap.resize()[Ljava/util/HashMap$Node; @ 31 c2
Event: 0.320 Thread 0x000001398bab42a0 DEOPT PACKING pc=0x0000013937fa63b4 sp=0x0000000a970fdf50
Event: 0.320 Thread 0x000001398bab42a0 DEOPT UNPACKING pc=0x00000139378746a2 sp=0x0000000a970fded8 mode 2

Classes loaded (20 events):
Event: 0.345 Loading class java/text/AttributedCharacterIterator done
Event: 0.345 Loading class java/text/AttributedString$AttributedStringIterator done
Event: 0.346 Loading class java/awt/TextComponent
Event: 0.346 Loading class java/awt/TextComponent done
Event: 0.346 Loading class javax/swing/text/JTextComponent
Event: 0.347 Loading class javax/swing/Scrollable
Event: 0.347 Loading class javax/swing/Scrollable done
Event: 0.347 Loading class javax/swing/text/JTextComponent done
Event: 0.355 Loading class java/awt/event/MouseWheelEvent
Event: 0.355 Loading class java/awt/event/MouseWheelEvent done
Event: 1.724 Loading class java/awt/KeyboardFocusManager$2
Event: 1.724 Loading class java/awt/KeyboardFocusManager$2 done
Event: 1.724 Loading class sun/awt/SunToolkit$1
Event: 1.725 Loading class sun/awt/SunToolkit$1 done
Event: 1402.919 Loading class java/util/WeakHashMap$KeyIterator
Event: 1402.983 Loading class java/util/WeakHashMap$HashIterator
Event: 1402.997 Loading class java/util/WeakHashMap$HashIterator done
Event: 1402.999 Loading class java/util/WeakHashMap$KeyIterator done
Event: 1403.106 Loading class javax/swing/RepaintManager$DisplayChangedRunnable
Event: 1403.142 Loading class javax/swing/RepaintManager$DisplayChangedRunnable done

Classes unloaded (0 events):
No events

Classes redefined (0 events):
No events

Internal exceptions (20 events):
Event: 0.047 Thread 0x0000013925bec360 Exception <a 'sun/nio/fs/WindowsException'{0x000000008c2451f0}> (0x000000008c2451f0) 
thrown [s\open\src\hotspot\share\prims\jni.cpp, line 520]
Event: 0.048 Thread 0x0000013925bec360 Exception <a 'sun/nio/fs/WindowsException'{0x000000008c247bd0}> (0x000000008c247bd0) 
thrown [s\open\src\hotspot\share\prims\jni.cpp, line 520]
Event: 0.048 Thread 0x0000013925bec360 Exception <a 'sun/nio/fs/WindowsException'{0x000000008c248830}> (0x000000008c248830) 
thrown [s\open\src\hotspot\share\prims\jni.cpp, line 520]
Event: 0.048 Thread 0x0000013925bec360 Exception <a 'sun/nio/fs/WindowsException'{0x000000008c249490}> (0x000000008c249490) 
thrown [s\open\src\hotspot\share\prims\jni.cpp, line 520]
Event: 0.049 Thread 0x0000013925bec360 Exception <a 'sun/nio/fs/WindowsException'{0x000000008c24a110}> (0x000000008c24a110) 
thrown [s\open\src\hotspot\share\prims\jni.cpp, line 520]
Event: 0.071 Thread 0x0000013925bec360 Exception <a 'java/lang/NoSuchMethodError'{0x000000008c063338}: 'void java.lang.invoke.DirectMethodHandle$Holder.invokeSpecial(java.lang.Object, java.lang.Object, java.lang.Object)'> (0x000000008c063338) 
thrown [s\open\src\hotspot\share\interpreter\linkResolver.cpp, line 773]
Event: 0.074 Thread 0x0000013925bec360 Exception <a 'java/lang/NoSuchMethodError'{0x000000008c075978}: 'void java.lang.invoke.DirectMethodHandle$Holder.invokeSpecial(java.lang.Object, java.lang.Object, java.lang.Object, java.lang.Object, java.lang.Object)'> (0x000000008c075978) 
thrown [s\open\src\hotspot\share\interpreter\linkResolver.cpp, line 773]
Event: 0.077 Thread 0x0000013925bec360 Exception <a 'java/lang/NoSuchMethodError'{0x000000008c087ed8}: 'java.lang.Object java.lang.invoke.DirectMethodHandle$Holder.invokeInterface(java.lang.Object, java.lang.Object)'> (0x000000008c087ed8) 
thrown [s\open\src\hotspot\share\interpreter\linkResolver.cpp, line 773]
Event: 0.078 Thread 0x0000013925bec360 Exception <a 'java/lang/IncompatibleClassChangeError'{0x000000008c08b140}: Found class java.lang.Object, but interface was expected> (0x000000008c08b140) 
thrown [s\open\src\hotspot\share\interpreter\linkResolver.cpp, line 840]
Event: 0.078 Thread 0x0000013925bec360 Exception <a 'java/lang/NoSuchMethodError'{0x000000008c08d9e0}: 'void java.lang.invoke.DirectMethodHandle$Holder.invokeStatic(java.lang.Object, java.lang.Object, java.lang.Object, java.lang.Object)'> (0x000000008c08d9e0) 
thrown [s\open\src\hotspot\share\interpreter\linkResolver.cpp, line 773]
Event: 0.107 Thread 0x0000013925bec360 Exception <a 'java/lang/ClassNotFoundException'{0x000000008bf6cd48}: sun/awt/resources/spi/awtProvider> (0x000000008bf6cd48) 
thrown [s\open\src\hotspot\share\classfile\systemDictionary.cpp, line 312]
Event: 0.128 Thread 0x0000013925bec360 Exception <a 'java/io/FileNotFoundException'{0x000000008bfc0438}> (0x000000008bfc0438) 
thrown [s\open\src\hotspot\share\prims\jni.cpp, line 520]
Event: 0.133 Thread 0x0000013925bec360 Exception <a 'java/io/FileNotFoundException'{0x000000008bfea558}> (0x000000008bfea558) 
thrown [s\open\src\hotspot\share\prims\jni.cpp, line 520]
Event: 0.193 Thread 0x0000013925bec360 Exception <a 'java/lang/NoSuchMethodError'{0x000000008bd2a200}: 'java.lang.Object java.lang.invoke.DirectMethodHandle$Holder.newInvokeSpecial(java.lang.Object, java.lang.Object, java.lang.Object, java.lang.Object, java.lang.Object)'> (0x000000008bd2a200) 
thrown [s\open\src\hotspot\share\interpreter\linkResolver.cpp, line 773]
Event: 0.201 Thread 0x0000013925bec360 Exception <a 'java/lang/NoSuchMethodError'{0x000000008bd561c0}: 'java.lang.Object java.lang.invoke.DirectMethodHandle$Holder.invokeStatic(java.lang.Object, int, java.lang.Object)'> (0x000000008bd561c0) 
thrown [s\open\src\hotspot\share\interpreter\linkResolver.cpp, line 773]
Event: 0.220 Thread 0x0000013925bec360 Exception <a 'java/lang/ClassNotFoundException'{0x000000008bdf4fa0}: com/sun/swing/internal/plaf/metal/resources/spi/metalProvider> (0x000000008bdf4fa0) 
thrown [s\open\src\hotspot\share\classfile\systemDictionary.cpp, line 312]
Event: 0.221 Thread 0x0000013925bec360 Exception <a 'java/lang/ClassNotFoundException'{0x000000008bdf8eb0}: com/sun/swing/internal/plaf/basic/resources/spi/basicProvider> (0x000000008bdf8eb0) 
thrown [s\open\src\hotspot\share\classfile\systemDictionary.cpp, line 312]
Event: 0.244 Thread 0x0000013925bec360 Exception <a 'java/lang/NoSuchMethodError'{0x000000008bc18608}: 'int java.lang.invoke.Invokers$Holder.invokeExact_MT(java.lang.Object, java.lang.Object)'> (0x000000008bc18608) 
thrown [s\open\src\hotspot\share\interpreter\linkResolver.cpp, line 773]
Event: 0.251 Thread 0x00000139457acf70 Exception <a 'java/lang/NoSuchMethodError'{0x000000008befab98}: 'void java.lang.invoke.DirectMethodHandle$Holder.invokeVirtual(java.lang.Object, java.lang.Object)'> (0x000000008befab98) 
thrown [s\open\src\hotspot\share\interpreter\linkResolver.cpp, line 773]
Event: 0.263 Thread 0x0000013925bec360 Exception <a 'java/lang/NoSuchMethodError'{0x000000008bc3ecd8}: 'void java.lang.invoke.DirectMethodHandle$Holder.invokeStaticInit(java.lang.Object)'> (0x000000008bc3ecd8) 
thrown [s\open\src\hotspot\share\interpreter\linkResolver.cpp, line 773]

ZGC Phase Switch (0 events):
No events

VM Operations (18 events):
Event: 0.052 Executing VM operation: HandshakeAllThreads (Deoptimize)
Event: 0.052 Executing VM operation: HandshakeAllThreads (Deoptimize) done
Event: 0.075 Executing VM operation: HandshakeAllThreads (Deoptimize)
Event: 0.075 Executing VM operation: HandshakeAllThreads (Deoptimize) done
Event: 0.138 Executing VM operation: HandshakeAllThreads (Deoptimize)
Event: 0.138 Executing VM operation: HandshakeAllThreads (Deoptimize) done
Event: 0.255 Executing VM operation: HandshakeAllThreads (Deoptimize)
Event: 0.255 Executing VM operation: HandshakeAllThreads (Deoptimize) done
Event: 1.254 Executing VM operation: Cleanup
Event: 1.254 Executing VM operation: Cleanup done
Event: 2.259 Executing VM operation: Cleanup
Event: 2.259 Executing VM operation: Cleanup done
Event: 60.140 Executing VM operation: HandshakeAllThreads (HandshakeForDeflation)
Event: 60.141 Executing VM operation: HandshakeAllThreads (HandshakeForDeflation) done
Event: 60.141 Executing VM operation: Cleanup
Event: 60.141 Executing VM operation: Cleanup done
Event: 60.141 Executing VM operation: RendezvousGCThreads
Event: 60.141 Executing VM operation: RendezvousGCThreads done

Events (20 events):
Event: 0.026 Thread 0x000001394529f030 Thread added: 0x000001394529f030
Event: 0.026 Thread 0x00000139452a4ee0 Thread added: 0x00000139452a4ee0
Event: 0.038 Thread 0x00000139454b5bf0 Thread added: 0x00000139454b5bf0
Event: 0.043 Thread 0x00000139454bb6e0 Thread added: 0x00000139454bb6e0
Event: 0.050 Thread 0x00000139454c8510 Thread added: 0x00000139454c8510
Event: 0.058 Thread 0x000001394557ae40 Thread added: 0x000001394557ae40
Event: 0.066 Thread 0x000001394566c8c0 Thread added: 0x000001394566c8c0
Event: 0.085 Thread 0x0000013945513dc0 Thread added: 0x0000013945513dc0
Event: 0.088 Thread 0x00000139456bdf70 Thread added: 0x00000139456bdf70
Event: 0.164 Thread 0x00000139457a04d0 Thread added: 0x00000139457a04d0
Event: 0.165 Thread 0x00000139457a7a20 Thread added: 0x00000139457a7a20
Event: 0.166 Thread 0x00000139457acf70 Thread added: 0x00000139457acf70
Event: 0.251 Thread 0x000001398bab42a0 Thread added: 0x000001398bab42a0
Event: 0.311 Thread 0x0000013925bec360 Thread exited: 0x0000013925bec360
Event: 0.311 Thread 0x0000013925bec360 Thread added: 0x0000013925bec360
Event: 0.867 Thread 0x000001394557ae40 Thread exited: 0x000001394557ae40
Event: 0.867 Thread 0x0000013945513dc0 Thread exited: 0x0000013945513dc0
Event: 0.867 Thread 0x00000139454c8510 Thread exited: 0x00000139454c8510
Event: 0.875 Thread 0x00000139454bb6e0 Thread exited: 0x00000139454bb6e0
Event: 0.875 Thread 0x000001394566c8c0 Thread exited: 0x000001394566c8c0


Dynamic libraries:
0x00007ff6d1a80000 - 0x00007ff6d1a90000 	C:\Program Files\Java\jdk-21\bin\java.exe
0x00007ffcaf890000 - 0x00007ffcafaa7000 	C:\Windows\SYSTEM32\ntdll.dll
0x00007ffcad5d0000 - 0x00007ffcad694000 	C:\Windows\System32\KERNEL32.DLL
0x00007ffcace90000 - 0x00007ffcad23c000 	C:\Windows\System32\KERNELBASE.dll
0x00007ffcad240000 - 0x00007ffcad351000 	C:\Windows\System32\ucrtbase.dll
0x00007ffca24a0000 - 0x00007ffca24bb000 	C:\Program Files\Java\jdk-21\bin\VCRUNTIME140.dll
0x00007ffca3820000 - 0x00007ffca3839000 	C:\Program Files\Java\jdk-21\bin\jli.dll
0x00007ffcaecb0000 - 0x00007ffcaed62000 	C:\Windows\System32\ADVAPI32.dll
0x00007ffcaebb0000 - 0x00007ffcaec57000 	C:\Windows\System32\msvcrt.dll
0x00007ffcadd70000 - 0x00007ffcade18000 	C:\Windows\System32\sechost.dll
0x00007ffcad5a0000 - 0x00007ffcad5c8000 	C:\Windows\System32\bcrypt.dll
0x00007ffcaea40000 - 0x00007ffcaeb55000 	C:\Windows\System32\RPCRT4.dll
0x00007ffcadb80000 - 0x00007ffcadd2e000 	C:\Windows\System32\USER32.dll
0x00007ffc85060000 - 0x00007ffc852f3000 	C:\Windows\WinSxS\amd64_microsoft.windows.common-controls_6595b64144ccf1df_6.0.22621.3672_none_2713b9d173822955\COMCTL32.dll
0x00007ffcad4d0000 - 0x00007ffcad4f6000 	C:\Windows\System32\win32u.dll
0x00007ffcaeb60000 - 0x00007ffcaeb89000 	C:\Windows\System32\GDI32.dll
0x00007ffcacbc0000 - 0x00007ffcaccd9000 	C:\Windows\System32\gdi32full.dll
0x00007ffcad500000 - 0x00007ffcad59a000 	C:\Windows\System32\msvcp_win.dll
0x00007ffc9fdc0000 - 0x00007ffc9fdca000 	C:\Windows\SYSTEM32\VERSION.dll
0x00007ffcadd30000 - 0x00007ffcadd61000 	C:\Windows\System32\IMM32.DLL
0x00007ffca9070000 - 0x00007ffca907c000 	C:\Program Files\Java\jdk-21\bin\vcruntime140_1.dll
0x00007ffc7d660000 - 0x00007ffc7d6ee000 	C:\Program Files\Java\jdk-21\bin\msvcp140.dll
0x00007ffc4bdf0000 - 0x00007ffc4cb07000 	C:\Program Files\Java\jdk-21\bin\server\jvm.dll
0x00007ffcae9c0000 - 0x00007ffcaea31000 	C:\Windows\System32\WS2_32.dll
0x00007ffcaba50000 - 0x00007ffcaba9d000 	C:\Windows\SYSTEM32\POWRPROF.dll
0x00007ffca2c80000 - 0x00007ffca2cb4000 	C:\Windows\SYSTEM32\WINMM.dll
0x00007ffcaba30000 - 0x00007ffcaba43000 	C:\Windows\SYSTEM32\UMPDC.dll
0x00007ffcabce0000 - 0x00007ffcabcf8000 	C:\Windows\SYSTEM32\kernel.appcore.dll
0x00007ffca8fc0000 - 0x00007ffca8fca000 	C:\Program Files\Java\jdk-21\bin\jimage.dll
0x00007ffca9f60000 - 0x00007ffcaa192000 	C:\Windows\SYSTEM32\DBGHELP.DLL
0x00007ffcaeeb0000 - 0x00007ffcaf238000 	C:\Windows\System32\combase.dll
0x00007ffcaf2d0000 - 0x00007ffcaf3a7000 	C:\Windows\System32\OLEAUT32.dll
0x00007ffc9fd80000 - 0x00007ffc9fdb2000 	C:\Windows\SYSTEM32\dbgcore.DLL
0x00007ffcacda0000 - 0x00007ffcace1b000 	C:\Windows\System32\bcryptPrimitives.dll
0x00007ffca2480000 - 0x00007ffca249f000 	C:\Program Files\Java\jdk-21\bin\java.dll
0x00007ffcade20000 - 0x00007ffcae67c000 	C:\Windows\System32\SHELL32.dll
0x00007ffcaaae0000 - 0x00007ffcab3d7000 	C:\Windows\SYSTEM32\windows.storage.dll
0x00007ffcaa9a0000 - 0x00007ffcaaadf000 	C:\Windows\SYSTEM32\wintypes.dll
0x00007ffcae680000 - 0x00007ffcae774000 	C:\Windows\System32\SHCORE.dll
0x00007ffcad6a0000 - 0x00007ffcad6fe000 	C:\Windows\System32\shlwapi.dll
0x00007ffcacaf0000 - 0x00007ffcacb11000 	C:\Windows\SYSTEM32\profapi.dll
0x00007ffc8f560000 - 0x00007ffc8f637000 	C:\Program Files\Java\jdk-21\bin\jsvml.dll
0x00007ffca7a20000 - 0x00007ffca7a30000 	C:\Program Files\Java\jdk-21\bin\net.dll
0x00007ffca5b40000 - 0x00007ffca5c76000 	C:\Windows\SYSTEM32\WINHTTP.dll
0x00007ffcac150000 - 0x00007ffcac1b9000 	C:\Windows\system32\mswsock.dll
0x00007ffc9ebe0000 - 0x00007ffc9ebf6000 	C:\Program Files\Java\jdk-21\bin\nio.dll
0x00007ffc9ca70000 - 0x00007ffc9ca88000 	C:\Program Files\Java\jdk-21\bin\zip.dll
0x00007ffc60380000 - 0x00007ffc6050f000 	C:\Program Files\Java\jdk-21\bin\awt.dll
0x00007ffca9a40000 - 0x00007ffca9ad7000 	C:\Windows\SYSTEM32\apphelp.dll
0x00007ffca9e60000 - 0x00007ffca9e8b000 	C:\Windows\system32\DWMAPI.DLL
0x00007ffca9bb0000 - 0x00007ffca9c5a000 	C:\Windows\system32\uxtheme.dll
0x00007ffc7ce80000 - 0x00007ffc7cf80000 	C:\Windows\system32\opengl32.dll
0x00007ffc9ca40000 - 0x00007ffc9ca6d000 	C:\Windows\SYSTEM32\GLU32.dll
0x00007ffca9cf0000 - 0x00007ffca9d29000 	C:\Windows\SYSTEM32\dxcore.dll
0x00007ffcaf3b0000 - 0x00007ffcaf503000 	C:\Windows\System32\MSCTF.dll
0x00007ffcaf590000 - 0x00007ffcaf735000 	C:\Windows\System32\ole32.dll
0x00007ffc69dd0000 - 0x00007ffc69e57000 	C:\Program Files\Java\jdk-21\bin\freetype.dll
0x00007ffc60290000 - 0x00007ffc60372000 	C:\Program Files\Java\jdk-21\bin\fontmanager.dll
0x00007ffc93100000 - 0x00007ffc9324d000 	C:\Windows\SYSTEM32\textinputframework.dll
0x00007ffca9750000 - 0x00007ffca9883000 	C:\Windows\SYSTEM32\CoreMessaging.dll
0x00007ffca5d80000 - 0x00007ffca60ed000 	C:\Windows\SYSTEM32\CoreUIComponents.dll
0x00007ffcac3d0000 - 0x00007ffcac3dc000 	C:\Windows\SYSTEM32\CRYPTBASE.DLL

dbghelp: loaded successfully - version: 4.0.5 - missing functions: none
symbol engine: initialized successfully - sym options: 0x614 - pdb path: .;C:\Program Files\Java\jdk-21\bin;C:\Windows\SYSTEM32;C:\Windows\WinSxS\amd64_microsoft.windows.common-controls_6595b64144ccf1df_6.0.22621.3672_none_2713b9d173822955;C:\Program Files\Java\jdk-21\bin\server

VM Arguments:
jvm_args: -Dfile.encoding=UTF-8 --module-path=E:\Engineering\4th Semister\Lab\OOP LAB\LAB PROJECT\Project Source code\HotelManagementSystem\build\classes 
java_command: hotelmanagementsystem.start
java_class_path (initial): E:\Engineering\4th Semister\Lab\OOP LAB\LAB PROJECT\Project Source code\HotelManagementSystem\src\mysql-connector-java-8.0.28.jar;E:\Engineering\4th Semister\Lab\OOP LAB\LAB PROJECT\Project Source code\HotelManagementSystem\build\classes
Launcher Type: SUN_STANDARD

[Global flags]
     intx CICompilerCount                          = 12                                        {product} {ergonomic}
     uint ConcGCThreads                            = 3                                         {product} {ergonomic}
     uint G1ConcRefinementThreads                  = 13                                        {product} {ergonomic}
   size_t G1HeapRegionSize                         = 1048576                                   {product} {ergonomic}
    uintx GCDrainStackTargetSize                   = 64                                        {product} {ergonomic}
   size_t InitialHeapSize                          = 130023424                                 {product} {ergonomic}
   size_t MarkStackSize                            = 4194304                                   {product} {ergonomic}
   size_t MaxHeapSize                              = 2071986176                                {product} {ergonomic}
   size_t MaxNewSize                               = 1242562560                                {product} {ergonomic}
   size_t MinHeapDeltaBytes                        = 1048576                                   {product} {ergonomic}
   size_t MinHeapSize                              = 8388608                                   {product} {ergonomic}
    uintx NonNMethodCodeHeapSize                   = 7602480                                {pd product} {ergonomic}
    uintx NonProfiledCodeHeapSize                  = 122027880                              {pd product} {ergonomic}
    uintx ProfiledCodeHeapSize                     = 122027880                              {pd product} {ergonomic}
    uintx ReservedCodeCacheSize                    = 251658240                              {pd product} {ergonomic}
     bool SegmentedCodeCache                       = true                                      {product} {ergonomic}
   size_t SoftMaxHeapSize                          = 2071986176                             {manageable} {ergonomic}
     bool UseCompressedOops                        = true                           {product lp64_product} {ergonomic}
     bool UseG1GC                                  = true                                      {product} {ergonomic}
     bool UseLargePagesIndividualAllocation        = false                                  {pd product} {ergonomic}

Logging:
Log output configuration:
 #0: stdout all=warning uptime,level,tags foldmultilines=false
 #1: stderr all=off uptime,level,tags foldmultilines=false

Environment Variables:
JAVA_HOME=C:\Program Files\Java\jdk-21
PATH=C:\Program Files\Common Files\Oracle\Java\javapath;C:\Windows\system32;C:\Windows;C:\Windows\System32\Wbem;C:\Windows\System32\WindowsPowerShell\v1.0\;C:\Windows\System32\OpenSSH\;C:\Program Files (x86)\NVIDIA Corporation\PhysX\Common;C:\Program Files\NVIDIA Corporation\NVIDIA NvDLISR;C:\Program Files\dotnet\;C:\Program Files\Java\jdk-21\bin;C:\Program Files\Git\cmd;C:\Program Files\MySQL\MySQL Shell 8.0\bin\;C:\Users\Acer\AppData\Local\Microsoft\WindowsApps;;C:\Program Files\JetBrains\IntelliJ IDEA 2024.1.1\bin;
USERNAME=Acer
OS=Windows_NT
PROCESSOR_IDENTIFIER=Intel64 Family 6 Model 154 Stepping 3, GenuineIntel
TMP=C:\Users\Acer\AppData\Local\Temp
TEMP=C:\Users\Acer\AppData\Local\Temp




Periodic native trim disabled

---------------  S Y S T E M  ---------------

OS:
 Windows 11 , 64 bit Build 22621 (10.0.22621.3672)
OS uptime: 3 days 5:11 hours
Hyper-V role detected

CPU: total 16 (initial active 16) (8 cores per cpu, 2 threads per core) family 6 model 154 stepping 3 microcode 0x423, cx8, cmov, fxsr, ht, mmx, 3dnowpref, sse, sse2, sse3, ssse3, sse4.1, sse4.2, popcnt, lzcnt, tsc, tscinvbit, avx, avx2, aes, erms, clmul, bmi1, bmi2, adx, sha, fma, vzeroupper, clflush, clflushopt, clwb, hv, serialize, rdtscp, rdpid, fsrm, f16c, cet_ibt, cet_ss
Processor Information for processor 0
  Max Mhz: 1700, Current Mhz: 1700, Mhz Limit: 1700
Processor Information for processor 1
  Max Mhz: 1700, Current Mhz: 1700, Mhz Limit: 1700
Processor Information for processor 2
  Max Mhz: 1700, Current Mhz: 1700, Mhz Limit: 1700
Processor Information for processor 3
  Max Mhz: 1700, Current Mhz: 1700, Mhz Limit: 1700
Processor Information for processor 4
  Max Mhz: 1700, Current Mhz: 1700, Mhz Limit: 1700
Processor Information for processor 5
  Max Mhz: 1700, Current Mhz: 1700, Mhz Limit: 1700
Processor Information for processor 6
  Max Mhz: 1700, Current Mhz: 1700, Mhz Limit: 1700
Processor Information for processor 7
  Max Mhz: 1700, Current Mhz: 1700, Mhz Limit: 1700
Processor Information for processor 8
  Max Mhz: 1700, Current Mhz: 1200, Mhz Limit: 1190
Processor Information for processor 9
  Max Mhz: 1700, Current Mhz: 1200, Mhz Limit: 1190
Processor Information for processor 10
  Max Mhz: 1700, Current Mhz: 1200, Mhz Limit: 1190
Processor Information for processor 11
  Max Mhz: 1700, Current Mhz: 1200, Mhz Limit: 1190
Processor Information for processor 12
  Max Mhz: 1700, Current Mhz: 1200, Mhz Limit: 1190
Processor Information for processor 13
  Max Mhz: 1700, Current Mhz: 1200, Mhz Limit: 1190
Processor Information for processor 14
  Max Mhz: 1700, Current Mhz: 1200, Mhz Limit: 1190
Processor Information for processor 15
  Max Mhz: 1700, Current Mhz: 1200, Mhz Limit: 1190

Memory: 4k page, system-wide physical 7896M (423M free)
TotalPageFile size 27101M (AvailPageFile size 21M)
current process WorkingSet (physical memory assigned to process): 16M, peak: 65M
current process commit charge ("private bytes"): 227M, peak: 231M

vm_info: Java HotSpot(TM) 64-Bit Server VM (21.0.2+13-LTS-58) for windows-amd64 JRE (21.0.2+13-LTS-58), built on 2024-01-05T18:32:24Z by "mach5one" with MS VC++ 17.1 (VS2022)

END.
