#
# There is insufficient memory for the Java Runtime Environment to continue.
# Native memory allocation (malloc) failed to allocate 32744 bytes for Chunk::new
# Possible reasons:
#   The system is out of physical RAM or swap space
#   The process is running with CompressedOops enabled, and the Java Heap may be blocking the growth of the native heap
# Possible solutions:
#   Reduce memory load on the system
#   Increase physical memory or swap space
#   Check if swap backing store is full
#   Decrease Java heap size (-Xmx/-Xms)
#   Decrease number of Java threads
#   Decrease Java thread stack sizes (-Xss)
#   Set larger code cache with -XX:ReservedCodeCacheSize=
#   JVM is running with Unscaled Compressed Oops mode in which the Java heap is
#     placed in the first 4GB address space. The Java Heap base address is the
#     maximum limit for the native heap growth. Please use -XX:HeapBaseMinAddress
#     to set the Java Heap base and to place the Java Heap above 4GB virtual address.
# This output file may be truncated or incomplete.
#
#  Out of Memory Error (arena.cpp:168), pid=23952, tid=24068
#
# JRE version: Java(TM) SE Runtime Environment (21.0.2+13) (build 21.0.2+13-LTS-58)
# Java VM: Java HotSpot(TM) 64-Bit Server VM (21.0.2+13-LTS-58, mixed mode, sharing, tiered, compressed oops, compressed class ptrs, g1 gc, windows-amd64)
# No core dump will be written. Minidumps are not enabled by default on client versions of Windows
#

---------------  S U M M A R Y ------------

Command Line: -Dfile.encoding=UTF-8 --module-path=E:\Engineering\4th Semister\Lab\OOP LAB\LAB PROJECT\Project Source code\HotelManagementSystem\build\classes hotelmanagementsystem.adminLogIn

Host: 12th Gen Intel(R) Core(TM) i5-1240P, 16 cores, 7G,  Windows 11 , 64 bit Build 22621 (10.0.22621.3672)
Time: Sat Jun  8 00:21:27 2024 Bangladesh Standard Time elapsed time: 0.819845 seconds (0d 0h 0m 0s)

---------------  T H R E A D  ---------------

Current thread (0x000002a962a24210):  JavaThread "C2 CompilerThread0" daemon [_thread_in_native, id=24068, stack(0x000000fa1de00000,0x000000fa1df00000) (1024K)]


Current CompileTask:
C2:    819 1046 % !   4       sun.awt.image.PNGImageDecoder::produceImage @ 960 (1917 bytes)

Stack: [0x000000fa1de00000,0x000000fa1df00000]
Native frames: (J=compiled Java code, j=interpreted, Vv=VM code, C=native code)
V  [jvm.dll+0x6cade9]
V  [jvm.dll+0x8569c1]
V  [jvm.dll+0x858d2e]
V  [jvm.dll+0x859413]
V  [jvm.dll+0x280e56]
V  [jvm.dll+0xc3f3d]
V  [jvm.dll+0xc4473]
V  [jvm.dll+0x6f6a6e]
V  [jvm.dll+0x1e22d6]
V  [jvm.dll+0x249d22]
V  [jvm.dll+0x2491b1]
V  [jvm.dll+0x1c9634]
V  [jvm.dll+0x258859]
V  [jvm.dll+0x256e3a]
V  [jvm.dll+0x3ef6c6]
V  [jvm.dll+0x7ff568]
V  [jvm.dll+0x6c953d]
C  [ucrtbase.dll+0x29333]
C  [KERNEL32.DLL+0x1257d]
C  [ntdll.dll+0x5aa48]


---------------  P R O C E S S  ---------------

Threads class SMR info:
_java_thread_list=0x000002a969bbafa0, length=18, elements={
0x000002a962a0f450, 0x000002a962a10170, 0x000002a962a12110, 0x000002a962a14170,
0x000002a962a17070, 0x000002a962a1afa0, 0x000002a962a24210, 0x000002a962a2ef30,
0x000002a962a17b20, 0x000002a962c701c0, 0x000002a962a181b0, 0x000002a962a18ed0,
0x000002a962a19560, 0x000002a962a1a910, 0x000002a962a19bf0, 0x000002a962a18840,
0x000002a962a1a280, 0x000002a969c26fa0
}

Java Threads: ( => current thread )
  0x000002a962a0f450 JavaThread "Reference Handler"          daemon [_thread_blocked, id=24044, stack(0x000000fa1d800000,0x000000fa1d900000) (1024K)]
  0x000002a962a10170 JavaThread "Finalizer"                  daemon [_thread_blocked, id=24048, stack(0x000000fa1d900000,0x000000fa1da00000) (1024K)]
  0x000002a962a12110 JavaThread "Signal Dispatcher"          daemon [_thread_blocked, id=24052, stack(0x000000fa1da00000,0x000000fa1db00000) (1024K)]
  0x000002a962a14170 JavaThread "Attach Listener"            daemon [_thread_blocked, id=24056, stack(0x000000fa1db00000,0x000000fa1dc00000) (1024K)]
  0x000002a962a17070 JavaThread "Service Thread"             daemon [_thread_blocked, id=24060, stack(0x000000fa1dc00000,0x000000fa1dd00000) (1024K)]
  0x000002a962a1afa0 JavaThread "Monitor Deflation Thread"   daemon [_thread_blocked, id=24064, stack(0x000000fa1dd00000,0x000000fa1de00000) (1024K)]
=>0x000002a962a24210 JavaThread "C2 CompilerThread0"         daemon [_thread_in_native, id=24068, stack(0x000000fa1de00000,0x000000fa1df00000) (1024K)]
  0x000002a962a2ef30 JavaThread "C1 CompilerThread0"         daemon [_thread_blocked, id=24072, stack(0x000000fa1df00000,0x000000fa1e000000) (1024K)]
  0x000002a962a17b20 JavaThread "Common-Cleaner"             daemon [_thread_blocked, id=24076, stack(0x000000fa1e000000,0x000000fa1e100000) (1024K)]
  0x000002a962c701c0 JavaThread "C1 CompilerThread1"         daemon [_thread_blocked, id=24080, stack(0x000000fa1e100000,0x000000fa1e200000) (1024K)]
  0x000002a962a181b0 JavaThread "Notification Thread"        daemon [_thread_blocked, id=24084, stack(0x000000fa1e200000,0x000000fa1e300000) (1024K)]
  0x000002a962a18ed0 JavaThread "Java2D Disposer"            daemon [_thread_blocked, id=24088, stack(0x000000fa1e300000,0x000000fa1e400000) (1024K)]
  0x000002a962a19560 JavaThread "AWT-Shutdown"                      [_thread_blocked, id=24092, stack(0x000000fa1e400000,0x000000fa1e500000) (1024K)]
  0x000002a962a1a910 JavaThread "AWT-Windows"                daemon [_thread_in_native, id=24096, stack(0x000000fa1e500000,0x000000fa1e600000) (1024K)]
  0x000002a962a19bf0 JavaThread "Image Fetcher 0"            daemon [_thread_blocked, id=24100, stack(0x000000fa1e600000,0x000000fa1e700000) (1024K)]
  0x000002a962a18840 JavaThread "AWT-EventQueue-0"                  [_thread_blocked, id=24148, stack(0x000000fa1ef00000,0x000000fa1f000000) (1024K)]
  0x000002a962a1a280 JavaThread "DestroyJavaVM"                     [_thread_blocked, id=24012, stack(0x000000fa1d000000,0x000000fa1d100000) (1024K)]
  0x000002a969c26fa0 JavaThread "TimerQueue"                 daemon [_thread_blocked, id=24172, stack(0x000000fa1f300000,0x000000fa1f400000) (1024K)]
Total: 18

Other Threads:
  0x000002a9629f25c0 VMThread "VM Thread"                           [id=24040, stack(0x000000fa1d700000,0x000000fa1d800000) (1024K)]
  0x000002a9629da170 WatcherThread "VM Periodic Task Thread"        [id=24036, stack(0x000000fa1d600000,0x000000fa1d700000) (1024K)]
  0x000002a94375aff0 WorkerThread "GC Thread#0"                     [id=24016, stack(0x000000fa1d100000,0x000000fa1d200000) (1024K)]
  0x000002a967cbf9f0 WorkerThread "GC Thread#1"                     [id=24116, stack(0x000000fa1e700000,0x000000fa1e800000) (1024K)]
  0x000002a967cc01a0 WorkerThread "GC Thread#2"                     [id=24120, stack(0x000000fa1e800000,0x000000fa1e900000) (1024K)]
  0x000002a967c9d770 WorkerThread "GC Thread#3"                     [id=24124, stack(0x000000fa1e900000,0x000000fa1ea00000) (1024K)]
  0x000002a967caaf80 WorkerThread "GC Thread#4"                     [id=24128, stack(0x000000fa1ea00000,0x000000fa1eb00000) (1024K)]
  0x000002a967cab320 WorkerThread "GC Thread#5"                     [id=24132, stack(0x000000fa1eb00000,0x000000fa1ec00000) (1024K)]
  0x000002a967cabed0 WorkerThread "GC Thread#6"                     [id=24136, stack(0x000000fa1ec00000,0x000000fa1ed00000) (1024K)]
  0x000002a967cac270 WorkerThread "GC Thread#7"                     [id=24140, stack(0x000000fa1ed00000,0x000000fa1ee00000) (1024K)]
  0x000002a967cac610 WorkerThread "GC Thread#8"                     [id=24144, stack(0x000000fa1ee00000,0x000000fa1ef00000) (1024K)]
  0x000002a94376c890 ConcurrentGCThread "G1 Main Marker"            [id=24020, stack(0x000000fa1d200000,0x000000fa1d300000) (1024K)]
  0x000002a94376dba0 WorkerThread "G1 Conc#0"                       [id=24024, stack(0x000000fa1d300000,0x000000fa1d400000) (1024K)]
  0x000002a9437ce540 ConcurrentGCThread "G1 Refine#0"               [id=24028, stack(0x000000fa1d400000,0x000000fa1d500000) (1024K)]
  0x000002a9628ae2b0 ConcurrentGCThread "G1 Service"                [id=24032, stack(0x000000fa1d500000,0x000000fa1d600000) (1024K)]
Total: 15

Threads with active compile tasks:
C2 CompilerThread0      838 1046 % !   4       sun.awt.image.PNGImageDecoder::produceImage @ 960 (1917 bytes)
Total: 1

VM state: not at safepoint (normal execution)

VM Mutex/Monitor currently owned by a thread: None

Heap address: 0x0000000084800000, size: 1976 MB, Compressed Oops mode: 32-bit

CDS archive(s) mapped at: [0x000002a900000000-0x000002a900c90000-0x000002a900c90000), size 13172736, SharedBaseAddress: 0x000002a900000000, ArchiveRelocationMode: 1.
Compressed class space mapped at: 0x000002a901000000-0x000002a941000000, reserved size: 1073741824
Narrow klass base: 0x000002a900000000, Narrow klass shift: 0, Narrow klass range: 0x100000000

GC Precious Log:
 CardTable entry size: 512
 Card Set container configuration: InlinePtr #cards 5 size 8 Array Of Cards #cards 12 size 40 Howl #buckets 4 coarsen threshold 1843 Howl Bitmap #cards 512 size 80 coarsen threshold 460 Card regions per heap region 1 cards per card region 2048
 CPUs: 16 total, 16 available
 Memory: 7896M
 Large Page Support: Disabled
 NUMA Support: Disabled
 Compressed Oops: Enabled (32-bit)
 Heap Region Size: 1M
 Heap Min Capacity: 8M
 Heap Initial Capacity: 124M
 Heap Max Capacity: 1976M
 Pre-touch: Disabled
 Parallel Workers: 13
 Concurrent Workers: 3
 Concurrent Refinement Workers: 13
 Periodic GC: Disabled

Heap:
 garbage-first heap   total 126976K, used 24576K [0x0000000084800000, 0x0000000100000000)
  region size 1024K, 7 young (7168K), 3 survivors (3072K)
 Metaspace       used 8487K, committed 8704K, reserved 1114112K
  class space    used 923K, committed 1024K, reserved 1048576K

Heap Regions: E=young(eden), S=young(survivor), O=old, HS=humongous(starts), HC=humongous(continues), CS=collection set, F=free, TAMS=top-at-mark-start, PB=parsable bottom
|   0|0x0000000084800000, 0x0000000084900000, 0x0000000084900000|100%|HS|  |TAMS 0x0000000084800000| PB 0x0000000084800000| Complete 
|   1|0x0000000084900000, 0x0000000084a00000, 0x0000000084a00000|100%|HC|  |TAMS 0x0000000084900000| PB 0x0000000084900000| Complete 
|   2|0x0000000084a00000, 0x0000000084b00000, 0x0000000084b00000|100%|HC|  |TAMS 0x0000000084a00000| PB 0x0000000084a00000| Complete 
|   3|0x0000000084b00000, 0x0000000084c00000, 0x0000000084c00000|100%|HC|  |TAMS 0x0000000084b00000| PB 0x0000000084b00000| Complete 
|   4|0x0000000084c00000, 0x0000000084d00000, 0x0000000084d00000|100%|HC|  |TAMS 0x0000000084c00000| PB 0x0000000084c00000| Complete 
|   5|0x0000000084d00000, 0x0000000084e00000, 0x0000000084e00000|100%|HC|  |TAMS 0x0000000084d00000| PB 0x0000000084d00000| Complete 
|   6|0x0000000084e00000, 0x0000000084f00000, 0x0000000084f00000|100%|HC|  |TAMS 0x0000000084e00000| PB 0x0000000084e00000| Complete 
|   7|0x0000000084f00000, 0x0000000085000000, 0x0000000085000000|100%|HC|  |TAMS 0x0000000084f00000| PB 0x0000000084f00000| Complete 
|   8|0x0000000085000000, 0x0000000085100000, 0x0000000085100000|100%|HC|  |TAMS 0x0000000085000000| PB 0x0000000085000000| Complete 
|   9|0x0000000085100000, 0x0000000085200000, 0x0000000085200000|100%|HC|  |TAMS 0x0000000085100000| PB 0x0000000085100000| Complete 
|  10|0x0000000085200000, 0x0000000085300000, 0x0000000085300000|100%|HC|  |TAMS 0x0000000085200000| PB 0x0000000085200000| Complete 
|  11|0x0000000085300000, 0x0000000085400000, 0x0000000085400000|100%|HC|  |TAMS 0x0000000085300000| PB 0x0000000085300000| Complete 
|  12|0x0000000085400000, 0x0000000085500000, 0x0000000085500000|100%|HC|  |TAMS 0x0000000085400000| PB 0x0000000085400000| Complete 
|  13|0x0000000085500000, 0x0000000085600000, 0x0000000085600000|100%|HC|  |TAMS 0x0000000085500000| PB 0x0000000085500000| Complete 
|  14|0x0000000085600000, 0x0000000085700000, 0x0000000085700000|100%|HC|  |TAMS 0x0000000085600000| PB 0x0000000085600000| Complete 
|  15|0x0000000085700000, 0x0000000085800000, 0x0000000085800000|100%|HS|  |TAMS 0x0000000085700000| PB 0x0000000085700000| Complete 
|  16|0x0000000085800000, 0x0000000085900000, 0x0000000085900000|100%|HS|  |TAMS 0x0000000085800000| PB 0x0000000085800000| Complete 
|  17|0x0000000085900000, 0x0000000085a00000, 0x0000000085a00000|100%|HC|  |TAMS 0x0000000085900000| PB 0x0000000085900000| Complete 
|  18|0x0000000085a00000, 0x0000000085a00000, 0x0000000085b00000|  0%| F|  |TAMS 0x0000000085a00000| PB 0x0000000085a00000| Untracked 
|  19|0x0000000085b00000, 0x0000000085b00000, 0x0000000085c00000|  0%| F|  |TAMS 0x0000000085b00000| PB 0x0000000085b00000| Untracked 
|  20|0x0000000085c00000, 0x0000000085c00000, 0x0000000085d00000|  0%| F|  |TAMS 0x0000000085c00000| PB 0x0000000085c00000| Untracked 
|  21|0x0000000085d00000, 0x0000000085d00000, 0x0000000085e00000|  0%| F|  |TAMS 0x0000000085d00000| PB 0x0000000085d00000| Untracked 
|  22|0x0000000085e00000, 0x0000000085e00000, 0x0000000085f00000|  0%| F|  |TAMS 0x0000000085e00000| PB 0x0000000085e00000| Untracked 
|  23|0x0000000085f00000, 0x0000000085f00000, 0x0000000086000000|  0%| F|  |TAMS 0x0000000085f00000| PB 0x0000000085f00000| Untracked 
|  24|0x0000000086000000, 0x0000000086000000, 0x0000000086100000|  0%| F|  |TAMS 0x0000000086000000| PB 0x0000000086000000| Untracked 
|  25|0x0000000086100000, 0x0000000086100000, 0x0000000086200000|  0%| F|  |TAMS 0x0000000086100000| PB 0x0000000086100000| Untracked 
|  26|0x0000000086200000, 0x0000000086200000, 0x0000000086300000|  0%| F|  |TAMS 0x0000000086200000| PB 0x0000000086200000| Untracked 
|  27|0x0000000086300000, 0x0000000086300000, 0x0000000086400000|  0%| F|  |TAMS 0x0000000086300000| PB 0x0000000086300000| Untracked 
|  28|0x0000000086400000, 0x0000000086400000, 0x0000000086500000|  0%| F|  |TAMS 0x0000000086400000| PB 0x0000000086400000| Untracked 
|  29|0x0000000086500000, 0x0000000086500000, 0x0000000086600000|  0%| F|  |TAMS 0x0000000086500000| PB 0x0000000086500000| Untracked 
|  30|0x0000000086600000, 0x0000000086600000, 0x0000000086700000|  0%| F|  |TAMS 0x0000000086600000| PB 0x0000000086600000| Untracked 
|  31|0x0000000086700000, 0x0000000086700000, 0x0000000086800000|  0%| F|  |TAMS 0x0000000086700000| PB 0x0000000086700000| Untracked 
|  32|0x0000000086800000, 0x0000000086800000, 0x0000000086900000|  0%| F|  |TAMS 0x0000000086800000| PB 0x0000000086800000| Untracked 
|  33|0x0000000086900000, 0x0000000086900000, 0x0000000086a00000|  0%| F|  |TAMS 0x0000000086900000| PB 0x0000000086900000| Untracked 
|  34|0x0000000086a00000, 0x0000000086a00000, 0x0000000086b00000|  0%| F|  |TAMS 0x0000000086a00000| PB 0x0000000086a00000| Untracked 
|  35|0x0000000086b00000, 0x0000000086b00000, 0x0000000086c00000|  0%| F|  |TAMS 0x0000000086b00000| PB 0x0000000086b00000| Untracked 
|  36|0x0000000086c00000, 0x0000000086c00000, 0x0000000086d00000|  0%| F|  |TAMS 0x0000000086c00000| PB 0x0000000086c00000| Untracked 
|  37|0x0000000086d00000, 0x0000000086d00000, 0x0000000086e00000|  0%| F|  |TAMS 0x0000000086d00000| PB 0x0000000086d00000| Untracked 
|  38|0x0000000086e00000, 0x0000000086e00000, 0x0000000086f00000|  0%| F|  |TAMS 0x0000000086e00000| PB 0x0000000086e00000| Untracked 
|  39|0x0000000086f00000, 0x0000000086f00000, 0x0000000087000000|  0%| F|  |TAMS 0x0000000086f00000| PB 0x0000000086f00000| Untracked 
|  40|0x0000000087000000, 0x0000000087000000, 0x0000000087100000|  0%| F|  |TAMS 0x0000000087000000| PB 0x0000000087000000| Untracked 
|  41|0x0000000087100000, 0x0000000087100000, 0x0000000087200000|  0%| F|  |TAMS 0x0000000087100000| PB 0x0000000087100000| Untracked 
|  42|0x0000000087200000, 0x0000000087200000, 0x0000000087300000|  0%| F|  |TAMS 0x0000000087200000| PB 0x0000000087200000| Untracked 
|  43|0x0000000087300000, 0x0000000087300000, 0x0000000087400000|  0%| F|  |TAMS 0x0000000087300000| PB 0x0000000087300000| Untracked 
|  44|0x0000000087400000, 0x0000000087400000, 0x0000000087500000|  0%| F|  |TAMS 0x0000000087400000| PB 0x0000000087400000| Untracked 
|  45|0x0000000087500000, 0x0000000087500000, 0x0000000087600000|  0%| F|  |TAMS 0x0000000087500000| PB 0x0000000087500000| Untracked 
|  46|0x0000000087600000, 0x0000000087600000, 0x0000000087700000|  0%| F|  |TAMS 0x0000000087600000| PB 0x0000000087600000| Untracked 
|  47|0x0000000087700000, 0x0000000087700000, 0x0000000087800000|  0%| F|  |TAMS 0x0000000087700000| PB 0x0000000087700000| Untracked 
|  48|0x0000000087800000, 0x0000000087800000, 0x0000000087900000|  0%| F|  |TAMS 0x0000000087800000| PB 0x0000000087800000| Untracked 
|  49|0x0000000087900000, 0x0000000087900000, 0x0000000087a00000|  0%| F|  |TAMS 0x0000000087900000| PB 0x0000000087900000| Untracked 
|  50|0x0000000087a00000, 0x0000000087a00000, 0x0000000087b00000|  0%| F|  |TAMS 0x0000000087a00000| PB 0x0000000087a00000| Untracked 
|  51|0x0000000087b00000, 0x0000000087b00000, 0x0000000087c00000|  0%| F|  |TAMS 0x0000000087b00000| PB 0x0000000087b00000| Untracked 
|  52|0x0000000087c00000, 0x0000000087c00000, 0x0000000087d00000|  0%| F|  |TAMS 0x0000000087c00000| PB 0x0000000087c00000| Untracked 
|  53|0x0000000087d00000, 0x0000000087d00000, 0x0000000087e00000|  0%| F|  |TAMS 0x0000000087d00000| PB 0x0000000087d00000| Untracked 
|  54|0x0000000087e00000, 0x0000000087e00000, 0x0000000087f00000|  0%| F|  |TAMS 0x0000000087e00000| PB 0x0000000087e00000| Untracked 
|  55|0x0000000087f00000, 0x0000000087f00000, 0x0000000088000000|  0%| F|  |TAMS 0x0000000087f00000| PB 0x0000000087f00000| Untracked 
|  56|0x0000000088000000, 0x0000000088000000, 0x0000000088100000|  0%| F|  |TAMS 0x0000000088000000| PB 0x0000000088000000| Untracked 
|  57|0x0000000088100000, 0x0000000088100000, 0x0000000088200000|  0%| F|  |TAMS 0x0000000088100000| PB 0x0000000088100000| Untracked 
|  58|0x0000000088200000, 0x0000000088200000, 0x0000000088300000|  0%| F|  |TAMS 0x0000000088200000| PB 0x0000000088200000| Untracked 
|  59|0x0000000088300000, 0x0000000088300000, 0x0000000088400000|  0%| F|  |TAMS 0x0000000088300000| PB 0x0000000088300000| Untracked 
|  60|0x0000000088400000, 0x0000000088400000, 0x0000000088500000|  0%| F|  |TAMS 0x0000000088400000| PB 0x0000000088400000| Untracked 
|  61|0x0000000088500000, 0x0000000088500000, 0x0000000088600000|  0%| F|  |TAMS 0x0000000088500000| PB 0x0000000088500000| Untracked 
|  62|0x0000000088600000, 0x0000000088600000, 0x0000000088700000|  0%| F|  |TAMS 0x0000000088600000| PB 0x0000000088600000| Untracked 
|  63|0x0000000088700000, 0x0000000088700000, 0x0000000088800000|  0%| F|  |TAMS 0x0000000088700000| PB 0x0000000088700000| Untracked 
|  64|0x0000000088800000, 0x0000000088800000, 0x0000000088900000|  0%| F|  |TAMS 0x0000000088800000| PB 0x0000000088800000| Untracked 
|  65|0x0000000088900000, 0x0000000088900000, 0x0000000088a00000|  0%| F|  |TAMS 0x0000000088900000| PB 0x0000000088900000| Untracked 
|  66|0x0000000088a00000, 0x0000000088a00000, 0x0000000088b00000|  0%| F|  |TAMS 0x0000000088a00000| PB 0x0000000088a00000| Untracked 
|  67|0x0000000088b00000, 0x0000000088b00000, 0x0000000088c00000|  0%| F|  |TAMS 0x0000000088b00000| PB 0x0000000088b00000| Untracked 
|  68|0x0000000088c00000, 0x0000000088c00000, 0x0000000088d00000|  0%| F|  |TAMS 0x0000000088c00000| PB 0x0000000088c00000| Untracked 
|  69|0x0000000088d00000, 0x0000000088d00000, 0x0000000088e00000|  0%| F|  |TAMS 0x0000000088d00000| PB 0x0000000088d00000| Untracked 
|  70|0x0000000088e00000, 0x0000000088e00000, 0x0000000088f00000|  0%| F|  |TAMS 0x0000000088e00000| PB 0x0000000088e00000| Untracked 
|  71|0x0000000088f00000, 0x0000000088f00000, 0x0000000089000000|  0%| F|  |TAMS 0x0000000088f00000| PB 0x0000000088f00000| Untracked 
|  72|0x0000000089000000, 0x0000000089000000, 0x0000000089100000|  0%| F|  |TAMS 0x0000000089000000| PB 0x0000000089000000| Untracked 
|  73|0x0000000089100000, 0x0000000089100000, 0x0000000089200000|  0%| F|  |TAMS 0x0000000089100000| PB 0x0000000089100000| Untracked 
|  74|0x0000000089200000, 0x0000000089200000, 0x0000000089300000|  0%| F|  |TAMS 0x0000000089200000| PB 0x0000000089200000| Untracked 
|  75|0x0000000089300000, 0x0000000089300000, 0x0000000089400000|  0%| F|  |TAMS 0x0000000089300000| PB 0x0000000089300000| Untracked 
|  76|0x0000000089400000, 0x0000000089400000, 0x0000000089500000|  0%| F|  |TAMS 0x0000000089400000| PB 0x0000000089400000| Untracked 
|  77|0x0000000089500000, 0x0000000089500000, 0x0000000089600000|  0%| F|  |TAMS 0x0000000089500000| PB 0x0000000089500000| Untracked 
|  78|0x0000000089600000, 0x0000000089600000, 0x0000000089700000|  0%| F|  |TAMS 0x0000000089600000| PB 0x0000000089600000| Untracked 
|  79|0x0000000089700000, 0x0000000089700000, 0x0000000089800000|  0%| F|  |TAMS 0x0000000089700000| PB 0x0000000089700000| Untracked 
|  80|0x0000000089800000, 0x0000000089800000, 0x0000000089900000|  0%| F|  |TAMS 0x0000000089800000| PB 0x0000000089800000| Untracked 
|  81|0x0000000089900000, 0x0000000089900000, 0x0000000089a00000|  0%| F|  |TAMS 0x0000000089900000| PB 0x0000000089900000| Untracked 
|  82|0x0000000089a00000, 0x0000000089a00000, 0x0000000089b00000|  0%| F|  |TAMS 0x0000000089a00000| PB 0x0000000089a00000| Untracked 
|  83|0x0000000089b00000, 0x0000000089b00000, 0x0000000089c00000|  0%| F|  |TAMS 0x0000000089b00000| PB 0x0000000089b00000| Untracked 
|  84|0x0000000089c00000, 0x0000000089c00000, 0x0000000089d00000|  0%| F|  |TAMS 0x0000000089c00000| PB 0x0000000089c00000| Untracked 
|  85|0x0000000089d00000, 0x0000000089d00000, 0x0000000089e00000|  0%| F|  |TAMS 0x0000000089d00000| PB 0x0000000089d00000| Untracked 
|  86|0x0000000089e00000, 0x0000000089e00000, 0x0000000089f00000|  0%| F|  |TAMS 0x0000000089e00000| PB 0x0000000089e00000| Untracked 
|  87|0x0000000089f00000, 0x0000000089f00000, 0x000000008a000000|  0%| F|  |TAMS 0x0000000089f00000| PB 0x0000000089f00000| Untracked 
|  88|0x000000008a000000, 0x000000008a000000, 0x000000008a100000|  0%| F|  |TAMS 0x000000008a000000| PB 0x000000008a000000| Untracked 
|  89|0x000000008a100000, 0x000000008a100000, 0x000000008a200000|  0%| F|  |TAMS 0x000000008a100000| PB 0x000000008a100000| Untracked 
|  90|0x000000008a200000, 0x000000008a200000, 0x000000008a300000|  0%| F|  |TAMS 0x000000008a200000| PB 0x000000008a200000| Untracked 
|  91|0x000000008a300000, 0x000000008a300000, 0x000000008a400000|  0%| F|  |TAMS 0x000000008a300000| PB 0x000000008a300000| Untracked 
|  92|0x000000008a400000, 0x000000008a400000, 0x000000008a500000|  0%| F|  |TAMS 0x000000008a400000| PB 0x000000008a400000| Untracked 
|  93|0x000000008a500000, 0x000000008a500000, 0x000000008a600000|  0%| F|  |TAMS 0x000000008a500000| PB 0x000000008a500000| Untracked 
|  94|0x000000008a600000, 0x000000008a600000, 0x000000008a700000|  0%| F|  |TAMS 0x000000008a600000| PB 0x000000008a600000| Untracked 
|  95|0x000000008a700000, 0x000000008a700000, 0x000000008a800000|  0%| F|  |TAMS 0x000000008a700000| PB 0x000000008a700000| Untracked 
|  96|0x000000008a800000, 0x000000008a800000, 0x000000008a900000|  0%| F|  |TAMS 0x000000008a800000| PB 0x000000008a800000| Untracked 
|  97|0x000000008a900000, 0x000000008a900000, 0x000000008aa00000|  0%| F|  |TAMS 0x000000008a900000| PB 0x000000008a900000| Untracked 
|  98|0x000000008aa00000, 0x000000008ab00000, 0x000000008ab00000|100%| S|CS|TAMS 0x000000008aa00000| PB 0x000000008aa00000| Complete 
|  99|0x000000008ab00000, 0x000000008ac00000, 0x000000008ac00000|100%| S|CS|TAMS 0x000000008ab00000| PB 0x000000008ab00000| Complete 
| 100|0x000000008ac00000, 0x000000008ad00000, 0x000000008ad00000|100%| S|CS|TAMS 0x000000008ac00000| PB 0x000000008ac00000| Complete 
| 101|0x000000008ad00000, 0x000000008ad00000, 0x000000008ae00000|  0%| F|  |TAMS 0x000000008ad00000| PB 0x000000008ad00000| Untracked 
| 102|0x000000008ae00000, 0x000000008ae00000, 0x000000008af00000|  0%| F|  |TAMS 0x000000008ae00000| PB 0x000000008ae00000| Untracked 
| 103|0x000000008af00000, 0x000000008af00000, 0x000000008b000000|  0%| F|  |TAMS 0x000000008af00000| PB 0x000000008af00000| Untracked 
| 104|0x000000008b000000, 0x000000008b000000, 0x000000008b100000|  0%| F|  |TAMS 0x000000008b000000| PB 0x000000008b000000| Untracked 
| 105|0x000000008b100000, 0x000000008b100000, 0x000000008b200000|  0%| F|  |TAMS 0x000000008b100000| PB 0x000000008b100000| Untracked 
| 106|0x000000008b200000, 0x000000008b200000, 0x000000008b300000|  0%| F|  |TAMS 0x000000008b200000| PB 0x000000008b200000| Untracked 
| 107|0x000000008b300000, 0x000000008b300000, 0x000000008b400000|  0%| F|  |TAMS 0x000000008b300000| PB 0x000000008b300000| Untracked 
| 108|0x000000008b400000, 0x000000008b400000, 0x000000008b500000|  0%| F|  |TAMS 0x000000008b400000| PB 0x000000008b400000| Untracked 
| 109|0x000000008b500000, 0x000000008b500000, 0x000000008b600000|  0%| F|  |TAMS 0x000000008b500000| PB 0x000000008b500000| Untracked 
| 110|0x000000008b600000, 0x000000008b600000, 0x000000008b700000|  0%| F|  |TAMS 0x000000008b600000| PB 0x000000008b600000| Untracked 
| 111|0x000000008b700000, 0x000000008b700000, 0x000000008b800000|  0%| F|  |TAMS 0x000000008b700000| PB 0x000000008b700000| Untracked 
| 112|0x000000008b800000, 0x000000008b800000, 0x000000008b900000|  0%| F|  |TAMS 0x000000008b800000| PB 0x000000008b800000| Untracked 
| 113|0x000000008b900000, 0x000000008b900000, 0x000000008ba00000|  0%| F|  |TAMS 0x000000008b900000| PB 0x000000008b900000| Untracked 
| 114|0x000000008ba00000, 0x000000008ba00000, 0x000000008bb00000|  0%| F|  |TAMS 0x000000008ba00000| PB 0x000000008ba00000| Untracked 
| 115|0x000000008bb00000, 0x000000008bb00000, 0x000000008bc00000|  0%| F|  |TAMS 0x000000008bb00000| PB 0x000000008bb00000| Untracked 
| 116|0x000000008bc00000, 0x000000008bc00000, 0x000000008bd00000|  0%| F|  |TAMS 0x000000008bc00000| PB 0x000000008bc00000| Untracked 
| 117|0x000000008bd00000, 0x000000008bd00000, 0x000000008be00000|  0%| F|  |TAMS 0x000000008bd00000| PB 0x000000008bd00000| Untracked 
| 118|0x000000008be00000, 0x000000008be00000, 0x000000008bf00000|  0%| F|  |TAMS 0x000000008be00000| PB 0x000000008be00000| Untracked 
| 119|0x000000008bf00000, 0x000000008bf00000, 0x000000008c000000|  0%| F|  |TAMS 0x000000008bf00000| PB 0x000000008bf00000| Untracked 
| 120|0x000000008c000000, 0x000000008c0f50c8, 0x000000008c100000| 95%| E|  |TAMS 0x000000008c000000| PB 0x000000008c000000| Complete 
| 121|0x000000008c100000, 0x000000008c200000, 0x000000008c200000|100%| E|CS|TAMS 0x000000008c100000| PB 0x000000008c100000| Complete 
| 122|0x000000008c200000, 0x000000008c300000, 0x000000008c300000|100%| E|CS|TAMS 0x000000008c200000| PB 0x000000008c200000| Complete 
| 123|0x000000008c300000, 0x000000008c400000, 0x000000008c400000|100%| E|CS|TAMS 0x000000008c300000| PB 0x000000008c300000| Complete 

Card table byte_map: [0x000002a95d700000,0x000002a95dae0000] _byte_map_base: 0x000002a95d2dc000

Marking Bits: (CMBitMap*) 0x000002a94375b6f0
 Bits: [0x000002a95dae0000, 0x000002a95f9c0000)

Polling page: 0x000002a9437d0000

Metaspace:

Usage:
  Non-class:      7.39 MB used.
      Class:    923.77 KB used.
       Both:      8.29 MB used.

Virtual space:
  Non-class space:       64.00 MB reserved,       7.50 MB ( 12%) committed,  1 nodes.
      Class space:        1.00 GB reserved,       1.00 MB ( <1%) committed,  1 nodes.
             Both:        1.06 GB reserved,       8.50 MB ( <1%) committed. 

Chunk freelists:
   Non-Class:  8.48 MB
       Class:  15.04 MB
        Both:  23.52 MB

MaxMetaspaceSize: unlimited
CompressedClassSpaceSize: 1.00 GB
Initial GC threshold: 21.00 MB
Current GC threshold: 21.00 MB
CDS: on
 - commit_granule_bytes: 65536.
 - commit_granule_words: 8192.
 - virtual_space_node_default_size: 8388608.
 - enlarge_chunks_in_place: 1.
 - use_allocation_guard: 0.


Internal statistics:

num_allocs_failed_limit: 0.
num_arena_births: 158.
num_arena_deaths: 0.
num_vsnodes_births: 2.
num_vsnodes_deaths: 0.
num_space_committed: 136.
num_space_uncommitted: 0.
num_chunks_returned_to_freelist: 0.
num_chunks_taken_from_freelist: 199.
num_chunk_merges: 0.
num_chunk_splits: 117.
num_chunks_enlarged: 46.
num_inconsistent_stats: 0.

CodeHeap 'non-profiled nmethods': size=119168Kb used=374Kb max_used=374Kb free=118793Kb
 bounds [0x000002a954ef0000, 0x000002a955160000, 0x000002a95c350000]
CodeHeap 'profiled nmethods': size=119104Kb used=2075Kb max_used=2075Kb free=117028Kb
 bounds [0x000002a94d350000, 0x000002a94d5c0000, 0x000002a9547a0000]
CodeHeap 'non-nmethods': size=7488Kb used=2129Kb max_used=2129Kb free=5359Kb
 bounds [0x000002a9547a0000, 0x000002a954a10000, 0x000002a954ef0000]
 total_blobs=1838 nmethods=1206 adapters=536
 compilation: enabled
              stopped_count=0, restarted_count=0
 full_count=0

Compilation events (20 events):
Event: 0.776 Thread 0x000002a962c701c0 nmethod 1210 0x000002a954f4c310 code [0x000002a954f4c4a0, 0x000002a954f4c568]
Event: 0.776 Thread 0x000002a962c701c0 1211       1       javax.swing.text.GapVector::getGapStart (5 bytes)
Event: 0.776 Thread 0x000002a962a2ef30 nmethod 1213 0x000002a94d555710 code [0x000002a94d5558c0, 0x000002a94d555b08]
Event: 0.776 Thread 0x000002a962c701c0 nmethod 1211 0x000002a954f4c610 code [0x000002a954f4c7a0, 0x000002a954f4c868]
Event: 0.777 Thread 0x000002a962c701c0 1214       3       java.lang.Character::isSurrogate (18 bytes)
Event: 0.777 Thread 0x000002a962c701c0 nmethod 1214 0x000002a94d555b90 code [0x000002a94d555d20, 0x000002a94d555ea0]
Event: 0.777 Thread 0x000002a962c701c0 1215       3       java.nio.MappedByteBuffer::position (8 bytes)
Event: 0.777 Thread 0x000002a962c701c0 nmethod 1215 0x000002a94d555f10 code [0x000002a94d5560c0, 0x000002a94d556270]
Event: 0.778 Thread 0x000002a962a2ef30 1217       3       java.nio.Buffer::flip (20 bytes)
Event: 0.778 Thread 0x000002a962a2ef30 nmethod 1217 0x000002a94d556390 code [0x000002a94d556520, 0x000002a94d556640]
Event: 0.779 Thread 0x000002a962a2ef30 1218       1       java.nio.DirectByteBuffer::isReadOnly (2 bytes)
Event: 0.779 Thread 0x000002a962a2ef30 nmethod 1218 0x000002a954f4c910 code [0x000002a954f4caa0, 0x000002a954f4cb68]
Event: 0.783 Thread 0x000002a962a2ef30 1219       1       java.awt.AWTEvent::getID (5 bytes)
Event: 0.783 Thread 0x000002a962a2ef30 nmethod 1219 0x000002a954f4cc10 code [0x000002a954f4cda0, 0x000002a954f4ce68]
Event: 0.791 Thread 0x000002a962a2ef30 1220       3       java.awt.geom.AffineTransform::equals (26 bytes)
Event: 0.791 Thread 0x000002a962c701c0 1221       1       java.awt.Color::getRGB (5 bytes)
Event: 0.791 Thread 0x000002a962c701c0 nmethod 1221 0x000002a954f4cf10 code [0x000002a954f4d0a0, 0x000002a954f4d168]
Event: 0.791 Thread 0x000002a962a2ef30 nmethod 1220 0x000002a94d556710 code [0x000002a94d5568c0, 0x000002a94d556c38]
Event: 0.791 Thread 0x000002a962a2ef30 1222       1       javax.swing.text.GapVector::getArray (5 bytes)
Event: 0.791 Thread 0x000002a962a2ef30 nmethod 1222 0x000002a954f4d690 code [0x000002a954f4d820, 0x000002a954f4d8e8]

GC Heap History (2 events):
Event: 0.485 GC heap before
{Heap before GC invocations=0 (full 0):
 garbage-first heap   total 126976K, used 38912K [0x0000000084800000, 0x0000000100000000)
  region size 1024K, 23 young (23552K), 0 survivors (0K)
 Metaspace       used 6368K, committed 6656K, reserved 1114112K
  class space    used 684K, committed 832K, reserved 1048576K
}
Event: 0.490 GC heap after
{Heap after GC invocations=1 (full 0):
 garbage-first heap   total 126976K, used 18432K [0x0000000084800000, 0x0000000100000000)
  region size 1024K, 3 young (3072K), 3 survivors (3072K)
 Metaspace       used 6368K, committed 6656K, reserved 1114112K
  class space    used 684K, committed 832K, reserved 1048576K
}

Dll operation events (9 events):
Event: 0.006 Loaded shared library C:\Program Files\Java\jdk-21\bin\java.dll
Event: 0.039 Loaded shared library C:\Program Files\Java\jdk-21\bin\jsvml.dll
Event: 0.061 Loaded shared library C:\Program Files\Java\jdk-21\bin\net.dll
Event: 0.062 Loaded shared library C:\Program Files\Java\jdk-21\bin\nio.dll
Event: 0.067 Loaded shared library C:\Program Files\Java\jdk-21\bin\zip.dll
Event: 0.103 Loaded shared library C:\Program Files\Java\jdk-21\bin\jimage.dll
Event: 0.114 Loaded shared library C:\Program Files\Java\jdk-21\bin\awt.dll
Event: 0.686 Loaded shared library C:\Program Files\Java\jdk-21\bin\freetype.dll
Event: 0.687 Loaded shared library C:\Program Files\Java\jdk-21\bin\fontmanager.dll

Deoptimization events (20 events):
Event: 0.505 Thread 0x000002a962a19bf0 Uncommon trap: trap_request=0xffffff45 fr.pc=0x000002a954f45c30 relative=0x0000000000000310
Event: 0.505 Thread 0x000002a962a19bf0 Uncommon trap: reason=unstable_if action=reinterpret pc=0x000002a954f45c30 method=sun.awt.image.ImageRepresentation.getOpaqueRGBImage()Ljava/awt/image/BufferedImage; @ 57 c2
Event: 0.505 Thread 0x000002a962a19bf0 DEOPT PACKING pc=0x000002a954f45c30 sp=0x000000fa1e6feca0
Event: 0.505 Thread 0x000002a962a19bf0 DEOPT UNPACKING pc=0x000002a9547f46a2 sp=0x000000fa1e6fec30 mode 2
Event: 0.507 Thread 0x000002a962a19bf0 Uncommon trap: trap_request=0xffffff45 fr.pc=0x000002a954f41f84 relative=0x0000000000000324
Event: 0.507 Thread 0x000002a962a19bf0 Uncommon trap: reason=unstable_if action=reinterpret pc=0x000002a954f41f84 method=sun.awt.image.PNGImageDecoder.produceImage()V @ 94 c2
Event: 0.507 Thread 0x000002a962a19bf0 DEOPT PACKING pc=0x000002a954f41f84 sp=0x000000fa1e6fef10
Event: 0.507 Thread 0x000002a962a19bf0 DEOPT UNPACKING pc=0x000002a9547f46a2 sp=0x000000fa1e6fee08 mode 2
Event: 0.667 Thread 0x000002a962a19bf0 Uncommon trap: trap_request=0xffffff45 fr.pc=0x000002a954f462c4 relative=0x0000000000000264
Event: 0.667 Thread 0x000002a962a19bf0 Uncommon trap: reason=unstable_if action=reinterpret pc=0x000002a954f462c4 method=sun.awt.image.ImageRepresentation.getOpaqueRGBImage()Ljava/awt/image/BufferedImage; @ 57 c2
Event: 0.667 Thread 0x000002a962a19bf0 DEOPT PACKING pc=0x000002a954f462c4 sp=0x000000fa1e6feaf0
Event: 0.667 Thread 0x000002a962a19bf0 DEOPT UNPACKING pc=0x000002a9547f46a2 sp=0x000000fa1e6fea50 mode 2
Event: 0.672 Thread 0x000002a962a1a910 Uncommon trap: trap_request=0xffffff45 fr.pc=0x000002a954f444ec relative=0x00000000000000cc
Event: 0.672 Thread 0x000002a962a1a910 Uncommon trap: reason=unstable_if action=reinterpret pc=0x000002a954f444ec method=java.util.concurrent.locks.ReentrantLock$Sync.tryRelease(I)Z @ 26 c2
Event: 0.672 Thread 0x000002a962a1a910 DEOPT PACKING pc=0x000002a954f444ec sp=0x000000fa1e5fd540
Event: 0.672 Thread 0x000002a962a1a910 DEOPT UNPACKING pc=0x000002a9547f46a2 sp=0x000000fa1e5fd4e0 mode 2
Event: 0.692 Thread 0x000002a943417dd0 Uncommon trap: trap_request=0xffffff45 fr.pc=0x000002a954f2f374 relative=0x00000000000001d4
Event: 0.692 Thread 0x000002a943417dd0 Uncommon trap: reason=unstable_if action=reinterpret pc=0x000002a954f2f374 method=java.lang.StringUTF16.compress([CI[BII)I @ 20 c2
Event: 0.692 Thread 0x000002a943417dd0 DEOPT PACKING pc=0x000002a954f2f374 sp=0x000000fa1d0fd750
Event: 0.692 Thread 0x000002a943417dd0 DEOPT UNPACKING pc=0x000002a9547f46a2 sp=0x000000fa1d0fd6c0 mode 2

Classes loaded (20 events):
Event: 0.788 Loading class java/text/AttributedString$AttributedStringIterator
Event: 0.788 Loading class java/text/AttributedCharacterIterator
Event: 0.788 Loading class java/text/AttributedCharacterIterator done
Event: 0.788 Loading class java/text/AttributedString$AttributedStringIterator done
Event: 0.788 Loading class java/awt/event/ContainerEvent
Event: 0.788 Loading class java/awt/event/ContainerEvent done
Event: 0.788 Loading class javax/swing/TimerQueue
Event: 0.788 Loading class javax/swing/TimerQueue done
Event: 0.788 Loading class java/util/concurrent/DelayQueue
Event: 0.788 Loading class java/util/concurrent/BlockingQueue
Event: 0.788 Loading class java/util/concurrent/BlockingQueue done
Event: 0.788 Loading class java/util/concurrent/DelayQueue done
Event: 0.789 Loading class java/util/PriorityQueue
Event: 0.789 Loading class java/util/PriorityQueue done
Event: 0.790 Loading class javax/swing/TimerQueue$DelayedTimer
Event: 0.790 Loading class java/util/concurrent/Delayed
Event: 0.790 Loading class java/util/concurrent/Delayed done
Event: 0.790 Loading class javax/swing/TimerQueue$DelayedTimer done
Event: 0.790 Loading class java/awt/TextComponent
Event: 0.790 Loading class java/awt/TextComponent done

Classes unloaded (0 events):
No events

Classes redefined (0 events):
No events

Internal exceptions (20 events):
Event: 0.064 Thread 0x000002a943417dd0 Exception <a 'sun/nio/fs/WindowsException'{0x000000008c248830}> (0x000000008c248830) 
thrown [s\open\src\hotspot\share\prims\jni.cpp, line 520]
Event: 0.064 Thread 0x000002a943417dd0 Exception <a 'sun/nio/fs/WindowsException'{0x000000008c2494a8}> (0x000000008c2494a8) 
thrown [s\open\src\hotspot\share\prims\jni.cpp, line 520]
Event: 0.064 Thread 0x000002a943417dd0 Exception <a 'sun/nio/fs/WindowsException'{0x000000008c24a108}> (0x000000008c24a108) 
thrown [s\open\src\hotspot\share\prims\jni.cpp, line 520]
Event: 0.064 Thread 0x000002a943417dd0 Exception <a 'sun/nio/fs/WindowsException'{0x000000008c24ad88}> (0x000000008c24ad88) 
thrown [s\open\src\hotspot\share\prims\jni.cpp, line 520]
Event: 0.083 Thread 0x000002a943417dd0 Exception <a 'java/lang/NoSuchMethodError'{0x000000008c1da308}: 'void java.lang.invoke.DirectMethodHandle$Holder.invokeSpecial(java.lang.Object, java.lang.Object, java.lang.Object)'> (0x000000008c1da308) 
thrown [s\open\src\hotspot\share\interpreter\linkResolver.cpp, line 773]
Event: 0.085 Thread 0x000002a943417dd0 Exception <a 'java/lang/NoSuchMethodError'{0x000000008c1ecbf0}: 'void java.lang.invoke.DirectMethodHandle$Holder.invokeSpecial(java.lang.Object, java.lang.Object, java.lang.Object, java.lang.Object, java.lang.Object)'> (0x000000008c1ecbf0) 
thrown [s\open\src\hotspot\share\interpreter\linkResolver.cpp, line 773]
Event: 0.087 Thread 0x000002a943417dd0 Exception <a 'java/lang/NoSuchMethodError'{0x000000008c1fea68}: 'java.lang.Object java.lang.invoke.DirectMethodHandle$Holder.invokeInterface(java.lang.Object, java.lang.Object)'> (0x000000008c1fea68) 
thrown [s\open\src\hotspot\share\interpreter\linkResolver.cpp, line 773]
Event: 0.088 Thread 0x000002a943417dd0 Exception <a 'java/lang/IncompatibleClassChangeError'{0x000000008c002170}: Found class java.lang.Object, but interface was expected> (0x000000008c002170) 
thrown [s\open\src\hotspot\share\interpreter\linkResolver.cpp, line 840]
Event: 0.088 Thread 0x000002a943417dd0 Exception <a 'java/lang/NoSuchMethodError'{0x000000008c004a10}: 'void java.lang.invoke.DirectMethodHandle$Holder.invokeStatic(java.lang.Object, java.lang.Object, java.lang.Object, java.lang.Object)'> (0x000000008c004a10) 
thrown [s\open\src\hotspot\share\interpreter\linkResolver.cpp, line 773]
Event: 0.107 Thread 0x000002a943417dd0 Exception <a 'java/lang/ClassNotFoundException'{0x000000008c0e64d8}: sun/awt/resources/spi/awtProvider> (0x000000008c0e64d8) 
thrown [s\open\src\hotspot\share\classfile\systemDictionary.cpp, line 312]
Event: 0.121 Thread 0x000002a943417dd0 Exception <a 'java/io/FileNotFoundException'{0x000000008bf3a3d0}> (0x000000008bf3a3d0) 
thrown [s\open\src\hotspot\share\prims\jni.cpp, line 520]
Event: 0.124 Thread 0x000002a943417dd0 Exception <a 'java/io/FileNotFoundException'{0x000000008bf644f0}> (0x000000008bf644f0) 
thrown [s\open\src\hotspot\share\prims\jni.cpp, line 520]
Event: 0.179 Thread 0x000002a943417dd0 Exception <a 'java/lang/NoSuchMethodError'{0x000000008bd19910}: 'java.lang.Object java.lang.invoke.DirectMethodHandle$Holder.newInvokeSpecial(java.lang.Object, java.lang.Object, java.lang.Object, java.lang.Object, java.lang.Object)'> (0x000000008bd19910) 
thrown [s\open\src\hotspot\share\interpreter\linkResolver.cpp, line 773]
Event: 0.183 Thread 0x000002a943417dd0 Exception <a 'java/lang/NoSuchMethodError'{0x000000008bd45498}: 'java.lang.Object java.lang.invoke.DirectMethodHandle$Holder.invokeStatic(java.lang.Object, int, java.lang.Object)'> (0x000000008bd45498) 
thrown [s\open\src\hotspot\share\interpreter\linkResolver.cpp, line 773]
Event: 0.198 Thread 0x000002a943417dd0 Exception <a 'java/lang/ClassNotFoundException'{0x000000008bde44c0}: com/sun/swing/internal/plaf/metal/resources/spi/metalProvider> (0x000000008bde44c0) 
thrown [s\open\src\hotspot\share\classfile\systemDictionary.cpp, line 312]
Event: 0.199 Thread 0x000002a943417dd0 Exception <a 'java/lang/ClassNotFoundException'{0x000000008bde83d0}: com/sun/swing/internal/plaf/basic/resources/spi/basicProvider> (0x000000008bde83d0) 
thrown [s\open\src\hotspot\share\classfile\systemDictionary.cpp, line 312]
Event: 0.207 Thread 0x000002a943417dd0 Exception <a 'java/lang/NoSuchMethodError'{0x000000008bc07d28}: 'int java.lang.invoke.Invokers$Holder.invokeExact_MT(java.lang.Object, java.lang.Object)'> (0x000000008bc07d28) 
thrown [s\open\src\hotspot\share\interpreter\linkResolver.cpp, line 773]
Event: 0.262 Thread 0x000002a962a19bf0 Exception <a 'java/lang/NoSuchMethodError'{0x000000008ba2b860}: 'java.lang.Object java.lang.invoke.DirectMethodHandle$Holder.newInvokeSpecial(java.lang.Object, java.lang.Object, java.lang.Object, int, int, int, int, int)'> (0x000000008ba2b860) 
thrown [s\open\src\hotspot\share\interpreter\linkResolver.cpp, line 773]
Event: 0.673 Thread 0x000002a962a1a910 Exception <a 'java/lang/NoSuchMethodError'{0x000000008c1d6290}: 'void java.lang.invoke.DirectMethodHandle$Holder.invokeVirtual(java.lang.Object, java.lang.Object)'> (0x000000008c1d6290) 
thrown [s\open\src\hotspot\share\interpreter\linkResolver.cpp, line 773]
Event: 0.684 Thread 0x000002a943417dd0 Exception <a 'java/lang/NoSuchMethodError'{0x000000008c289530}: 'void java.lang.invoke.DirectMethodHandle$Holder.invokeStaticInit(java.lang.Object)'> (0x000000008c289530) 
thrown [s\open\src\hotspot\share\interpreter\linkResolver.cpp, line 773]

ZGC Phase Switch (0 events):
No events

VM Operations (16 events):
Event: 0.068 Executing VM operation: HandshakeAllThreads (Deoptimize)
Event: 0.068 Executing VM operation: HandshakeAllThreads (Deoptimize) done
Event: 0.086 Executing VM operation: HandshakeAllThreads (Deoptimize)
Event: 0.086 Executing VM operation: HandshakeAllThreads (Deoptimize) done
Event: 0.131 Executing VM operation: HandshakeAllThreads (Deoptimize)
Event: 0.131 Executing VM operation: HandshakeAllThreads (Deoptimize) done
Event: 0.222 Executing VM operation: HandshakeAllThreads (Deoptimize)
Event: 0.222 Executing VM operation: HandshakeAllThreads (Deoptimize) done
Event: 0.243 Executing VM operation: HandshakeAllThreads (Deoptimize)
Event: 0.243 Executing VM operation: HandshakeAllThreads (Deoptimize) done
Event: 0.258 Executing VM operation: HandshakeAllThreads (Deoptimize)
Event: 0.258 Executing VM operation: HandshakeAllThreads (Deoptimize) done
Event: 0.485 Executing VM operation: G1CollectForAllocation (G1 Evacuation Pause)
Event: 0.490 Executing VM operation: G1CollectForAllocation (G1 Evacuation Pause) done
Event: 0.506 Executing VM operation: HandshakeAllThreads (Deoptimize)
Event: 0.506 Executing VM operation: HandshakeAllThreads (Deoptimize) done

Events (20 events):
Event: 0.023 Thread 0x000002a943417dd0 Thread added: 0x000002a943417dd0
Event: 0.037 Thread 0x000002a962a0f450 Thread added: 0x000002a962a0f450
Event: 0.037 Thread 0x000002a962a10170 Thread added: 0x000002a962a10170
Event: 0.037 Thread 0x000002a962a12110 Thread added: 0x000002a962a12110
Event: 0.037 Thread 0x000002a962a14170 Thread added: 0x000002a962a14170
Event: 0.037 Thread 0x000002a962a17070 Thread added: 0x000002a962a17070
Event: 0.037 Thread 0x000002a962a1afa0 Thread added: 0x000002a962a1afa0
Event: 0.037 Thread 0x000002a962a24210 Thread added: 0x000002a962a24210
Event: 0.038 Thread 0x000002a962a2ef30 Thread added: 0x000002a962a2ef30
Event: 0.054 Thread 0x000002a962a17b20 Thread added: 0x000002a962a17b20
Event: 0.058 Thread 0x000002a962c701c0 Thread added: 0x000002a962c701c0
Event: 0.093 Thread 0x000002a962a181b0 Thread added: 0x000002a962a181b0
Event: 0.155 Thread 0x000002a962a18ed0 Thread added: 0x000002a962a18ed0
Event: 0.156 Thread 0x000002a962a19560 Thread added: 0x000002a962a19560
Event: 0.157 Thread 0x000002a962a1a910 Thread added: 0x000002a962a1a910
Event: 0.230 Thread 0x000002a962a19bf0 Thread added: 0x000002a962a19bf0
Event: 0.672 Thread 0x000002a962a18840 Thread added: 0x000002a962a18840
Event: 0.745 Thread 0x000002a943417dd0 Thread exited: 0x000002a943417dd0
Event: 0.745 Thread 0x000002a962a1a280 Thread added: 0x000002a962a1a280
Event: 0.790 Thread 0x000002a969c26fa0 Thread added: 0x000002a969c26fa0


Dynamic libraries:
0x00007ff68f470000 - 0x00007ff68f480000 	C:\Program Files\Java\jdk-21\bin\java.exe
0x00007ffcf0790000 - 0x00007ffcf09a7000 	C:\Windows\SYSTEM32\ntdll.dll
0x00007ffcef900000 - 0x00007ffcef9c4000 	C:\Windows\System32\KERNEL32.DLL
0x00007ffcede90000 - 0x00007ffcee23c000 	C:\Windows\System32\KERNELBASE.dll
0x00007ffcedcb0000 - 0x00007ffceddc1000 	C:\Windows\System32\ucrtbase.dll
0x00007ffce63d0000 - 0x00007ffce63eb000 	C:\Program Files\Java\jdk-21\bin\VCRUNTIME140.dll
0x00007ffce4590000 - 0x00007ffce45a9000 	C:\Program Files\Java\jdk-21\bin\jli.dll
0x00007ffceefe0000 - 0x00007ffcef092000 	C:\Windows\System32\ADVAPI32.dll
0x00007ffcefb70000 - 0x00007ffcefc17000 	C:\Windows\System32\msvcrt.dll
0x00007ffcef710000 - 0x00007ffcef7b8000 	C:\Windows\System32\sechost.dll
0x00007ffcedbe0000 - 0x00007ffcedc08000 	C:\Windows\System32\bcrypt.dll
0x00007ffcf0630000 - 0x00007ffcf0745000 	C:\Windows\System32\RPCRT4.dll
0x00007ffceee30000 - 0x00007ffceefde000 	C:\Windows\System32\USER32.dll
0x00007ffcedbb0000 - 0x00007ffcedbd6000 	C:\Windows\System32\win32u.dll
0x00007ffceeae0000 - 0x00007ffceeb09000 	C:\Windows\System32\GDI32.dll
0x00007ffcee240000 - 0x00007ffcee359000 	C:\Windows\System32\gdi32full.dll
0x00007ffcedc10000 - 0x00007ffcedcaa000 	C:\Windows\System32\msvcp_win.dll
0x00007ffcc6f50000 - 0x00007ffcc71e3000 	C:\Windows\WinSxS\amd64_microsoft.windows.common-controls_6595b64144ccf1df_6.0.22621.3672_none_2713b9d173822955\COMCTL32.dll
0x00007ffce22b0000 - 0x00007ffce22ba000 	C:\Windows\SYSTEM32\VERSION.dll
0x00007ffcef440000 - 0x00007ffcef471000 	C:\Windows\System32\IMM32.DLL
0x00007ffce63c0000 - 0x00007ffce63cc000 	C:\Program Files\Java\jdk-21\bin\vcruntime140_1.dll
0x00007ffcd09d0000 - 0x00007ffcd0a5e000 	C:\Program Files\Java\jdk-21\bin\msvcp140.dll
0x00007ffc95e90000 - 0x00007ffc96ba7000 	C:\Program Files\Java\jdk-21\bin\server\jvm.dll
0x00007ffcefad0000 - 0x00007ffcefb41000 	C:\Windows\System32\WS2_32.dll
0x00007ffce4490000 - 0x00007ffce44c4000 	C:\Windows\SYSTEM32\WINMM.dll
0x00007ffcec920000 - 0x00007ffcec96d000 	C:\Windows\SYSTEM32\POWRPROF.dll
0x00007ffcec900000 - 0x00007ffcec913000 	C:\Windows\SYSTEM32\UMPDC.dll
0x00007ffcecbc0000 - 0x00007ffcecbd8000 	C:\Windows\SYSTEM32\kernel.appcore.dll
0x00007ffce63b0000 - 0x00007ffce63ba000 	C:\Program Files\Java\jdk-21\bin\jimage.dll
0x00007ffceae00000 - 0x00007ffceb032000 	C:\Windows\SYSTEM32\DBGHELP.DLL
0x00007ffcef0a0000 - 0x00007ffcef428000 	C:\Windows\System32\combase.dll
0x00007ffcef820000 - 0x00007ffcef8f7000 	C:\Windows\System32\OLEAUT32.dll
0x00007ffce2770000 - 0x00007ffce27a2000 	C:\Windows\SYSTEM32\dbgcore.DLL
0x00007ffcedb30000 - 0x00007ffcedbab000 	C:\Windows\System32\bcryptPrimitives.dll
0x00007ffce46f0000 - 0x00007ffce470f000 	C:\Program Files\Java\jdk-21\bin\java.dll
0x00007ffcefdd0000 - 0x00007ffcf062c000 	C:\Windows\System32\SHELL32.dll
0x00007ffceb9d0000 - 0x00007ffcec2c7000 	C:\Windows\SYSTEM32\windows.storage.dll
0x00007ffceb890000 - 0x00007ffceb9cf000 	C:\Windows\SYSTEM32\wintypes.dll
0x00007ffcefcd0000 - 0x00007ffcefdc4000 	C:\Windows\System32\SHCORE.dll
0x00007ffcee4d0000 - 0x00007ffcee52e000 	C:\Windows\System32\shlwapi.dll
0x00007ffced9f0000 - 0x00007ffceda11000 	C:\Windows\SYSTEM32\profapi.dll
0x00007ffce4610000 - 0x00007ffce46e7000 	C:\Program Files\Java\jdk-21\bin\jsvml.dll
0x00007ffce4600000 - 0x00007ffce4610000 	C:\Program Files\Java\jdk-21\bin\net.dll
0x00007ffce7230000 - 0x00007ffce7366000 	C:\Windows\SYSTEM32\WINHTTP.dll
0x00007ffced050000 - 0x00007ffced0b9000 	C:\Windows\system32\mswsock.dll
0x00007ffce45e0000 - 0x00007ffce45f6000 	C:\Program Files\Java\jdk-21\bin\nio.dll
0x00007ffce45c0000 - 0x00007ffce45d8000 	C:\Program Files\Java\jdk-21\bin\zip.dll
0x00007ffcd0a60000 - 0x00007ffcd0bef000 	C:\Program Files\Java\jdk-21\bin\awt.dll
0x00007ffcea940000 - 0x00007ffcea9d7000 	C:\Windows\SYSTEM32\apphelp.dll
0x00007ffceb050000 - 0x00007ffceb07b000 	C:\Windows\system32\DWMAPI.DLL
0x00007ffceaa40000 - 0x00007ffceaaea000 	C:\Windows\system32\uxtheme.dll
0x00007ffc95d90000 - 0x00007ffc95e90000 	C:\Windows\system32\opengl32.dll
0x00007ffcd09a0000 - 0x00007ffcd09cd000 	C:\Windows\SYSTEM32\GLU32.dll
0x00007ffceaca0000 - 0x00007ffceacd9000 	C:\Windows\SYSTEM32\dxcore.dll
0x00007ffceeb10000 - 0x00007ffceec63000 	C:\Windows\System32\MSCTF.dll
0x00007ffcef490000 - 0x00007ffcef635000 	C:\Windows\System32\ole32.dll
0x00007ffc95d00000 - 0x00007ffc95d87000 	C:\Program Files\Java\jdk-21\bin\freetype.dll
0x00007ffc95c10000 - 0x00007ffc95cf2000 	C:\Program Files\Java\jdk-21\bin\fontmanager.dll
0x00007ffcefc20000 - 0x00007ffcefcd0000 	C:\Windows\System32\clbcatq.dll
0x00007ffce9350000 - 0x00007ffce9500000 	C:\Windows\SYSTEM32\WindowsCodecs.dll
0x00007ffcb97a0000 - 0x00007ffcb97fe000 	C:\Windows\system32\dataexchange.dll
0x00007ffce54b0000 - 0x00007ffce573a000 	C:\Windows\system32\twinapi.appcore.dll
0x00007ffcd2db0000 - 0x00007ffcd2efd000 	C:\Windows\SYSTEM32\textinputframework.dll
0x00007ffcea650000 - 0x00007ffcea783000 	C:\Windows\SYSTEM32\CoreMessaging.dll
0x00007ffce6560000 - 0x00007ffce68cd000 	C:\Windows\SYSTEM32\CoreUIComponents.dll
0x00007ffced2d0000 - 0x00007ffced2dc000 	C:\Windows\SYSTEM32\CRYPTBASE.DLL

dbghelp: loaded successfully - version: 4.0.5 - missing functions: none
symbol engine: initialized successfully - sym options: 0x614 - pdb path: .;C:\Program Files\Java\jdk-21\bin;C:\Windows\SYSTEM32;C:\Windows\WinSxS\amd64_microsoft.windows.common-controls_6595b64144ccf1df_6.0.22621.3672_none_2713b9d173822955;C:\Program Files\Java\jdk-21\bin\server

VM Arguments:
jvm_args: -Dfile.encoding=UTF-8 --module-path=E:\Engineering\4th Semister\Lab\OOP LAB\LAB PROJECT\Project Source code\HotelManagementSystem\build\classes 
java_command: hotelmanagementsystem.adminLogIn
java_class_path (initial): E:\Engineering\4th Semister\Lab\OOP LAB\LAB PROJECT\Project Source code\HotelManagementSystem\src\mysql-connector-java-8.0.28.jar;E:\Engineering\4th Semister\Lab\OOP LAB\LAB PROJECT\Project Source code\HotelManagementSystem\build\classes
Launcher Type: SUN_STANDARD

[Global flags]
     intx CICompilerCount                          = 12                                        {product} {ergonomic}
     uint ConcGCThreads                            = 3                                         {product} {ergonomic}
     uint G1ConcRefinementThreads                  = 13                                        {product} {ergonomic}
   size_t G1HeapRegionSize                         = 1048576                                   {product} {ergonomic}
    uintx GCDrainStackTargetSize                   = 64                                        {product} {ergonomic}
   size_t InitialHeapSize                          = 130023424                                 {product} {ergonomic}
   size_t MarkStackSize                            = 4194304                                   {product} {ergonomic}
   size_t MaxHeapSize                              = 2071986176                                {product} {ergonomic}
   size_t MaxNewSize                               = 1242562560                                {product} {ergonomic}
   size_t MinHeapDeltaBytes                        = 1048576                                   {product} {ergonomic}
   size_t MinHeapSize                              = 8388608                                   {product} {ergonomic}
    uintx NonNMethodCodeHeapSize                   = 7602480                                {pd product} {ergonomic}
    uintx NonProfiledCodeHeapSize                  = 122027880                              {pd product} {ergonomic}
    uintx ProfiledCodeHeapSize                     = 122027880                              {pd product} {ergonomic}
    uintx ReservedCodeCacheSize                    = 251658240                              {pd product} {ergonomic}
     bool SegmentedCodeCache                       = true                                      {product} {ergonomic}
   size_t SoftMaxHeapSize                          = 2071986176                             {manageable} {ergonomic}
     bool UseCompressedOops                        = true                           {product lp64_product} {ergonomic}
     bool UseG1GC                                  = true                                      {product} {ergonomic}
     bool UseLargePagesIndividualAllocation        = false                                  {pd product} {ergonomic}

Logging:
Log output configuration:
 #0: stdout all=warning uptime,level,tags foldmultilines=false
 #1: stderr all=off uptime,level,tags foldmultilines=false

Environment Variables:
JAVA_HOME=C:\Program Files\Java\jdk-21
PATH=C:\Program Files\Common Files\Oracle\Java\javapath;C:\Windows\system32;C:\Windows;C:\Windows\System32\Wbem;C:\Windows\System32\WindowsPowerShell\v1.0\;C:\Windows\System32\OpenSSH\;C:\Program Files (x86)\NVIDIA Corporation\PhysX\Common;C:\Program Files\NVIDIA Corporation\NVIDIA NvDLISR;C:\Program Files\dotnet\;C:\Program Files\Java\jdk-21\bin;C:\Program Files\Git\cmd;C:\Program Files\MySQL\MySQL Shell 8.0\bin\;C:\Users\Acer\AppData\Local\Microsoft\WindowsApps;;C:\Program Files\JetBrains\IntelliJ IDEA 2024.1.1\bin;
USERNAME=Acer
OS=Windows_NT
PROCESSOR_IDENTIFIER=Intel64 Family 6 Model 154 Stepping 3, GenuineIntel
TMP=C:\Users\Acer\AppData\Local\Temp
TEMP=C:\Users\Acer\AppData\Local\Temp




Periodic native trim disabled

---------------  S Y S T E M  ---------------

OS:
 Windows 11 , 64 bit Build 22621 (10.0.22621.3672)
OS uptime: 0 days 0:41 hours
Hyper-V role detected

CPU: total 16 (initial active 16) (8 cores per cpu, 2 threads per core) family 6 model 154 stepping 3 microcode 0x423, cx8, cmov, fxsr, ht, mmx, 3dnowpref, sse, sse2, sse3, ssse3, sse4.1, sse4.2, popcnt, lzcnt, tsc, tscinvbit, avx, avx2, aes, erms, clmul, bmi1, bmi2, adx, sha, fma, vzeroupper, clflush, clflushopt, clwb, hv, serialize, rdtscp, rdpid, fsrm, f16c, cet_ibt, cet_ss
Processor Information for processor 0
  Max Mhz: 1700, Current Mhz: 1700, Mhz Limit: 1700
Processor Information for processor 1
  Max Mhz: 1700, Current Mhz: 1700, Mhz Limit: 1700
Processor Information for processor 2
  Max Mhz: 1700, Current Mhz: 1700, Mhz Limit: 1700
Processor Information for processor 3
  Max Mhz: 1700, Current Mhz: 1700, Mhz Limit: 1700
Processor Information for processor 4
  Max Mhz: 1700, Current Mhz: 1700, Mhz Limit: 1700
Processor Information for processor 5
  Max Mhz: 1700, Current Mhz: 1700, Mhz Limit: 1700
Processor Information for processor 6
  Max Mhz: 1700, Current Mhz: 1700, Mhz Limit: 1700
Processor Information for processor 7
  Max Mhz: 1700, Current Mhz: 1700, Mhz Limit: 1700
Processor Information for processor 8
  Max Mhz: 1700, Current Mhz: 1200, Mhz Limit: 1190
Processor Information for processor 9
  Max Mhz: 1700, Current Mhz: 1200, Mhz Limit: 1190
Processor Information for processor 10
  Max Mhz: 1700, Current Mhz: 1200, Mhz Limit: 1190
Processor Information for processor 11
  Max Mhz: 1700, Current Mhz: 1200, Mhz Limit: 1190
Processor Information for processor 12
  Max Mhz: 1700, Current Mhz: 1200, Mhz Limit: 1190
Processor Information for processor 13
  Max Mhz: 1700, Current Mhz: 1200, Mhz Limit: 1190
Processor Information for processor 14
  Max Mhz: 1700, Current Mhz: 1200, Mhz Limit: 1190
Processor Information for processor 15
  Max Mhz: 1700, Current Mhz: 1200, Mhz Limit: 1190

Memory: 4k page, system-wide physical 7896M (245M free)
TotalPageFile size 27101M (AvailPageFile size 3M)
current process WorkingSet (physical memory assigned to process): 133M, peak: 133M
current process commit charge ("private bytes"): 263M, peak: 263M

vm_info: Java HotSpot(TM) 64-Bit Server VM (21.0.2+13-LTS-58) for windows-amd64 JRE (21.0.2+13-LTS-58), built on 2024-01-05T18:32:24Z by "mach5one" with MS VC++ 17.1 (VS2022)

END.
