#
# There is insufficient memory for the Java Runtime Environment to continue.
# Native memory allocation (mmap) failed to map 130023424 bytes for G1 virtual space
# Possible reasons:
#   The system is out of physical RAM or swap space
#   The process is running with CompressedOops enabled, and the Java Heap may be blocking the growth of the native heap
# Possible solutions:
#   Reduce memory load on the system
#   Increase physical memory or swap space
#   Check if swap backing store is full
#   Decrease Java heap size (-Xmx/-Xms)
#   Decrease number of Java threads
#   Decrease Java thread stack sizes (-Xss)
#   Set larger code cache with -XX:ReservedCodeCacheSize=
#   JVM is running with Unscaled Compressed Oops mode in which the Java heap is
#     placed in the first 4GB address space. The Java Heap base address is the
#     maximum limit for the native heap growth. Please use -XX:HeapBaseMinAddress
#     to set the Java Heap base and to place the Java Heap above 4GB virtual address.
# This output file may be truncated or incomplete.
#
#  Out of Memory Error (os_windows.cpp:3600), pid=8992, tid=11120
#
# JRE version:  (21.0.2+13) (build )
# Java VM: Java HotSpot(TM) 64-Bit Server VM (21.0.2+13-LTS-58, mixed mode, sharing, tiered, compressed oops, compressed class ptrs, g1 gc, windows-amd64)
# No core dump will be written. Minidumps are not enabled by default on client versions of Windows
#

---------------  S U M M A R Y ------------

Command Line: -Dfile.encoding=UTF-8 --module-path=E:\project\HotelManagementSystem\build\classes hotelmanagementsystem.AdminProfile

Host: 12th Gen Intel(R) Core(TM) i5-1240P, 16 cores, 7G,  Windows 11 , 64 bit Build 22621 (10.0.22621.3672)
Time: Sun Jun  9 00:01:10 2024 Bangladesh Standard Time elapsed time: 0.009072 seconds (0d 0h 0m 0s)

---------------  T H R E A D  ---------------

Current thread (0x00000280657f6eb0):  JavaThread "Unknown thread" [_thread_in_vm, id=11120, stack(0x000000deaa500000,0x000000deaa600000) (1024K)]

Stack: [0x000000deaa500000,0x000000deaa600000]
Native frames: (J=compiled Java code, j=interpreted, Vv=VM code, C=native code)
V  [jvm.dll+0x6cade9]
V  [jvm.dll+0x8569c1]
V  [jvm.dll+0x858d2e]
V  [jvm.dll+0x859413]
V  [jvm.dll+0x280e56]
V  [jvm.dll+0x6c74d5]
V  [jvm.dll+0x6bbeca]
V  [jvm.dll+0x355bca]
V  [jvm.dll+0x35d816]
V  [jvm.dll+0x3ae67e]
V  [jvm.dll+0x3ae928]
V  [jvm.dll+0x3295dc]
V  [jvm.dll+0x32a16b]
V  [jvm.dll+0x81efa9]
V  [jvm.dll+0x3bba01]
V  [jvm.dll+0x807928]
V  [jvm.dll+0x44f50e]
V  [jvm.dll+0x450e11]
C  [jli.dll+0x52a3]
C  [ucrtbase.dll+0x29333]
C  [KERNEL32.DLL+0x1257d]
C  [ntdll.dll+0x5aa48]


---------------  P R O C E S S  ---------------

Threads class SMR info:
_java_thread_list=0x00007fff4fb7bb88, length=0, elements={
}

Java Threads: ( => current thread )
Total: 0

Other Threads:
  0x00000280659c9110 WorkerThread "GC Thread#0"                     [id=9752, stack(0x000000deaa600000,0x000000deaa700000) (1024K)]
  0x00000280659db810 ConcurrentGCThread "G1 Main Marker"            [id=21208, stack(0x000000deaa700000,0x000000deaa800000) (1024K)]
  0x00000280659dc4d0 WorkerThread "G1 Conc#0"                       [id=9020, stack(0x000000deaa800000,0x000000deaa900000) (1024K)]

[error occurred during error reporting (printing all threads), id 0xc0000005, EXCEPTION_ACCESS_VIOLATION (0xc0000005) at pc=0x00007fff4f2ec6a7]
VM state: not at safepoint (not fully initialized)

VM Mutex/Monitor currently owned by a thread:  ([mutex/lock_event])
[0x00007fff4fbece68] Heap_lock - owner thread: 0x00000280657f6eb0

Heap address: 0x0000000084800000, size: 1976 MB, Compressed Oops mode: 32-bit

CDS archive(s) mapped at: [0x0000000000000000-0x0000000000000000-0x0000000000000000), size 0, SharedBaseAddress: 0x0000000800000000, ArchiveRelocationMode: 1.
Narrow klass base: 0x0000000000000000, Narrow klass shift: 0, Narrow klass range: 0x0

GC Precious Log:
 CardTable entry size: 512
 Card Set container configuration: InlinePtr #cards 5 size 8 Array Of Cards #cards 12 size 40 Howl #buckets 4 coarsen threshold 1843 Howl Bitmap #cards 512 size 80 coarsen threshold 460 Card regions per heap region 1 cards per card region 2048

Heap:
 garbage-first heap   total 0K, used 0K [0x0000000084800000, 0x0000000100000000)
  region size 1024K, 0 young (0K), 0 survivors (0K)

[error occurred during error reporting (printing heap information), id 0xc0000005, EXCEPTION_ACCESS_VIOLATION (0xc0000005) at pc=0x00007fff4f6d39f9]
GC Heap History (0 events):
No events

Dll operation events (1 events):
Event: 0.005 Loaded shared library C:\Program Files\Java\jdk-21\bin\java.dll

Deoptimization events (0 events):
No events

Classes loaded (0 events):
No events

Classes unloaded (0 events):
No events

Classes redefined (0 events):
No events

Internal exceptions (0 events):
No events

ZGC Phase Switch (0 events):
No events

VM Operations (0 events):
No events

Events (0 events):
No events


Dynamic libraries:
0x00007ff65fd70000 - 0x00007ff65fd80000 	C:\Program Files\Java\jdk-21\bin\java.exe
0x00007fffa1310000 - 0x00007fffa1527000 	C:\Windows\SYSTEM32\ntdll.dll
0x00007fffa06c0000 - 0x00007fffa0784000 	C:\Windows\System32\KERNEL32.DLL
0x00007fff9e900000 - 0x00007fff9ecac000 	C:\Windows\System32\KERNELBASE.dll
0x00007fff9e7b0000 - 0x00007fff9e8c1000 	C:\Windows\System32\ucrtbase.dll
0x00007fff99a80000 - 0x00007fff99a9b000 	C:\Program Files\Java\jdk-21\bin\VCRUNTIME140.dll
0x00007fff94ce0000 - 0x00007fff94cf9000 	C:\Program Files\Java\jdk-21\bin\jli.dll
0x00007fffa0130000 - 0x00007fffa01e2000 	C:\Windows\System32\ADVAPI32.dll
0x00007fff9fc50000 - 0x00007fff9fcf7000 	C:\Windows\System32\msvcrt.dll
0x00007fff9fff0000 - 0x00007fffa0098000 	C:\Windows\System32\sechost.dll
0x00007fff9e780000 - 0x00007fff9e7a8000 	C:\Windows\System32\bcrypt.dll
0x00007fffa01f0000 - 0x00007fffa0305000 	C:\Windows\System32\RPCRT4.dll
0x00007fff9f050000 - 0x00007fff9f1fe000 	C:\Windows\System32\USER32.dll
0x00007fff9e8d0000 - 0x00007fff9e8f6000 	C:\Windows\System32\win32u.dll
0x00007fff9ffc0000 - 0x00007fff9ffe9000 	C:\Windows\System32\GDI32.dll
0x00007fff9ecb0000 - 0x00007fff9edc9000 	C:\Windows\System32\gdi32full.dll
0x00007fff9edd0000 - 0x00007fff9ee6a000 	C:\Windows\System32\msvcp_win.dll
0x00007fff77a00000 - 0x00007fff77c93000 	C:\Windows\WinSxS\amd64_microsoft.windows.common-controls_6595b64144ccf1df_6.0.22621.3672_none_2713b9d173822955\COMCTL32.dll
0x00007fff91620000 - 0x00007fff9162a000 	C:\Windows\SYSTEM32\VERSION.dll
0x00007fffa00f0000 - 0x00007fffa0121000 	C:\Windows\System32\IMM32.DLL
0x00007fff99a70000 - 0x00007fff99a7c000 	C:\Program Files\Java\jdk-21\bin\vcruntime140_1.dll
0x00007fff85670000 - 0x00007fff856fe000 	C:\Program Files\Java\jdk-21\bin\msvcp140.dll
0x00007fff4efb0000 - 0x00007fff4fcc7000 	C:\Program Files\Java\jdk-21\bin\server\jvm.dll
0x00007fffa0890000 - 0x00007fffa0901000 	C:\Windows\System32\WS2_32.dll
0x00007fff9d4a0000 - 0x00007fff9d4ed000 	C:\Windows\SYSTEM32\POWRPROF.dll
0x00007fff969d0000 - 0x00007fff96a04000 	C:\Windows\SYSTEM32\WINMM.dll
0x00007fff9d480000 - 0x00007fff9d493000 	C:\Windows\SYSTEM32\UMPDC.dll
0x00007fff9d730000 - 0x00007fff9d748000 	C:\Windows\SYSTEM32\kernel.appcore.dll
0x00007fff999d0000 - 0x00007fff999da000 	C:\Program Files\Java\jdk-21\bin\jimage.dll
0x00007fff9be00000 - 0x00007fff9c032000 	C:\Windows\SYSTEM32\DBGHELP.DLL
0x00007fffa0330000 - 0x00007fffa06b8000 	C:\Windows\System32\combase.dll
0x00007fffa1160000 - 0x00007fffa1237000 	C:\Windows\System32\OLEAUT32.dll
0x00007fff90140000 - 0x00007fff90172000 	C:\Windows\SYSTEM32\dbgcore.DLL
0x00007fff9e700000 - 0x00007fff9e77b000 	C:\Windows\System32\bcryptPrimitives.dll
0x00007fff94cc0000 - 0x00007fff94cdf000 	C:\Program Files\Java\jdk-21\bin\java.dll

dbghelp: loaded successfully - version: 4.0.5 - missing functions: none
symbol engine: initialized successfully - sym options: 0x614 - pdb path: .;C:\Program Files\Java\jdk-21\bin;C:\Windows\SYSTEM32;C:\Windows\WinSxS\amd64_microsoft.windows.common-controls_6595b64144ccf1df_6.0.22621.3672_none_2713b9d173822955;C:\Program Files\Java\jdk-21\bin\server

VM Arguments:
jvm_args: -Dfile.encoding=UTF-8 --module-path=E:\project\HotelManagementSystem\build\classes 
java_command: hotelmanagementsystem.AdminProfile
java_class_path (initial): E:\project\HotelManagementSystem\src\mysql-connector-java-8.0.28.jar;E:\;E:\project\HotelManagementSystem\rs2xml.jar;E:\project\HotelManagementSystem\build\classes
Launcher Type: SUN_STANDARD

[Global flags]
     intx CICompilerCount                          = 12                                        {product} {ergonomic}
     uint ConcGCThreads                            = 3                                         {product} {ergonomic}
     uint G1ConcRefinementThreads                  = 13                                        {product} {ergonomic}
   size_t G1HeapRegionSize                         = 1048576                                   {product} {ergonomic}
    uintx GCDrainStackTargetSize                   = 64                                        {product} {ergonomic}
   size_t InitialHeapSize                          = 130023424                                 {product} {ergonomic}
   size_t MarkStackSize                            = 4194304                                   {product} {ergonomic}
   size_t MaxHeapSize                              = 2071986176                                {product} {ergonomic}
   size_t MinHeapDeltaBytes                        = 1048576                                   {product} {ergonomic}
   size_t MinHeapSize                              = 8388608                                   {product} {ergonomic}
    uintx NonNMethodCodeHeapSize                   = 7602480                                {pd product} {ergonomic}
    uintx NonProfiledCodeHeapSize                  = 122027880                              {pd product} {ergonomic}
    uintx ProfiledCodeHeapSize                     = 122027880                              {pd product} {ergonomic}
    uintx ReservedCodeCacheSize                    = 251658240                              {pd product} {ergonomic}
     bool SegmentedCodeCache                       = true                                      {product} {ergonomic}
   size_t SoftMaxHeapSize                          = 2071986176                             {manageable} {ergonomic}
     bool UseCompressedOops                        = true                           {product lp64_product} {ergonomic}
     bool UseG1GC                                  = true                                      {product} {ergonomic}
     bool UseLargePagesIndividualAllocation        = false                                  {pd product} {ergonomic}

Logging:
Log output configuration:
 #0: stdout all=warning uptime,level,tags foldmultilines=false
 #1: stderr all=off uptime,level,tags foldmultilines=false

Environment Variables:
JAVA_HOME=C:\Program Files\Java\jdk-21
PATH=C:\Program Files\Common Files\Oracle\Java\javapath;C:\Windows\system32;C:\Windows;C:\Windows\System32\Wbem;C:\Windows\System32\WindowsPowerShell\v1.0\;C:\Windows\System32\OpenSSH\;C:\Program Files (x86)\NVIDIA Corporation\PhysX\Common;C:\Program Files\NVIDIA Corporation\NVIDIA NvDLISR;C:\Program Files\dotnet\;C:\Program Files\Java\jdk-21\bin;C:\Program Files\Git\cmd;C:\Program Files\MySQL\MySQL Shell 8.0\bin\;C:\Users\Acer\AppData\Local\Microsoft\WindowsApps;;C:\Program Files\JetBrains\IntelliJ IDEA 2024.1.1\bin;
USERNAME=Acer
OS=Windows_NT
PROCESSOR_IDENTIFIER=Intel64 Family 6 Model 154 Stepping 3, GenuineIntel
TMP=C:\Users\Acer\AppData\Local\Temp
TEMP=C:\Users\Acer\AppData\Local\Temp




Periodic native trim disabled

---------------  S Y S T E M  ---------------

OS:
 Windows 11 , 64 bit Build 22621 (10.0.22621.3672)
OS uptime: 0 days 7:49 hours
Hyper-V role detected

CPU: total 16 (initial active 16) (8 cores per cpu, 2 threads per core) family 6 model 154 stepping 3 microcode 0x423, cx8, cmov, fxsr, ht, mmx, 3dnowpref, sse, sse2, sse3, ssse3, sse4.1, sse4.2, popcnt, lzcnt, tsc, tscinvbit, avx, avx2, aes, erms, clmul, bmi1, bmi2, adx, sha, fma, vzeroupper, clflush, clflushopt, clwb, hv, serialize, rdtscp, rdpid, fsrm, f16c, cet_ibt, cet_ss
Processor Information for processor 0
  Max Mhz: 1700, Current Mhz: 1700, Mhz Limit: 1700
Processor Information for processor 1
  Max Mhz: 1700, Current Mhz: 1700, Mhz Limit: 1700
Processor Information for processor 2
  Max Mhz: 1700, Current Mhz: 1700, Mhz Limit: 1700
Processor Information for processor 3
  Max Mhz: 1700, Current Mhz: 1700, Mhz Limit: 1700
Processor Information for processor 4
  Max Mhz: 1700, Current Mhz: 1700, Mhz Limit: 1700
Processor Information for processor 5
  Max Mhz: 1700, Current Mhz: 1700, Mhz Limit: 1700
Processor Information for processor 6
  Max Mhz: 1700, Current Mhz: 1700, Mhz Limit: 1700
Processor Information for processor 7
  Max Mhz: 1700, Current Mhz: 1700, Mhz Limit: 1700
Processor Information for processor 8
  Max Mhz: 1700, Current Mhz: 1200, Mhz Limit: 1190
Processor Information for processor 9
  Max Mhz: 1700, Current Mhz: 1200, Mhz Limit: 1190
Processor Information for processor 10
  Max Mhz: 1700, Current Mhz: 1200, Mhz Limit: 1190
Processor Information for processor 11
  Max Mhz: 1700, Current Mhz: 1200, Mhz Limit: 1190
Processor Information for processor 12
  Max Mhz: 1700, Current Mhz: 1200, Mhz Limit: 1190
Processor Information for processor 13
  Max Mhz: 1700, Current Mhz: 1200, Mhz Limit: 1190
Processor Information for processor 14
  Max Mhz: 1700, Current Mhz: 1200, Mhz Limit: 1190
Processor Information for processor 15
  Max Mhz: 1700, Current Mhz: 1200, Mhz Limit: 1190

Memory: 4k page, system-wide physical 7896M (57M free)
TotalPageFile size 27101M (AvailPageFile size 11M)
current process WorkingSet (physical memory assigned to process): 11M, peak: 11M
current process commit charge ("private bytes"): 70M, peak: 194M

vm_info: Java HotSpot(TM) 64-Bit Server VM (21.0.2+13-LTS-58) for windows-amd64 JRE (21.0.2+13-LTS-58), built on 2024-01-05T18:32:24Z by "mach5one" with MS VC++ 17.1 (VS2022)

END.
